Parsing </Users/geri/Documents/bp-reduce/2014-03-01-13-13-02/reduced.77.bp> done.
Semantic check...  ok.
Note: Merging disabled (trace requested).
Transforming program for model-checker... done.
Configuration:
Eliminate dead variables: no (will be computed anyway)
Note: Automatic algorithm selection chose splitglobalscmc.
Renumbering statements...
Local types of: main
Strong locals: 
Weak locals: b3_l_eq_s, b4_0_eq_l, b5_1_eq_l
Life variable analysis...
Phase 1... done.
Phase 2... done.
Computing mod-ref-sets... done.
Computing read-write-sets... done.
Building BDD-program...
FIXME: in order to allow transformation into state-object we allocate more BDD variables...
Ordering BDD variables for concatenated layout...
Creating hybrid transition relations...Note: end_thread is treated as goto end
 done.
Starting counter abstraction symbolic simulation using BDDs...
(Abstract transitions are constructed on-the-fly).
Using static thread creation with 1 threads.
Variable Configuration:
Globals:
b0_s_le_2
------------------------------------11-----  1
b1
----------------------------------------11-  1
b2
--------------------------------------11---  1
------------------------------------111111-  1
Thread 0
Locals:
b3_l_eq_s$
------------11-----------------------------  1
b3_l_eq_s
------------------------11-----------------  1
b4_0_eq_l$
------11-----------------------------------  1
b4_0_eq_l
------------------------------11-----------  1
b5_1_eq_l$
11-----------------------------------------  1
b5_1_eq_l
------------------11-----------------------  1
11----11----11----11----11----11-----------  1
Thread 1
Locals:
b3_l_eq_s$
--------------11---------------------------  1
b3_l_eq_s
--------------------------11---------------  1
b4_0_eq_l$
--------11---------------------------------  1
b4_0_eq_l
--------------------------------11---------  1
b5_1_eq_l$
--11---------------------------------------  1
b5_1_eq_l
--------------------11---------------------  1
--11----11----11----11----11----11---------  1
Thread 2
Locals:
b3_l_eq_s$
----------------11-------------------------  1
b3_l_eq_s
----------------------------11-------------  1
b4_0_eq_l$
----------11-------------------------------  1
b4_0_eq_l
----------------------------------11-------  1
b5_1_eq_l$
----11-------------------------------------  1
b5_1_eq_l
----------------------11-------------------  1
----11----11----11----11----11----11-------  1
Step 0: reached states = 0, new states = 0, reached thread states = 0, new thread states = 0, peakNodeCount = 2044, reached size = 1, frontier size = 1, elapsed time: 00:00:00.000691
Step 1: reached states = 0, new states = 0, reached thread states = 0, new thread states = 0, peakNodeCount = 2044, reached size = 4, frontier size = 3, elapsed time: 00:00:00.001529
Step 2: reached states = 0, new states = 0, reached thread states = 0, new thread states = 0, peakNodeCount = 2044, reached size = 7, frontier size = 3, elapsed time: 00:00:00.002213
Step 3: reached states = 0, new states = 0, reached thread states = 0, new thread states = 0, peakNodeCount = 2044, reached size = 10, frontier size = 3, elapsed time: 00:00:00.002793
Step 4: reached states = 0, new states = 0, reached thread states = 0, new thread states = 0, peakNodeCount = 2044, reached size = 13, frontier size = 3, elapsed time: 00:00:00.003466
Step 5: reached states = 0, new states = 0, reached thread states = 0, new thread states = 0, peakNodeCount = 2044, reached size = 16, frontier size = 3, elapsed time: 00:00:00.004207
Step 6: reached states = 0, new states = 0, reached thread states = 0, new thread states = 0, peakNodeCount = 2044, reached size = 19, frontier size = 3, elapsed time: 00:00:00.004898
Step 7: reached states = 0, new states = 0, reached thread states = 0, new thread states = 0, peakNodeCount = 2044, reached size = 22, frontier size = 3, elapsed time: 00:00:00.005632
Step 8: reached states = 0, new states = 0, reached thread states = 0, new thread states = 0, peakNodeCount = 2044, reached size = 25, frontier size = 3, elapsed time: 00:00:00.006392
Step 9: reached states = 0, new states = 0, reached thread states = 0, new thread states = 0, peakNodeCount = 2044, reached size = 28, frontier size = 3, elapsed time: 00:00:00.007102
Note: Dynamic thread creation ignored due to static threads limit (ignored from now on)
Step 10: reached states = 0, new states = 0, reached thread states = 0, new thread states = 0, peakNodeCount = 2044, reached size = 31, frontier size = 3, elapsed time: 00:00:00.007803
Step 11: reached states = 0, new states = 0, reached thread states = 0, new thread states = 0, peakNodeCount = 3066, reached size = 34, frontier size = 3, elapsed time: 00:00:00.009283
Step 12: reached states = 0, new states = 0, reached thread states = 0, new thread states = 0, peakNodeCount = 3066, reached size = 40, frontier size = 6, elapsed time: 00:00:00.011363
Step 13: reached states = 0, new states = 0, reached thread states = 0, new thread states = 0, peakNodeCount = 3066, reached size = 47, frontier size = 7, elapsed time: 00:00:00.013791
Step 14: reached states = 0, new states = 0, reached thread states = 0, new thread states = 0, peakNodeCount = 3066, reached size = 54, frontier size = 7, elapsed time: 00:00:00.015387
Step 15: reached states = 0, new states = 0, reached thread states = 0, new thread states = 0, peakNodeCount = 3066, reached size = 61, frontier size = 7, elapsed time: 00:00:00.017012
Step 16: reached states = 0, new states = 0, reached thread states = 0, new thread states = 0, peakNodeCount = 3066, reached size = 68, frontier size = 7, elapsed time: 00:00:00.019755
Step 17: reached states = 0, new states = 0, reached thread states = 0, new thread states = 0, peakNodeCount = 3066, reached size = 78, frontier size = 10, elapsed time: 00:00:00.023029
Step 18: reached states = 0, new states = 0, reached thread states = 0, new thread states = 0, peakNodeCount = 3066, reached size = 89, frontier size = 11, elapsed time: 00:00:00.025548
Step 19: reached states = 0, new states = 0, reached thread states = 0, new thread states = 0, peakNodeCount = 4088, reached size = 102, frontier size = 13, elapsed time: 00:00:00.030665
Step 20: reached states = 0, new states = 0, reached thread states = 0, new thread states = 0, peakNodeCount = 8176, reached size = 131, frontier size = 29, elapsed time: 00:00:00.052059
Step 21: reached states = 0, new states = 0, reached thread states = 0, new thread states = 0, peakNodeCount = 12264, reached size = 196, frontier size = 65, elapsed time: 00:00:00.085241
Step 22: reached states = 0, new states = 0, reached thread states = 0, new thread states = 0, peakNodeCount = 16352, reached size = 256, frontier size = 60, elapsed time: 00:00:00.122970
Step 23: reached states = 0, new states = 0, reached thread states = 0, new thread states = 0, peakNodeCount = 18396, reached size = 318, frontier size = 62, elapsed time: 00:00:00.154105
Step 24: reached states = 0, new states = 0, reached thread states = 0, new thread states = 0, peakNodeCount = 18396, reached size = 370, frontier size = 52, elapsed time: 00:00:00.186473
Step 25: reached states = 0, new states = 0, reached thread states = 0, new thread states = 0, peakNodeCount = 18396, reached size = 453, frontier size = 83, elapsed time: 00:00:00.229787
Step 26: reached states = 0, new states = 0, reached thread states = 0, new thread states = 0, peakNodeCount = 19418, reached size = 521, frontier size = 68, elapsed time: 00:00:00.266835
Step 27: reached states = 0, new states = 0, reached thread states = 0, new thread states = 0, peakNodeCount = 19418, reached size = 588, frontier size = 67, elapsed time: 00:00:00.310026
Step 28: reached states = 0, new states = 0, reached thread states = 0, new thread states = 0, peakNodeCount = 21462, reached size = 686, frontier size = 98, elapsed time: 00:00:00.361781
Step 29: reached states = 0, new states = 0, reached thread states = 0, new thread states = 0, peakNodeCount = 23506, reached size = 766, frontier size = 87, elapsed time: 00:00:00.407442
Step 30: reached states = 0, new states = 0, reached thread states = 0, new thread states = 0, peakNodeCount = 27594, reached size = 817, frontier size = 60, elapsed time: 00:00:00.458753
Step 31: reached states = 0, new states = 0, reached thread states = 0, new thread states = 0, peakNodeCount = 33726, reached size = 856, frontier size = 51, elapsed time: 00:00:00.494797
Step 32: reached states = 0, new states = 0, reached thread states = 0, new thread states = 0, peakNodeCount = 34748, reached size = 892, frontier size = 48, elapsed time: 00:00:00.511687
Step 33: reached states = 0, new states = 0, reached thread states = 0, new thread states = 0, peakNodeCount = 34748, reached size = 922, frontier size = 35, elapsed time: 00:00:00.529728
Step 34: reached states = 0, new states = 0, reached thread states = 0, new thread states = 0, peakNodeCount = 34748, reached size = 947, frontier size = 35, elapsed time: 00:00:00.543628
Step 35: reached states = 0, new states = 0, reached thread states = 0, new thread states = 0, peakNodeCount = 34748, reached size = 978, frontier size = 41, elapsed time: 00:00:00.558836
Step 36: reached states = 0, new states = 0, reached thread states = 0, new thread states = 0, peakNodeCount = 34748, reached size = 1032, frontier size = 61, elapsed time: 00:00:00.584508
Step 37: reached states = 0, new states = 0, reached thread states = 0, new thread states = 0, peakNodeCount = 34748, reached size = 1082, frontier size = 56, elapsed time: 00:00:00.603669
Step 38: reached states = 0, new states = 0, reached thread states = 0, new thread states = 0, peakNodeCount = 34748, reached size = 1114, frontier size = 44, elapsed time: 00:00:00.625179
Step 39: reached states = 0, new states = 0, reached thread states = 0, new thread states = 0, peakNodeCount = 34748, reached size = 1145, frontier size = 50, elapsed time: 00:00:00.648274
Step 40: reached states = 0, new states = 0, reached thread states = 0, new thread states = 0, peakNodeCount = 34748, reached size = 1175, frontier size = 45, elapsed time: 00:00:00.665780
Step 41: reached states = 0, new states = 0, reached thread states = 0, new thread states = 0, peakNodeCount = 34748, reached size = 1185, frontier size = 25, elapsed time: 00:00:00.679960
Step 42: reached states = 0, new states = 0, reached thread states = 0, new thread states = 0, peakNodeCount = 34748, reached size = 1190, frontier size = 23, elapsed time: 00:00:00.689166
Step 43: reached states = 0, new states = 0, reached thread states = 0, new thread states = 0, peakNodeCount = 34748, reached size = 1190, frontier size = 0, elapsed time: 00:00:00.689379
Elapsed time: 00:00:00.689415
Note: Violation found (in the last reachable state).
.
Verifying trace...
.
Trace feasible.
.
Verifying trace...
..
Trace feasible.
.
Verifying trace...
...
Trace feasible.
.
Verifying trace...
....
Trace feasible.
.
Verifying trace...
.....
Trace feasible.
.
Verifying trace...
......
Trace feasible.
.
Verifying trace...
.......
Trace feasible.
.
Verifying trace...
........
Trace feasible.
.
Verifying trace...
.........
Trace feasible.
.
Verifying trace...
..........
Trace feasible.
.
Verifying trace...
...........
Trace feasible.
.
Verifying trace...
............
Trace feasible.
.
Verifying trace...
.............
Trace feasible.
.
Verifying trace...
..............
Trace feasible.
.
Verifying trace...
...............
Trace feasible.
.
Verifying trace...
................
Trace feasible.
.
Verifying trace...
.................
Trace feasible.
.
Verifying trace...
..................
Trace feasible.
.
Verifying trace...
...................
Trace feasible.
.
Verifying trace...
....................
Trace feasible.
.
Verifying trace...
.....................
Trace feasible.
.
Verifying trace...
......................
Trace feasible.
.
Verifying trace...
.......................
Trace feasible.
.
Verifying trace...
........................
Trace feasible.
.
Verifying trace...
.........................
Trace feasible.
.
Verifying trace...
..........................
Trace feasible.
.
Verifying trace...
...........................
Trace feasible.
.
Verifying trace...
............................
Trace feasible.
.
Verifying trace...
.............................
Trace feasible.
.
Verifying trace...
..............................
Trace feasible.
.
Verifying trace...
...............................
Trace feasible.
.
Verifying trace...
................................
Trace feasible.
.
Verifying trace...
.................................
Trace feasible.
.
Verifying trace...
..................................
Trace feasible.
.
Verifying trace...
...................................
Trace feasible.
.
Verifying trace...
....................................
Trace feasible.
.
Verifying trace...
.....................................
Trace feasible.
.
Verifying trace...
......................................
Trace feasible.
.
Verifying trace...
.......................................
Trace feasible.
.
Verifying trace...
........................................
Trace feasible.
.
Verifying trace...
.........................................
Trace feasible.
.
Verifying trace...
..........................................
Trace feasible.
**********************************************************
Trace
**********************************************************
TRACE t=0 PC1 b0_s_le_2=0 b1=0 b2=1 main::b3_l_eq_s=0 main::b4_0_eq_l=1 main::b5_1_eq_l=0 
TRACE t=0 PC2 b0_s_le_2=0 b1=0 b2=1 main::b3_l_eq_s=1 main::b4_0_eq_l=1 main::b5_1_eq_l=0 
TRACE t=0 l1 PC10 b0_s_le_2=0 b1=0 b2=0 main::b3_l_eq_s=1 main::b4_0_eq_l=1 main::b5_1_eq_l=0 
TRACE t=0 PC11 b0_s_le_2=0 b1=0 b2=0 main::b3_l_eq_s=1 main::b4_0_eq_l=1 main::b5_1_eq_l=0 
TRACE t=0 l5 PC39 b0_s_le_2=0 b1=0 b2=0 main::b3_l_eq_s=1 main::b4_0_eq_l=1 main::b5_1_eq_l=0 main::b3_l_eq_s=1 main::b4_0_eq_l=1 main::b5_1_eq_l=0 TAKEN=1
TRACE t=0 l1 PC10 b0_s_le_2=0 b1=0 b2=0 main::b3_l_eq_s=1 main::b4_0_eq_l=1 main::b5_1_eq_l=0 main::b3_l_eq_s=1 main::b4_0_eq_l=1 main::b5_1_eq_l=0 
TRACE t=0 PC11 b0_s_le_2=0 b1=0 b2=0 main::b3_l_eq_s=1 main::b4_0_eq_l=1 main::b5_1_eq_l=0 main::b3_l_eq_s=1 main::b4_0_eq_l=1 main::b5_1_eq_l=0 
TRACE t=0 l5 PC39 b0_s_le_2=0 b1=0 b2=0 main::b3_l_eq_s=1 main::b4_0_eq_l=1 main::b5_1_eq_l=0 main::b3_l_eq_s=1 main::b4_0_eq_l=1 main::b5_1_eq_l=0 main::b3_l_eq_s=1 main::b4_0_eq_l=1 main::b5_1_eq_l=0 TAKEN=1
TRACE t=0 l1 PC10 b0_s_le_2=0 b1=0 b2=0 main::b3_l_eq_s=1 main::b4_0_eq_l=1 main::b5_1_eq_l=0 main::b3_l_eq_s=1 main::b4_0_eq_l=1 main::b5_1_eq_l=0 main::b3_l_eq_s=1 main::b4_0_eq_l=1 main::b5_1_eq_l=0 
TRACE t=0 PC11 b0_s_le_2=0 b1=0 b2=0 main::b3_l_eq_s=1 main::b4_0_eq_l=1 main::b5_1_eq_l=0 main::b3_l_eq_s=1 main::b4_0_eq_l=1 main::b5_1_eq_l=0 main::b3_l_eq_s=1 main::b4_0_eq_l=1 main::b5_1_eq_l=0 
TRACE t=0 PC13 b0_s_le_2=0 b1=0 b2=0 main::b3_l_eq_s=1 main::b4_0_eq_l=1 main::b5_1_eq_l=0 main::b3_l_eq_s=1 main::b4_0_eq_l=1 main::b5_1_eq_l=0 main::b3_l_eq_s=1 main::b4_0_eq_l=1 main::b5_1_eq_l=0 
TRACE t=0 PC18 b0_s_le_2=0 b1=0 b2=0 main::b3_l_eq_s=0 main::b4_0_eq_l=1 main::b5_1_eq_l=0 main::b3_l_eq_s=1 main::b4_0_eq_l=1 main::b5_1_eq_l=0 main::b3_l_eq_s=1 main::b4_0_eq_l=1 main::b5_1_eq_l=0 TAKEN=1
TRACE t=0 b0_s_le_2=0 b1=0 b2=0 main::b3_l_eq_s=0 main::b4_0_eq_l=1 main::b5_1_eq_l=0 main::b3_l_eq_s=1 main::b4_0_eq_l=1 main::b5_1_eq_l=0 main::b3_l_eq_s=1 main::b4_0_eq_l=1 main::b5_1_eq_l=0 
TRACE t=0 b0_s_le_2=0 b1=0 b2=0 main::b3_l_eq_s=0 main::b4_0_eq_l=1 main::b5_1_eq_l=0 main::b3_l_eq_s=1 main::b4_0_eq_l=1 main::b5_1_eq_l=0 main::b3_l_eq_s=1 main::b4_0_eq_l=1 main::b5_1_eq_l=0 TAKEN=1
TRACE t=0 l2 PC23 b0_s_le_2=0 b1=0 b2=0 main::b3_l_eq_s=0 main::b4_0_eq_l=1 main::b5_1_eq_l=0 main::b3_l_eq_s=1 main::b4_0_eq_l=1 main::b5_1_eq_l=0 main::b3_l_eq_s=1 main::b4_0_eq_l=1 main::b5_1_eq_l=0 
TRACE t=0 PC29 b0_s_le_2=0 b1=0 b2=0 main::b3_l_eq_s=0 main::b4_0_eq_l=1 main::b5_1_eq_l=0 main::b3_l_eq_s=1 main::b4_0_eq_l=1 main::b5_1_eq_l=0 main::b3_l_eq_s=1 main::b4_0_eq_l=1 main::b5_1_eq_l=0 TAKEN=1
TRACE t=0 b0_s_le_2=0 b1=0 b2=0 main::b3_l_eq_s=0 main::b4_0_eq_l=1 main::b5_1_eq_l=0 main::b3_l_eq_s=1 main::b4_0_eq_l=1 main::b5_1_eq_l=0 main::b3_l_eq_s=1 main::b4_0_eq_l=1 main::b5_1_eq_l=0 
TRACE t=0 b0_s_le_2=0 b1=0 b2=0 main::b3_l_eq_s=0 main::b4_0_eq_l=1 main::b5_1_eq_l=0 main::b3_l_eq_s=1 main::b4_0_eq_l=1 main::b5_1_eq_l=0 main::b3_l_eq_s=1 main::b4_0_eq_l=1 main::b5_1_eq_l=0 TAKEN=1
TRACE t=0 l3 PC31 b0_s_le_2=0 b1=0 b2=0 main::b3_l_eq_s=0 main::b4_0_eq_l=1 main::b5_1_eq_l=0 main::b3_l_eq_s=1 main::b4_0_eq_l=1 main::b5_1_eq_l=0 main::b3_l_eq_s=1 main::b4_0_eq_l=1 main::b5_1_eq_l=0 
TRACE t=1 PC13 b0_s_le_2=0 b1=0 b2=0 main::b3_l_eq_s=1 main::b4_0_eq_l=1 main::b5_1_eq_l=0 main::b3_l_eq_s=0 main::b4_0_eq_l=1 main::b5_1_eq_l=0 main::b3_l_eq_s=0 main::b4_0_eq_l=1 main::b5_1_eq_l=0 
TRACE t=0 PC36 b0_s_le_2=0 b1=0 b2=0 main::b3_l_eq_s=1 main::b4_0_eq_l=1 main::b5_1_eq_l=0 main::b3_l_eq_s=0 main::b4_0_eq_l=1 main::b5_1_eq_l=0 main::b3_l_eq_s=0 main::b4_0_eq_l=1 main::b5_1_eq_l=0 
TRACE t=0 PC38 b0_s_le_2=0 b1=0 b2=1 main::b3_l_eq_s=1 main::b4_0_eq_l=1 main::b5_1_eq_l=0 main::b3_l_eq_s=0 main::b4_0_eq_l=1 main::b5_1_eq_l=0 main::b3_l_eq_s=0 main::b4_0_eq_l=1 main::b5_1_eq_l=0 
TRACE t=1 PC18 b0_s_le_2=0 b1=0 b2=1 main::b3_l_eq_s=1 main::b4_0_eq_l=1 main::b5_1_eq_l=0 main::b3_l_eq_s=0 main::b4_0_eq_l=1 main::b5_1_eq_l=0 main::b3_l_eq_s=0 main::b4_0_eq_l=1 main::b5_1_eq_l=0 TAKEN=1
TRACE t=1 b0_s_le_2=0 b1=0 b2=1 main::b3_l_eq_s=1 main::b4_0_eq_l=1 main::b5_1_eq_l=0 main::b3_l_eq_s=0 main::b4_0_eq_l=1 main::b5_1_eq_l=0 main::b3_l_eq_s=0 main::b4_0_eq_l=1 main::b5_1_eq_l=0 
TRACE t=1 b0_s_le_2=0 b1=0 b2=1 main::b3_l_eq_s=1 main::b4_0_eq_l=1 main::b5_1_eq_l=0 main::b3_l_eq_s=0 main::b4_0_eq_l=1 main::b5_1_eq_l=0 main::b3_l_eq_s=0 main::b4_0_eq_l=1 main::b5_1_eq_l=0 TAKEN=1
TRACE t=1 l2 PC23 b0_s_le_2=0 b1=0 b2=1 main::b3_l_eq_s=1 main::b4_0_eq_l=1 main::b5_1_eq_l=0 main::b3_l_eq_s=0 main::b4_0_eq_l=1 main::b5_1_eq_l=0 main::b3_l_eq_s=0 main::b4_0_eq_l=1 main::b5_1_eq_l=0 
TRACE t=1 PC29 b0_s_le_2=0 b1=0 b2=1 main::b3_l_eq_s=1 main::b4_0_eq_l=1 main::b5_1_eq_l=0 main::b3_l_eq_s=0 main::b4_0_eq_l=1 main::b5_1_eq_l=0 main::b3_l_eq_s=0 main::b4_0_eq_l=1 main::b5_1_eq_l=0 TAKEN=1
TRACE t=1 b0_s_le_2=0 b1=0 b2=1 main::b3_l_eq_s=1 main::b4_0_eq_l=1 main::b5_1_eq_l=0 main::b3_l_eq_s=0 main::b4_0_eq_l=1 main::b5_1_eq_l=0 main::b3_l_eq_s=0 main::b4_0_eq_l=1 main::b5_1_eq_l=0 
TRACE t=1 b0_s_le_2=0 b1=0 b2=1 main::b3_l_eq_s=1 main::b4_0_eq_l=1 main::b5_1_eq_l=0 main::b3_l_eq_s=0 main::b4_0_eq_l=1 main::b5_1_eq_l=0 main::b3_l_eq_s=0 main::b4_0_eq_l=1 main::b5_1_eq_l=0 TAKEN=1
TRACE t=1 l3 PC31 b0_s_le_2=0 b1=0 b2=1 main::b3_l_eq_s=1 main::b4_0_eq_l=1 main::b5_1_eq_l=0 main::b3_l_eq_s=0 main::b4_0_eq_l=1 main::b5_1_eq_l=0 main::b3_l_eq_s=0 main::b4_0_eq_l=1 main::b5_1_eq_l=0 
TRACE t=1 PC36 b0_s_le_2=1 b1=0 b2=1 main::b3_l_eq_s=0 main::b4_0_eq_l=1 main::b5_1_eq_l=0 main::b3_l_eq_s=1 main::b4_0_eq_l=1 main::b5_1_eq_l=0 main::b3_l_eq_s=1 main::b4_0_eq_l=1 main::b5_1_eq_l=0 
TRACE t=1 PC38 b0_s_le_2=1 b1=1 b2=1 main::b3_l_eq_s=0 main::b4_0_eq_l=1 main::b5_1_eq_l=0 main::b3_l_eq_s=1 main::b4_0_eq_l=1 main::b5_1_eq_l=0 main::b3_l_eq_s=1 main::b4_0_eq_l=1 main::b5_1_eq_l=0 
TRACE t=2 PC13 b0_s_le_2=1 b1=1 b2=1 main::b3_l_eq_s=0 main::b4_0_eq_l=1 main::b5_1_eq_l=0 main::b3_l_eq_s=1 main::b4_0_eq_l=1 main::b5_1_eq_l=0 main::b3_l_eq_s=1 main::b4_0_eq_l=1 main::b5_1_eq_l=0 
TRACE t=2 PC18 b0_s_le_2=1 b1=1 b2=1 main::b3_l_eq_s=0 main::b4_0_eq_l=1 main::b5_1_eq_l=0 main::b3_l_eq_s=1 main::b4_0_eq_l=1 main::b5_1_eq_l=0 main::b3_l_eq_s=1 main::b4_0_eq_l=1 main::b5_1_eq_l=1 TAKEN=0
TRACE t=2 b0_s_le_2=1 b1=1 b2=1 main::b3_l_eq_s=0 main::b4_0_eq_l=1 main::b5_1_eq_l=0 main::b3_l_eq_s=1 main::b4_0_eq_l=1 main::b5_1_eq_l=0 main::b3_l_eq_s=1 main::b4_0_eq_l=1 main::b5_1_eq_l=1 
TRACE t=2 b0_s_le_2=1 b1=1 b2=1 main::b3_l_eq_s=0 main::b4_0_eq_l=1 main::b5_1_eq_l=0 main::b3_l_eq_s=1 main::b4_0_eq_l=1 main::b5_1_eq_l=0 main::b3_l_eq_s=1 main::b4_0_eq_l=1 main::b5_1_eq_l=1 
TRACE t=2 PC19 b0_s_le_2=1 b1=1 b2=1 main::b3_l_eq_s=0 main::b4_0_eq_l=1 main::b5_1_eq_l=0 main::b3_l_eq_s=1 main::b4_0_eq_l=1 main::b5_1_eq_l=0 main::b3_l_eq_s=1 main::b4_0_eq_l=1 main::b5_1_eq_l=1 TAKEN=0
TRACE t=2 b0_s_le_2=1 b1=1 b2=1 main::b3_l_eq_s=0 main::b4_0_eq_l=1 main::b5_1_eq_l=0 main::b3_l_eq_s=1 main::b4_0_eq_l=1 main::b5_1_eq_l=0 main::b3_l_eq_s=1 main::b4_0_eq_l=1 main::b5_1_eq_l=1 
TRACE t=2 b0_s_le_2=1 b1=1 b2=1 main::b3_l_eq_s=0 main::b4_0_eq_l=1 main::b5_1_eq_l=0 main::b3_l_eq_s=1 main::b4_0_eq_l=1 main::b5_1_eq_l=0 main::b3_l_eq_s=1 main::b4_0_eq_l=1 main::b5_1_eq_l=1 
TRACE t=2 PC21 b0_s_le_2=1 b1=1 b2=1 main::b3_l_eq_s=0 main::b4_0_eq_l=1 main::b5_1_eq_l=0 main::b3_l_eq_s=1 main::b4_0_eq_l=1 main::b5_1_eq_l=0 main::b3_l_eq_s=1 main::b4_0_eq_l=1 main::b5_1_eq_l=1 TAKEN=0
TRACE t=2 b0_s_le_2=1 b1=1 b2=1 main::b3_l_eq_s=0 main::b4_0_eq_l=1 main::b5_1_eq_l=0 main::b3_l_eq_s=1 main::b4_0_eq_l=1 main::b5_1_eq_l=0 main::b3_l_eq_s=1 main::b4_0_eq_l=1 main::b5_1_eq_l=1 
TRACE t=2 b0_s_le_2=1 b1=1 b2=1 main::b3_l_eq_s=0 main::b4_0_eq_l=1 main::b5_1_eq_l=0 main::b3_l_eq_s=1 main::b4_0_eq_l=1 main::b5_1_eq_l=0 main::b3_l_eq_s=1 main::b4_0_eq_l=1 main::b5_1_eq_l=1 
TRACE t=2 PC22 b0_s_le_2=1 b1=1 b2=1 main::b3_l_eq_s=0 main::b4_0_eq_l=1 main::b5_1_eq_l=0 main::b3_l_eq_s=1 main::b4_0_eq_l=1 main::b5_1_eq_l=0 main::b3_l_eq_s=1 main::b4_0_eq_l=1 main::b5_1_eq_l=1 

Verifying trace...
..........................................
Trace feasible.
Elapsed time: 00:00:01.592018

VERIFICATION FAILED
