Parsing </Users/geri/Documents/bp-reduce/2014-03-01-13-13-02/reduced.45.bp> done.
Semantic check...  ok.
Note: Merging disabled (trace requested).
Transforming program for model-checker... done.
Configuration:
Eliminate dead variables: no (will be computed anyway)
Note: Automatic algorithm selection chose splitglobalscmc.
Renumbering statements...
Local types of: main
Strong locals: 
Weak locals: b3_l_eq_s, b4_0_eq_l, b5_1_eq_l
Life variable analysis...
Phase 1... done.
Phase 2... done.
Computing mod-ref-sets... done.
Computing read-write-sets... done.
Building BDD-program...
FIXME: in order to allow transformation into state-object we allocate more BDD variables...
Ordering BDD variables for concatenated layout...
Creating hybrid transition relations...Note: end_thread is treated as goto end
 done.
Starting counter abstraction symbolic simulation using BDDs...
(Abstract transitions are constructed on-the-fly).
Using static thread creation with 1 threads.
Variable Configuration:
Globals:
b0_s_le_2
------------------------------------11-----  1
b1
----------------------------------------11-  1
b2
--------------------------------------11---  1
------------------------------------111111-  1
Thread 0
Locals:
b3_l_eq_s$
------------11-----------------------------  1
b3_l_eq_s
------------------------11-----------------  1
b4_0_eq_l$
------11-----------------------------------  1
b4_0_eq_l
------------------------------11-----------  1
b5_1_eq_l$
11-----------------------------------------  1
b5_1_eq_l
------------------11-----------------------  1
11----11----11----11----11----11-----------  1
Thread 1
Locals:
b3_l_eq_s$
--------------11---------------------------  1
b3_l_eq_s
--------------------------11---------------  1
b4_0_eq_l$
--------11---------------------------------  1
b4_0_eq_l
--------------------------------11---------  1
b5_1_eq_l$
--11---------------------------------------  1
b5_1_eq_l
--------------------11---------------------  1
--11----11----11----11----11----11---------  1
Thread 2
Locals:
b3_l_eq_s$
----------------11-------------------------  1
b3_l_eq_s
----------------------------11-------------  1
b4_0_eq_l$
----------11-------------------------------  1
b4_0_eq_l
----------------------------------11-------  1
b5_1_eq_l$
----11-------------------------------------  1
b5_1_eq_l
----------------------11-------------------  1
----11----11----11----11----11----11-------  1
Step 0: reached states = 0, new states = 0, reached thread states = 0, new thread states = 0, peakNodeCount = 2044, reached size = 1, frontier size = 1, elapsed time: 00:00:00.000831
Step 1: reached states = 0, new states = 0, reached thread states = 0, new thread states = 0, peakNodeCount = 2044, reached size = 4, frontier size = 3, elapsed time: 00:00:00.001659
Step 2: reached states = 0, new states = 0, reached thread states = 0, new thread states = 0, peakNodeCount = 2044, reached size = 6, frontier size = 2, elapsed time: 00:00:00.002115
Step 3: reached states = 0, new states = 0, reached thread states = 0, new thread states = 0, peakNodeCount = 2044, reached size = 8, frontier size = 2, elapsed time: 00:00:00.002446
Step 4: reached states = 0, new states = 0, reached thread states = 0, new thread states = 0, peakNodeCount = 2044, reached size = 10, frontier size = 2, elapsed time: 00:00:00.002830
Step 5: reached states = 0, new states = 0, reached thread states = 0, new thread states = 0, peakNodeCount = 2044, reached size = 12, frontier size = 2, elapsed time: 00:00:00.003267
Step 6: reached states = 0, new states = 0, reached thread states = 0, new thread states = 0, peakNodeCount = 2044, reached size = 14, frontier size = 2, elapsed time: 00:00:00.003661
Step 7: reached states = 0, new states = 0, reached thread states = 0, new thread states = 0, peakNodeCount = 2044, reached size = 16, frontier size = 2, elapsed time: 00:00:00.004098
Step 8: reached states = 0, new states = 0, reached thread states = 0, new thread states = 0, peakNodeCount = 2044, reached size = 18, frontier size = 2, elapsed time: 00:00:00.004541
Step 9: reached states = 0, new states = 0, reached thread states = 0, new thread states = 0, peakNodeCount = 2044, reached size = 20, frontier size = 2, elapsed time: 00:00:00.004946
Note: Dynamic thread creation ignored due to static threads limit (ignored from now on)
Step 10: reached states = 0, new states = 0, reached thread states = 0, new thread states = 0, peakNodeCount = 2044, reached size = 22, frontier size = 2, elapsed time: 00:00:00.005350
Step 11: reached states = 0, new states = 0, reached thread states = 0, new thread states = 0, peakNodeCount = 3066, reached size = 29, frontier size = 7, elapsed time: 00:00:00.007727
Step 12: reached states = 0, new states = 0, reached thread states = 0, new thread states = 0, peakNodeCount = 4088, reached size = 48, frontier size = 19, elapsed time: 00:00:00.015110
Step 13: reached states = 0, new states = 0, reached thread states = 0, new thread states = 0, peakNodeCount = 6132, reached size = 78, frontier size = 30, elapsed time: 00:00:00.030157
Step 14: reached states = 0, new states = 0, reached thread states = 0, new thread states = 0, peakNodeCount = 6132, reached size = 111, frontier size = 33, elapsed time: 00:00:00.041480
Step 15: reached states = 0, new states = 0, reached thread states = 0, new thread states = 0, peakNodeCount = 6132, reached size = 144, frontier size = 33, elapsed time: 00:00:00.051925
Step 16: reached states = 0, new states = 0, reached thread states = 0, new thread states = 0, peakNodeCount = 6132, reached size = 181, frontier size = 37, elapsed time: 00:00:00.067380
Step 17: reached states = 0, new states = 0, reached thread states = 0, new thread states = 0, peakNodeCount = 6132, reached size = 238, frontier size = 57, elapsed time: 00:00:00.091811
Step 18: reached states = 0, new states = 0, reached thread states = 0, new thread states = 0, peakNodeCount = 6132, reached size = 310, frontier size = 72, elapsed time: 00:00:00.117978
Step 19: reached states = 0, new states = 0, reached thread states = 0, new thread states = 0, peakNodeCount = 9198, reached size = 373, frontier size = 63, elapsed time: 00:00:00.156539
Step 20: reached states = 0, new states = 0, reached thread states = 0, new thread states = 0, peakNodeCount = 16352, reached size = 482, frontier size = 109, elapsed time: 00:00:00.269719
Step 21: reached states = 0, new states = 0, reached thread states = 0, new thread states = 0, peakNodeCount = 36792, reached size = 735, frontier size = 253, elapsed time: 00:00:00.611018
Step 22: reached states = 0, new states = 0, reached thread states = 0, new thread states = 0, peakNodeCount = 36792, reached size = 1084, frontier size = 349, elapsed time: 00:00:01.051110
Step 23: reached states = 0, new states = 0, reached thread states = 0, new thread states = 0, peakNodeCount = 36792, reached size = 1445, frontier size = 361, elapsed time: 00:00:01.544887
Step 24: reached states = 0, new states = 0, reached thread states = 0, new thread states = 0, peakNodeCount = 36792, reached size = 1790, frontier size = 345, elapsed time: 00:00:02.057406
Step 25: reached states = 0, new states = 0, reached thread states = 0, new thread states = 0, peakNodeCount = 36792, reached size = 2247, frontier size = 457, elapsed time: 00:00:02.644707
Step 26: reached states = 0, new states = 0, reached thread states = 0, new thread states = 0, peakNodeCount = 37814, reached size = 2766, frontier size = 519, elapsed time: 00:00:03.311000
Step 27: reached states = 0, new states = 0, reached thread states = 0, new thread states = 0, peakNodeCount = 37814, reached size = 3248, frontier size = 482, elapsed time: 00:00:04.026450
Step 28: reached states = 0, new states = 0, reached thread states = 0, new thread states = 0, peakNodeCount = 38836, reached size = 3912, frontier size = 664, elapsed time: 00:00:04.920037
Step 29: reached states = 0, new states = 0, reached thread states = 0, new thread states = 0, peakNodeCount = 41902, reached size = 4648, frontier size = 742, elapsed time: 00:00:05.920640
Step 30: reached states = 0, new states = 0, reached thread states = 0, new thread states = 0, peakNodeCount = 47012, reached size = 5393, frontier size = 752, elapsed time: 00:00:07.212496
Step 31: reached states = 0, new states = 0, reached thread states = 0, new thread states = 0, peakNodeCount = 53144, reached size = 6085, frontier size = 705, elapsed time: 00:00:08.233074
Step 32: reached states = 0, new states = 0, reached thread states = 0, new thread states = 0, peakNodeCount = 53144, reached size = 6832, frontier size = 760, elapsed time: 00:00:09.354544
Step 33: reached states = 0, new states = 0, reached thread states = 0, new thread states = 0, peakNodeCount = 53144, reached size = 7609, frontier size = 784, elapsed time: 00:00:10.373358
Step 34: reached states = 0, new states = 0, reached thread states = 0, new thread states = 0, peakNodeCount = 53144, reached size = 8281, frontier size = 696, elapsed time: 00:00:11.519137
Step 35: reached states = 0, new states = 0, reached thread states = 0, new thread states = 0, peakNodeCount = 53144, reached size = 8971, frontier size = 714, elapsed time: 00:00:12.668087
Step 36: reached states = 0, new states = 0, reached thread states = 0, new thread states = 0, peakNodeCount = 53144, reached size = 9776, frontier size = 825, elapsed time: 00:00:13.781018
Step 37: reached states = 0, new states = 0, reached thread states = 0, new thread states = 0, peakNodeCount = 53144, reached size = 10418, frontier size = 664, elapsed time: 00:00:14.748536
Step 38: reached states = 0, new states = 0, reached thread states = 0, new thread states = 0, peakNodeCount = 53144, reached size = 10793, frontier size = 411, elapsed time: 00:00:15.603466
Step 39: reached states = 0, new states = 0, reached thread states = 0, new thread states = 0, peakNodeCount = 53144, reached size = 11128, frontier size = 382, elapsed time: 00:00:16.135166
Step 40: reached states = 0, new states = 0, reached thread states = 0, new thread states = 0, peakNodeCount = 53144, reached size = 11359, frontier size = 263, elapsed time: 00:00:16.542721
Step 41: reached states = 0, new states = 0, reached thread states = 0, new thread states = 0, peakNodeCount = 53144, reached size = 11513, frontier size = 185, elapsed time: 00:00:16.789271
Step 42: reached states = 0, new states = 0, reached thread states = 0, new thread states = 0, peakNodeCount = 53144, reached size = 11675, frontier size = 192, elapsed time: 00:00:16.978600
Step 43: reached states = 0, new states = 0, reached thread states = 0, new thread states = 0, peakNodeCount = 53144, reached size = 11675, frontier size = 0, elapsed time: 00:00:16.980577
Elapsed time: 00:00:16.980622
Note: Violation found (in the last reachable state).
.
Verifying trace...
.
Trace feasible.
.
Verifying trace...
..
Trace feasible.
.
Verifying trace...
...
Trace feasible.
.
Verifying trace...
....
Trace feasible.
.
Verifying trace...
.....
Trace feasible.
.
Verifying trace...
......
Trace feasible.
.
Verifying trace...
.......
Trace feasible.
.
Verifying trace...
........
Trace feasible.
.
Verifying trace...
.........
Trace feasible.
.
Verifying trace...
..........
Trace feasible.
.
Verifying trace...
...........
Trace feasible.
.
Verifying trace...
............
Trace feasible.
.
Verifying trace...
.............
Trace feasible.
.
Verifying trace...
..............
Trace feasible.
.
Verifying trace...
...............
Trace feasible.
.
Verifying trace...
................
Trace feasible.
.
Verifying trace...
.................
Trace feasible.
.
Verifying trace...
..................
Trace feasible.
.
Verifying trace...
...................
Trace feasible.
.
Verifying trace...
....................
Trace feasible.
.
Verifying trace...
.....................
Trace feasible.
.
Verifying trace...
......................
Trace feasible.
.
Verifying trace...
.......................
Trace feasible.
.
Verifying trace...
........................
Trace feasible.
.
Verifying trace...
.........................
Trace feasible.
.
Verifying trace...
..........................
Trace feasible.
.
Verifying trace...
...........................
Trace feasible.
.
Verifying trace...
............................
Trace feasible.
.
Verifying trace...
.............................
Trace feasible.
.
Verifying trace...
..............................
Trace feasible.
.
Verifying trace...
...............................
Trace feasible.
.
Verifying trace...
................................
Trace feasible.
.
Verifying trace...
.................................
Trace feasible.
.
Verifying trace...
..................................
Trace feasible.
.
Verifying trace...
...................................
Trace feasible.
.
Verifying trace...
....................................
Trace feasible.
.
Verifying trace...
.....................................
Trace feasible.
.
Verifying trace...
......................................
Trace feasible.
.
Verifying trace...
.......................................
Trace feasible.
.
Verifying trace...
........................................
Trace feasible.
.
Verifying trace...
.........................................
Trace feasible.
.
Verifying trace...
..........................................
Trace feasible.
**********************************************************
Trace
**********************************************************
TRACE t=0 PC1 b0_s_le_2=1 b1=1 b2=0 main::b3_l_eq_s=0 main::b4_0_eq_l=0 main::b5_1_eq_l=0 
TRACE t=0 PC2 b0_s_le_2=1 b1=1 b2=0 main::b3_l_eq_s=0 main::b4_0_eq_l=0 main::b5_1_eq_l=0 
TRACE t=0 l1 PC10 b0_s_le_2=1 b1=0 b2=0 main::b3_l_eq_s=0 main::b4_0_eq_l=0 main::b5_1_eq_l=0 
TRACE t=0 PC11 b0_s_le_2=1 b1=0 b2=0 main::b3_l_eq_s=0 main::b4_0_eq_l=0 main::b5_1_eq_l=0 
TRACE t=0 l5 PC39 b0_s_le_2=1 b1=0 b2=0 main::b3_l_eq_s=0 main::b4_0_eq_l=0 main::b5_1_eq_l=0 main::b3_l_eq_s=0 main::b4_0_eq_l=0 main::b5_1_eq_l=0 TAKEN=1
TRACE t=0 l1 PC10 b0_s_le_2=1 b1=0 b2=0 main::b3_l_eq_s=0 main::b4_0_eq_l=0 main::b5_1_eq_l=0 main::b3_l_eq_s=0 main::b4_0_eq_l=0 main::b5_1_eq_l=0 
TRACE t=0 PC11 b0_s_le_2=1 b1=0 b2=0 main::b3_l_eq_s=0 main::b4_0_eq_l=0 main::b5_1_eq_l=0 main::b3_l_eq_s=0 main::b4_0_eq_l=0 main::b5_1_eq_l=0 
TRACE t=0 l5 PC39 b0_s_le_2=1 b1=0 b2=0 main::b3_l_eq_s=0 main::b4_0_eq_l=0 main::b5_1_eq_l=0 main::b3_l_eq_s=0 main::b4_0_eq_l=0 main::b5_1_eq_l=0 main::b3_l_eq_s=0 main::b4_0_eq_l=0 main::b5_1_eq_l=0 TAKEN=1
TRACE t=0 l1 PC10 b0_s_le_2=1 b1=0 b2=0 main::b3_l_eq_s=0 main::b4_0_eq_l=0 main::b5_1_eq_l=0 main::b3_l_eq_s=0 main::b4_0_eq_l=0 main::b5_1_eq_l=0 main::b3_l_eq_s=0 main::b4_0_eq_l=0 main::b5_1_eq_l=0 
TRACE t=0 PC11 b0_s_le_2=1 b1=0 b2=0 main::b3_l_eq_s=0 main::b4_0_eq_l=0 main::b5_1_eq_l=0 main::b3_l_eq_s=0 main::b4_0_eq_l=0 main::b5_1_eq_l=0 main::b3_l_eq_s=0 main::b4_0_eq_l=0 main::b5_1_eq_l=0 
TRACE t=0 PC13 b0_s_le_2=1 b1=0 b2=0 main::b3_l_eq_s=0 main::b4_0_eq_l=0 main::b5_1_eq_l=0 main::b3_l_eq_s=0 main::b4_0_eq_l=0 main::b5_1_eq_l=0 main::b3_l_eq_s=0 main::b4_0_eq_l=0 main::b5_1_eq_l=0 
TRACE t=1 PC13 b0_s_le_2=1 b1=0 b2=0 main::b3_l_eq_s=0 main::b4_0_eq_l=0 main::b5_1_eq_l=1 main::b3_l_eq_s=0 main::b4_0_eq_l=0 main::b5_1_eq_l=0 main::b3_l_eq_s=0 main::b4_0_eq_l=0 main::b5_1_eq_l=0 
TRACE t=0 PC18 b0_s_le_2=1 b1=0 b2=0 main::b3_l_eq_s=0 main::b4_0_eq_l=0 main::b5_1_eq_l=1 main::b3_l_eq_s=0 main::b4_0_eq_l=1 main::b5_1_eq_l=0 main::b3_l_eq_s=0 main::b4_0_eq_l=0 main::b5_1_eq_l=0 TAKEN=1
TRACE t=0 b0_s_le_2=1 b1=0 b2=0 main::b3_l_eq_s=0 main::b4_0_eq_l=0 main::b5_1_eq_l=1 main::b3_l_eq_s=0 main::b4_0_eq_l=1 main::b5_1_eq_l=0 main::b3_l_eq_s=0 main::b4_0_eq_l=0 main::b5_1_eq_l=0 
TRACE t=0 b0_s_le_2=1 b1=0 b2=0 main::b3_l_eq_s=0 main::b4_0_eq_l=0 main::b5_1_eq_l=1 main::b3_l_eq_s=0 main::b4_0_eq_l=1 main::b5_1_eq_l=0 main::b3_l_eq_s=0 main::b4_0_eq_l=0 main::b5_1_eq_l=0 TAKEN=1
TRACE t=0 l2 PC23 b0_s_le_2=1 b1=0 b2=0 main::b3_l_eq_s=0 main::b4_0_eq_l=0 main::b5_1_eq_l=1 main::b3_l_eq_s=0 main::b4_0_eq_l=1 main::b5_1_eq_l=0 main::b3_l_eq_s=0 main::b4_0_eq_l=0 main::b5_1_eq_l=0 
TRACE t=0 PC29 b0_s_le_2=1 b1=0 b2=0 main::b3_l_eq_s=0 main::b4_0_eq_l=0 main::b5_1_eq_l=1 main::b3_l_eq_s=0 main::b4_0_eq_l=1 main::b5_1_eq_l=0 main::b3_l_eq_s=0 main::b4_0_eq_l=0 main::b5_1_eq_l=0 TAKEN=1
TRACE t=0 b0_s_le_2=1 b1=0 b2=0 main::b3_l_eq_s=0 main::b4_0_eq_l=0 main::b5_1_eq_l=1 main::b3_l_eq_s=0 main::b4_0_eq_l=1 main::b5_1_eq_l=0 main::b3_l_eq_s=0 main::b4_0_eq_l=0 main::b5_1_eq_l=0 
TRACE t=0 b0_s_le_2=1 b1=0 b2=0 main::b3_l_eq_s=0 main::b4_0_eq_l=0 main::b5_1_eq_l=1 main::b3_l_eq_s=0 main::b4_0_eq_l=1 main::b5_1_eq_l=0 main::b3_l_eq_s=0 main::b4_0_eq_l=0 main::b5_1_eq_l=0 TAKEN=1
TRACE t=0 l3 PC31 b0_s_le_2=1 b1=0 b2=0 main::b3_l_eq_s=0 main::b4_0_eq_l=0 main::b5_1_eq_l=1 main::b3_l_eq_s=0 main::b4_0_eq_l=1 main::b5_1_eq_l=0 main::b3_l_eq_s=0 main::b4_0_eq_l=0 main::b5_1_eq_l=0 
TRACE t=0 PC36 b0_s_le_2=0 b1=0 b2=0 main::b3_l_eq_s=1 main::b4_0_eq_l=0 main::b5_1_eq_l=1 main::b3_l_eq_s=0 main::b4_0_eq_l=1 main::b5_1_eq_l=0 main::b3_l_eq_s=0 main::b4_0_eq_l=0 main::b5_1_eq_l=0 
TRACE t=0 PC38 b0_s_le_2=0 b1=0 b2=1 main::b3_l_eq_s=1 main::b4_0_eq_l=0 main::b5_1_eq_l=1 main::b3_l_eq_s=0 main::b4_0_eq_l=1 main::b5_1_eq_l=0 main::b3_l_eq_s=0 main::b4_0_eq_l=0 main::b5_1_eq_l=0 
TRACE t=1 PC18 b0_s_le_2=0 b1=0 b2=1 main::b3_l_eq_s=1 main::b4_0_eq_l=0 main::b5_1_eq_l=1 main::b3_l_eq_s=0 main::b4_0_eq_l=1 main::b5_1_eq_l=0 main::b3_l_eq_s=0 main::b4_0_eq_l=0 main::b5_1_eq_l=0 TAKEN=1
TRACE t=1 b0_s_le_2=0 b1=0 b2=1 main::b3_l_eq_s=1 main::b4_0_eq_l=0 main::b5_1_eq_l=1 main::b3_l_eq_s=0 main::b4_0_eq_l=1 main::b5_1_eq_l=0 main::b3_l_eq_s=0 main::b4_0_eq_l=0 main::b5_1_eq_l=0 
TRACE t=1 b0_s_le_2=0 b1=0 b2=1 main::b3_l_eq_s=1 main::b4_0_eq_l=0 main::b5_1_eq_l=1 main::b3_l_eq_s=0 main::b4_0_eq_l=1 main::b5_1_eq_l=0 main::b3_l_eq_s=0 main::b4_0_eq_l=0 main::b5_1_eq_l=0 TAKEN=1
TRACE t=1 l2 PC23 b0_s_le_2=0 b1=0 b2=1 main::b3_l_eq_s=1 main::b4_0_eq_l=0 main::b5_1_eq_l=1 main::b3_l_eq_s=0 main::b4_0_eq_l=1 main::b5_1_eq_l=0 main::b3_l_eq_s=0 main::b4_0_eq_l=0 main::b5_1_eq_l=0 
TRACE t=1 PC29 b0_s_le_2=0 b1=0 b2=1 main::b3_l_eq_s=1 main::b4_0_eq_l=0 main::b5_1_eq_l=1 main::b3_l_eq_s=0 main::b4_0_eq_l=1 main::b5_1_eq_l=0 main::b3_l_eq_s=0 main::b4_0_eq_l=0 main::b5_1_eq_l=0 TAKEN=1
TRACE t=1 b0_s_le_2=0 b1=0 b2=1 main::b3_l_eq_s=1 main::b4_0_eq_l=0 main::b5_1_eq_l=1 main::b3_l_eq_s=0 main::b4_0_eq_l=1 main::b5_1_eq_l=0 main::b3_l_eq_s=0 main::b4_0_eq_l=0 main::b5_1_eq_l=0 
TRACE t=1 b0_s_le_2=0 b1=0 b2=1 main::b3_l_eq_s=1 main::b4_0_eq_l=0 main::b5_1_eq_l=1 main::b3_l_eq_s=0 main::b4_0_eq_l=1 main::b5_1_eq_l=0 main::b3_l_eq_s=0 main::b4_0_eq_l=0 main::b5_1_eq_l=0 TAKEN=1
TRACE t=1 l3 PC31 b0_s_le_2=0 b1=0 b2=1 main::b3_l_eq_s=1 main::b4_0_eq_l=0 main::b5_1_eq_l=1 main::b3_l_eq_s=0 main::b4_0_eq_l=1 main::b5_1_eq_l=0 main::b3_l_eq_s=0 main::b4_0_eq_l=0 main::b5_1_eq_l=0 
TRACE t=1 PC36 b0_s_le_2=1 b1=0 b2=1 main::b3_l_eq_s=0 main::b4_0_eq_l=0 main::b5_1_eq_l=1 main::b3_l_eq_s=0 main::b4_0_eq_l=1 main::b5_1_eq_l=0 main::b3_l_eq_s=0 main::b4_0_eq_l=0 main::b5_1_eq_l=0 
TRACE t=1 PC38 b0_s_le_2=1 b1=1 b2=1 main::b3_l_eq_s=0 main::b4_0_eq_l=0 main::b5_1_eq_l=1 main::b3_l_eq_s=0 main::b4_0_eq_l=1 main::b5_1_eq_l=0 main::b3_l_eq_s=0 main::b4_0_eq_l=0 main::b5_1_eq_l=0 
TRACE t=2 PC13 b0_s_le_2=1 b1=1 b2=1 main::b3_l_eq_s=0 main::b4_0_eq_l=0 main::b5_1_eq_l=1 main::b3_l_eq_s=0 main::b4_0_eq_l=1 main::b5_1_eq_l=0 main::b3_l_eq_s=0 main::b4_0_eq_l=0 main::b5_1_eq_l=0 
TRACE t=2 PC18 b0_s_le_2=1 b1=1 b2=1 main::b3_l_eq_s=0 main::b4_0_eq_l=0 main::b5_1_eq_l=1 main::b3_l_eq_s=0 main::b4_0_eq_l=1 main::b5_1_eq_l=0 main::b3_l_eq_s=1 main::b4_0_eq_l=1 main::b5_1_eq_l=1 TAKEN=0
TRACE t=2 b0_s_le_2=1 b1=1 b2=1 main::b3_l_eq_s=0 main::b4_0_eq_l=0 main::b5_1_eq_l=1 main::b3_l_eq_s=0 main::b4_0_eq_l=1 main::b5_1_eq_l=0 main::b3_l_eq_s=1 main::b4_0_eq_l=1 main::b5_1_eq_l=1 
TRACE t=2 b0_s_le_2=1 b1=1 b2=1 main::b3_l_eq_s=0 main::b4_0_eq_l=0 main::b5_1_eq_l=1 main::b3_l_eq_s=0 main::b4_0_eq_l=1 main::b5_1_eq_l=0 main::b3_l_eq_s=1 main::b4_0_eq_l=1 main::b5_1_eq_l=1 
TRACE t=2 PC19 b0_s_le_2=1 b1=1 b2=1 main::b3_l_eq_s=0 main::b4_0_eq_l=0 main::b5_1_eq_l=1 main::b3_l_eq_s=0 main::b4_0_eq_l=1 main::b5_1_eq_l=0 main::b3_l_eq_s=1 main::b4_0_eq_l=1 main::b5_1_eq_l=1 TAKEN=0
TRACE t=2 b0_s_le_2=1 b1=1 b2=1 main::b3_l_eq_s=0 main::b4_0_eq_l=0 main::b5_1_eq_l=1 main::b3_l_eq_s=0 main::b4_0_eq_l=1 main::b5_1_eq_l=0 main::b3_l_eq_s=1 main::b4_0_eq_l=1 main::b5_1_eq_l=1 
TRACE t=2 b0_s_le_2=1 b1=1 b2=1 main::b3_l_eq_s=0 main::b4_0_eq_l=0 main::b5_1_eq_l=1 main::b3_l_eq_s=0 main::b4_0_eq_l=1 main::b5_1_eq_l=0 main::b3_l_eq_s=1 main::b4_0_eq_l=1 main::b5_1_eq_l=1 
TRACE t=2 PC21 b0_s_le_2=1 b1=1 b2=1 main::b3_l_eq_s=0 main::b4_0_eq_l=0 main::b5_1_eq_l=1 main::b3_l_eq_s=0 main::b4_0_eq_l=1 main::b5_1_eq_l=0 main::b3_l_eq_s=1 main::b4_0_eq_l=1 main::b5_1_eq_l=1 TAKEN=0
TRACE t=2 b0_s_le_2=1 b1=1 b2=1 main::b3_l_eq_s=0 main::b4_0_eq_l=0 main::b5_1_eq_l=1 main::b3_l_eq_s=0 main::b4_0_eq_l=1 main::b5_1_eq_l=0 main::b3_l_eq_s=1 main::b4_0_eq_l=1 main::b5_1_eq_l=1 
TRACE t=2 b0_s_le_2=1 b1=1 b2=1 main::b3_l_eq_s=0 main::b4_0_eq_l=0 main::b5_1_eq_l=1 main::b3_l_eq_s=0 main::b4_0_eq_l=1 main::b5_1_eq_l=0 main::b3_l_eq_s=1 main::b4_0_eq_l=1 main::b5_1_eq_l=1 
TRACE t=2 PC22 b0_s_le_2=1 b1=1 b2=1 main::b3_l_eq_s=0 main::b4_0_eq_l=0 main::b5_1_eq_l=1 main::b3_l_eq_s=0 main::b4_0_eq_l=1 main::b5_1_eq_l=0 main::b3_l_eq_s=1 main::b4_0_eq_l=1 main::b5_1_eq_l=1 

Verifying trace...
..........................................
Trace feasible.
Elapsed time: 00:00:18.329895

VERIFICATION FAILED
