Parsing </Users/geri/Documents/bp-reduce/2014-03-01-13-13-02/reduced.182.bp> done.
Semantic check...  ok.
Note: Merging disabled (trace requested).
Transforming program for model-checker... done.
Configuration:
Eliminate dead variables: no (will be computed anyway)
Note: Automatic algorithm selection chose splitglobalscmc.
Renumbering statements...
Local types of: main
Strong locals: b5_1_eq_l
Weak locals: b3_l_eq_s, b4_0_eq_l
Life variable analysis...
Phase 1... done.
Phase 2... done.
Computing mod-ref-sets... done.
Computing read-write-sets... done.
Building BDD-program...
FIXME: in order to allow transformation into state-object we allocate more BDD variables...
Ordering BDD variables for concatenated layout...
Creating hybrid transition relations...Note: end_thread is treated as goto end
 done.
Starting counter abstraction symbolic simulation using BDDs...
(Abstract transitions are constructed on-the-fly).
Using static thread creation with 1 threads.
Variable Configuration:
Globals:
b0_s_le_2
11----------------------------------------  1
b1
----------------------------------11------  1
b2
--------------------------------11--------  1
11------------------------------1111------  1
Thread 0
Locals:
b3_l_eq_s$
--------------------11--------------------  1
b3_l_eq_s
--------------11--------------------------  1
b4_0_eq_l$
--------------------------11--------------  1
b4_0_eq_l
--11--------------------------------------  1
b5_1_eq_l$
------------------------------------11----  1
b5_1_eq_l
--------11--------------------------------  1
--11----11----11----11----11--------11----  1
Thread 1
Locals:
b3_l_eq_s$
----------------------11------------------  1
b3_l_eq_s
----------------11------------------------  1
b4_0_eq_l$
----------------------------11------------  1
b4_0_eq_l
----11------------------------------------  1
b5_1_eq_l$
--------------------------------------11--  1
b5_1_eq_l
----------11------------------------------  1
----11----11----11----11----11--------11--  1
Thread 2
Locals:
b3_l_eq_s$
------------------------11----------------  1
b3_l_eq_s
------------------11----------------------  1
b4_0_eq_l$
------------------------------11----------  1
b4_0_eq_l
------11----------------------------------  1
b5_1_eq_l$
----------------------------------------11  1
b5_1_eq_l
------------11----------------------------  1
------11----11----11----11----11--------11  1
Step 0: reached states = 0, new states = 0, reached thread states = 0, new thread states = 0, peakNodeCount = 2044, reached size = 1, frontier size = 1, elapsed time: 00:00:00.000952
Step 1: reached states = 0, new states = 0, reached thread states = 0, new thread states = 0, peakNodeCount = 2044, reached size = 4, frontier size = 3, elapsed time: 00:00:00.001789
Step 2: reached states = 0, new states = 0, reached thread states = 0, new thread states = 0, peakNodeCount = 2044, reached size = 7, frontier size = 3, elapsed time: 00:00:00.002465
Step 3: reached states = 0, new states = 0, reached thread states = 0, new thread states = 0, peakNodeCount = 2044, reached size = 10, frontier size = 3, elapsed time: 00:00:00.003023
Step 4: reached states = 0, new states = 0, reached thread states = 0, new thread states = 0, peakNodeCount = 2044, reached size = 13, frontier size = 3, elapsed time: 00:00:00.003668
Step 5: reached states = 0, new states = 0, reached thread states = 0, new thread states = 0, peakNodeCount = 2044, reached size = 16, frontier size = 3, elapsed time: 00:00:00.004385
Step 6: reached states = 0, new states = 0, reached thread states = 0, new thread states = 0, peakNodeCount = 2044, reached size = 19, frontier size = 3, elapsed time: 00:00:00.005067
Step 7: reached states = 0, new states = 0, reached thread states = 0, new thread states = 0, peakNodeCount = 2044, reached size = 22, frontier size = 3, elapsed time: 00:00:00.005780
Step 8: reached states = 0, new states = 0, reached thread states = 0, new thread states = 0, peakNodeCount = 2044, reached size = 25, frontier size = 3, elapsed time: 00:00:00.006510
Step 9: reached states = 0, new states = 0, reached thread states = 0, new thread states = 0, peakNodeCount = 2044, reached size = 28, frontier size = 3, elapsed time: 00:00:00.007220
Note: Dynamic thread creation ignored due to static threads limit (ignored from now on)
Step 10: reached states = 0, new states = 0, reached thread states = 0, new thread states = 0, peakNodeCount = 2044, reached size = 31, frontier size = 3, elapsed time: 00:00:00.007885
Step 11: reached states = 0, new states = 0, reached thread states = 0, new thread states = 0, peakNodeCount = 2044, reached size = 40, frontier size = 9, elapsed time: 00:00:00.010409
Step 12: reached states = 0, new states = 0, reached thread states = 0, new thread states = 0, peakNodeCount = 2044, reached size = 49, frontier size = 9, elapsed time: 00:00:00.013351
Step 13: reached states = 0, new states = 0, reached thread states = 0, new thread states = 0, peakNodeCount = 2044, reached size = 58, frontier size = 9, elapsed time: 00:00:00.016051
Step 14: reached states = 0, new states = 0, reached thread states = 0, new thread states = 0, peakNodeCount = 2044, reached size = 67, frontier size = 9, elapsed time: 00:00:00.018765
Step 15: reached states = 0, new states = 0, reached thread states = 0, new thread states = 0, peakNodeCount = 2044, reached size = 88, frontier size = 21, elapsed time: 00:00:00.027205
Step 16: reached states = 0, new states = 0, reached thread states = 0, new thread states = 0, peakNodeCount = 2044, reached size = 109, frontier size = 21, elapsed time: 00:00:00.034818
Step 17: reached states = 0, new states = 0, reached thread states = 0, new thread states = 0, peakNodeCount = 2044, reached size = 130, frontier size = 21, elapsed time: 00:00:00.042428
Step 18: reached states = 0, new states = 0, reached thread states = 0, new thread states = 0, peakNodeCount = 2044, reached size = 151, frontier size = 21, elapsed time: 00:00:00.048436
Step 19: reached states = 0, new states = 0, reached thread states = 0, new thread states = 0, peakNodeCount = 2044, reached size = 197, frontier size = 46, elapsed time: 00:00:00.066911
Step 20: reached states = 0, new states = 0, reached thread states = 0, new thread states = 0, peakNodeCount = 2044, reached size = 243, frontier size = 46, elapsed time: 00:00:00.082637
Step 21: reached states = 0, new states = 0, reached thread states = 0, new thread states = 0, peakNodeCount = 2044, reached size = 289, frontier size = 46, elapsed time: 00:00:00.100063
Step 22: reached states = 0, new states = 0, reached thread states = 0, new thread states = 0, peakNodeCount = 4088, reached size = 333, frontier size = 44, elapsed time: 00:00:00.127329
Step 23: reached states = 0, new states = 0, reached thread states = 0, new thread states = 0, peakNodeCount = 6132, reached size = 411, frontier size = 78, elapsed time: 00:00:00.162929
Step 24: reached states = 0, new states = 0, reached thread states = 0, new thread states = 0, peakNodeCount = 6132, reached size = 489, frontier size = 78, elapsed time: 00:00:00.195026
Step 25: reached states = 0, new states = 0, reached thread states = 0, new thread states = 0, peakNodeCount = 6132, reached size = 547, frontier size = 58, elapsed time: 00:00:00.224645
Step 26: reached states = 0, new states = 0, reached thread states = 0, new thread states = 0, peakNodeCount = 9198, reached size = 610, frontier size = 63, elapsed time: 00:00:00.266613
Step 27: reached states = 0, new states = 0, reached thread states = 0, new thread states = 0, peakNodeCount = 11242, reached size = 712, frontier size = 102, elapsed time: 00:00:00.313578
Step 28: reached states = 0, new states = 0, reached thread states = 0, new thread states = 0, peakNodeCount = 11242, reached size = 807, frontier size = 95, elapsed time: 00:00:00.351672
Step 29: reached states = 0, new states = 0, reached thread states = 0, new thread states = 0, peakNodeCount = 11242, reached size = 878, frontier size = 71, elapsed time: 00:00:00.388878
Step 30: reached states = 0, new states = 0, reached thread states = 0, new thread states = 0, peakNodeCount = 12264, reached size = 967, frontier size = 89, elapsed time: 00:00:00.442936
Step 31: reached states = 0, new states = 0, reached thread states = 0, new thread states = 0, peakNodeCount = 14308, reached size = 1096, frontier size = 129, elapsed time: 00:00:00.508907
Step 32: reached states = 0, new states = 0, reached thread states = 0, new thread states = 0, peakNodeCount = 14308, reached size = 1205, frontier size = 109, elapsed time: 00:00:00.553932
Step 33: reached states = 0, new states = 0, reached thread states = 0, new thread states = 0, peakNodeCount = 18396, reached size = 1289, frontier size = 84, elapsed time: 00:00:00.627461
Step 34: reached states = 0, new states = 0, reached thread states = 0, new thread states = 0, peakNodeCount = 22484, reached size = 1396, frontier size = 107, elapsed time: 00:00:00.686945
Step 35: reached states = 0, new states = 0, reached thread states = 0, new thread states = 0, peakNodeCount = 25550, reached size = 1520, frontier size = 124, elapsed time: 00:00:00.756332
Step 36: reached states = 0, new states = 0, reached thread states = 0, new thread states = 0, peakNodeCount = 26572, reached size = 1618, frontier size = 98, elapsed time: 00:00:00.808631
Step 37: reached states = 0, new states = 0, reached thread states = 0, new thread states = 0, peakNodeCount = 29638, reached size = 1717, frontier size = 99, elapsed time: 00:00:00.869204
Step 38: reached states = 0, new states = 0, reached thread states = 0, new thread states = 0, peakNodeCount = 31682, reached size = 1828, frontier size = 111, elapsed time: 00:00:00.933109
Step 39: reached states = 0, new states = 0, reached thread states = 0, new thread states = 0, peakNodeCount = 33726, reached size = 1944, frontier size = 116, elapsed time: 00:00:00.994208
Step 40: reached states = 0, new states = 0, reached thread states = 0, new thread states = 0, peakNodeCount = 33726, reached size = 2032, frontier size = 88, elapsed time: 00:00:01.040653
Step 41: reached states = 0, new states = 0, reached thread states = 0, new thread states = 0, peakNodeCount = 34748, reached size = 2126, frontier size = 94, elapsed time: 00:00:01.096517
Step 42: reached states = 0, new states = 0, reached thread states = 0, new thread states = 0, peakNodeCount = 34748, reached size = 2228, frontier size = 102, elapsed time: 00:00:01.147893
Step 43: reached states = 0, new states = 0, reached thread states = 0, new thread states = 0, peakNodeCount = 34748, reached size = 2323, frontier size = 95, elapsed time: 00:00:01.201973
Step 44: reached states = 0, new states = 0, reached thread states = 0, new thread states = 0, peakNodeCount = 35770, reached size = 2397, frontier size = 74, elapsed time: 00:00:01.251990
Step 45: reached states = 0, new states = 0, reached thread states = 0, new thread states = 0, peakNodeCount = 37814, reached size = 2488, frontier size = 91, elapsed time: 00:00:01.319582
Step 46: reached states = 0, new states = 0, reached thread states = 0, new thread states = 0, peakNodeCount = 40880, reached size = 2568, frontier size = 80, elapsed time: 00:00:01.386769
Step 47: reached states = 0, new states = 0, reached thread states = 0, new thread states = 0, peakNodeCount = 41902, reached size = 2627, frontier size = 59, elapsed time: 00:00:01.457668
Step 48: reached states = 0, new states = 0, reached thread states = 0, new thread states = 0, peakNodeCount = 41902, reached size = 2686, frontier size = 59, elapsed time: 00:00:01.505863
Step 49: reached states = 0, new states = 0, reached thread states = 0, new thread states = 0, peakNodeCount = 41902, reached size = 2720, frontier size = 34, elapsed time: 00:00:01.551215
Step 50: reached states = 0, new states = 0, reached thread states = 0, new thread states = 0, peakNodeCount = 41902, reached size = 2737, frontier size = 17, elapsed time: 00:00:01.565836
Step 51: reached states = 0, new states = 0, reached thread states = 0, new thread states = 0, peakNodeCount = 41902, reached size = 2754, frontier size = 17, elapsed time: 00:00:01.576610
Step 52: reached states = 0, new states = 0, reached thread states = 0, new thread states = 0, peakNodeCount = 41902, reached size = 2770, frontier size = 16, elapsed time: 00:00:01.582517
Step 53: reached states = 0, new states = 0, reached thread states = 0, new thread states = 0, peakNodeCount = 41902, reached size = 2770, frontier size = 0, elapsed time: 00:00:01.582655
Elapsed time: 00:00:01.582699
Elapsed time: 00:00:01.582741

VERIFICATION SUCCESSFUL
