Parsing </Users/geri/Documents/bp-reduce/2014-03-02-15-21-26/reduced.193.bp> done.
Semantic check...  ok.
Note: Merging disabled (trace requested).
Transforming program for model-checker... done.
Configuration:
Eliminate dead variables: no (will be computed anyway)
Note: Automatic algorithm selection chose splitglobalscmc.
Renumbering statements...
Local types of: main
Strong locals: b4_0_eq_l, b5_1_eq_l
Weak locals: b3_l_eq_s
Life variable analysis...
Phase 1... done.
Phase 2... done.
Computing mod-ref-sets... done.
Computing read-write-sets... done.
Building BDD-program...
FIXME: in order to allow transformation into state-object we allocate more BDD variables...
Ordering BDD variables for concatenated layout...
Creating hybrid transition relations...Note: end_thread is treated as goto end
 done.
Starting counter abstraction symbolic simulation using BDDs...
(Abstract transitions are constructed on-the-fly).
Using static thread creation with 1 threads.
Variable Configuration:
Globals:
b0_s_le_2
11----------------------------------------  1
b1
--------------------------11--------------  1
b2
----------------------------11------------  1
11------------------------1111------------  1
Thread 0
Locals:
b3_l_eq_s$
--------------------11--------------------  1
b3_l_eq_s
--------------11--------------------------  1
b4_0_eq_l$
------------------------------11----------  1
b4_0_eq_l
--11--------------------------------------  1
b5_1_eq_l$
------------------------------------11----  1
b5_1_eq_l
--------11--------------------------------  1
--11----11----11----11--------11----11----  1
Thread 1
Locals:
b3_l_eq_s$
----------------------11------------------  1
b3_l_eq_s
----------------11------------------------  1
b4_0_eq_l$
--------------------------------11--------  1
b4_0_eq_l
----11------------------------------------  1
b5_1_eq_l$
--------------------------------------11--  1
b5_1_eq_l
----------11------------------------------  1
----11----11----11----11--------11----11--  1
Thread 2
Locals:
b3_l_eq_s$
------------------------11----------------  1
b3_l_eq_s
------------------11----------------------  1
b4_0_eq_l$
----------------------------------11------  1
b4_0_eq_l
------11----------------------------------  1
b5_1_eq_l$
----------------------------------------11  1
b5_1_eq_l
------------11----------------------------  1
------11----11----11----11--------11----11  1
Step 0: reached states = 0, new states = 0, reached thread states = 0, new thread states = 0, peakNodeCount = 1022, reached size = 1, frontier size = 1, elapsed time: 00:00:00.000796
Step 1: reached states = 0, new states = 0, reached thread states = 0, new thread states = 0, peakNodeCount = 2044, reached size = 4, frontier size = 3, elapsed time: 00:00:00.001644
Step 2: reached states = 0, new states = 0, reached thread states = 0, new thread states = 0, peakNodeCount = 2044, reached size = 7, frontier size = 3, elapsed time: 00:00:00.002338
Step 3: reached states = 0, new states = 0, reached thread states = 0, new thread states = 0, peakNodeCount = 2044, reached size = 10, frontier size = 3, elapsed time: 00:00:00.002912
Step 4: reached states = 0, new states = 0, reached thread states = 0, new thread states = 0, peakNodeCount = 2044, reached size = 13, frontier size = 3, elapsed time: 00:00:00.003593
Step 5: reached states = 0, new states = 0, reached thread states = 0, new thread states = 0, peakNodeCount = 2044, reached size = 16, frontier size = 3, elapsed time: 00:00:00.004340
Step 6: reached states = 0, new states = 0, reached thread states = 0, new thread states = 0, peakNodeCount = 2044, reached size = 19, frontier size = 3, elapsed time: 00:00:00.005015
Step 7: reached states = 0, new states = 0, reached thread states = 0, new thread states = 0, peakNodeCount = 2044, reached size = 22, frontier size = 3, elapsed time: 00:00:00.005741
Step 8: reached states = 0, new states = 0, reached thread states = 0, new thread states = 0, peakNodeCount = 2044, reached size = 25, frontier size = 3, elapsed time: 00:00:00.006488
Step 9: reached states = 0, new states = 0, reached thread states = 0, new thread states = 0, peakNodeCount = 2044, reached size = 28, frontier size = 3, elapsed time: 00:00:00.007194
Note: Dynamic thread creation ignored due to static threads limit (ignored from now on)
Step 10: reached states = 0, new states = 0, reached thread states = 0, new thread states = 0, peakNodeCount = 2044, reached size = 31, frontier size = 3, elapsed time: 00:00:00.007876
Step 11: reached states = 0, new states = 0, reached thread states = 0, new thread states = 0, peakNodeCount = 2044, reached size = 40, frontier size = 9, elapsed time: 00:00:00.010413
Step 12: reached states = 0, new states = 0, reached thread states = 0, new thread states = 0, peakNodeCount = 2044, reached size = 61, frontier size = 21, elapsed time: 00:00:00.016918
Step 13: reached states = 0, new states = 0, reached thread states = 0, new thread states = 0, peakNodeCount = 2044, reached size = 87, frontier size = 26, elapsed time: 00:00:00.028151
Step 14: reached states = 0, new states = 0, reached thread states = 0, new thread states = 0, peakNodeCount = 2044, reached size = 115, frontier size = 28, elapsed time: 00:00:00.037420
Step 15: reached states = 0, new states = 0, reached thread states = 0, new thread states = 0, peakNodeCount = 2044, reached size = 143, frontier size = 28, elapsed time: 00:00:00.046891
Step 16: reached states = 0, new states = 0, reached thread states = 0, new thread states = 0, peakNodeCount = 2044, reached size = 177, frontier size = 34, elapsed time: 00:00:00.057405
Step 17: reached states = 0, new states = 0, reached thread states = 0, new thread states = 0, peakNodeCount = 2044, reached size = 217, frontier size = 40, elapsed time: 00:00:00.069234
Step 18: reached states = 0, new states = 0, reached thread states = 0, new thread states = 0, peakNodeCount = 2044, reached size = 261, frontier size = 44, elapsed time: 00:00:00.083873
Step 19: reached states = 0, new states = 0, reached thread states = 0, new thread states = 0, peakNodeCount = 4088, reached size = 299, frontier size = 38, elapsed time: 00:00:00.109597
Step 20: reached states = 0, new states = 0, reached thread states = 0, new thread states = 0, peakNodeCount = 6132, reached size = 340, frontier size = 41, elapsed time: 00:00:00.141742
Step 21: reached states = 0, new states = 0, reached thread states = 0, new thread states = 0, peakNodeCount = 8176, reached size = 398, frontier size = 58, elapsed time: 00:00:00.175693
Step 22: reached states = 0, new states = 0, reached thread states = 0, new thread states = 0, peakNodeCount = 8176, reached size = 465, frontier size = 67, elapsed time: 00:00:00.208806
Step 23: reached states = 0, new states = 0, reached thread states = 0, new thread states = 0, peakNodeCount = 8176, reached size = 532, frontier size = 67, elapsed time: 00:00:00.242137
Step 24: reached states = 0, new states = 0, reached thread states = 0, new thread states = 0, peakNodeCount = 8176, reached size = 614, frontier size = 82, elapsed time: 00:00:00.280732
Step 25: reached states = 0, new states = 0, reached thread states = 0, new thread states = 0, peakNodeCount = 8176, reached size = 709, frontier size = 95, elapsed time: 00:00:00.323535
Step 26: reached states = 0, new states = 0, reached thread states = 0, new thread states = 0, peakNodeCount = 8176, reached size = 801, frontier size = 92, elapsed time: 00:00:00.364220
Step 27: reached states = 0, new states = 0, reached thread states = 0, new thread states = 0, peakNodeCount = 12264, reached size = 866, frontier size = 65, elapsed time: 00:00:00.432489
Step 28: reached states = 0, new states = 0, reached thread states = 0, new thread states = 0, peakNodeCount = 16352, reached size = 945, frontier size = 79, elapsed time: 00:00:00.496976
Step 29: reached states = 0, new states = 0, reached thread states = 0, new thread states = 0, peakNodeCount = 16352, reached size = 945, frontier size = 0, elapsed time: 00:00:00.497198
Elapsed time: 00:00:00.497235
Note: Violation found (in the last reachable state).
.
Verifying trace...
.
Trace feasible.
.
Verifying trace...
..
Trace feasible.
.
Verifying trace...
...
Trace feasible.
.
Verifying trace...
....
Trace feasible.
.
Verifying trace...
.....
Trace feasible.
.
Verifying trace...
......
Trace feasible.
.
Verifying trace...
.......
Trace feasible.
.
Verifying trace...
........
Trace feasible.
.
Verifying trace...
.........
Trace feasible.
.
Verifying trace...
..........
Trace feasible.
.
Verifying trace...
...........
Trace feasible.
.
Verifying trace...
............
Trace feasible.
.
Verifying trace...
.............
Trace feasible.
.
Verifying trace...
..............
Trace feasible.
.
Verifying trace...
...............
Trace feasible.
.
Verifying trace...
................
Trace feasible.
.
Verifying trace...
.................
Trace feasible.
.
Verifying trace...
..................
Trace feasible.
.
Verifying trace...
...................
Trace feasible.
.
Verifying trace...
....................
Trace feasible.
.
Verifying trace...
.....................
Trace feasible.
.
Verifying trace...
......................
Trace feasible.
.
Verifying trace...
.......................
Trace feasible.
.
Verifying trace...
........................
Trace feasible.
.
Verifying trace...
.........................
Trace feasible.
.
Verifying trace...
..........................
Trace feasible.
.
Verifying trace...
...........................
Trace feasible.
.
Verifying trace...
............................
Trace feasible.
**********************************************************
Trace
**********************************************************
TRACE t=0 PC1 b0_s_le_2=0 b1=0 b2=1 main::b3_l_eq_s=0 main::b4_0_eq_l=0 main::b5_1_eq_l=1 
TRACE t=0 PC2 b0_s_le_2=0 b1=0 b2=1 main::b3_l_eq_s=0 main::b4_0_eq_l=0 main::b5_1_eq_l=1 
TRACE t=0 l1 PC10 b0_s_le_2=0 b1=0 b2=0 main::b3_l_eq_s=0 main::b4_0_eq_l=0 main::b5_1_eq_l=1 
TRACE t=0 PC11 b0_s_le_2=0 b1=0 b2=0 main::b3_l_eq_s=0 main::b4_0_eq_l=0 main::b5_1_eq_l=1 
TRACE t=0 l5 PC39 b0_s_le_2=0 b1=0 b2=0 main::b3_l_eq_s=0 main::b4_0_eq_l=0 main::b5_1_eq_l=1 main::b3_l_eq_s=0 main::b4_0_eq_l=0 main::b5_1_eq_l=1 TAKEN=1
TRACE t=0 l1 PC10 b0_s_le_2=0 b1=0 b2=0 main::b3_l_eq_s=0 main::b4_0_eq_l=0 main::b5_1_eq_l=1 main::b3_l_eq_s=0 main::b4_0_eq_l=0 main::b5_1_eq_l=1 
TRACE t=0 PC11 b0_s_le_2=0 b1=0 b2=0 main::b3_l_eq_s=0 main::b4_0_eq_l=0 main::b5_1_eq_l=1 main::b3_l_eq_s=0 main::b4_0_eq_l=0 main::b5_1_eq_l=1 
TRACE t=0 l5 PC39 b0_s_le_2=0 b1=0 b2=0 main::b3_l_eq_s=0 main::b4_0_eq_l=0 main::b5_1_eq_l=1 main::b3_l_eq_s=0 main::b4_0_eq_l=0 main::b5_1_eq_l=1 main::b3_l_eq_s=0 main::b4_0_eq_l=0 main::b5_1_eq_l=1 TAKEN=1
TRACE t=0 l1 PC10 b0_s_le_2=0 b1=0 b2=0 main::b3_l_eq_s=0 main::b4_0_eq_l=0 main::b5_1_eq_l=1 main::b3_l_eq_s=0 main::b4_0_eq_l=0 main::b5_1_eq_l=1 main::b3_l_eq_s=0 main::b4_0_eq_l=0 main::b5_1_eq_l=1 
TRACE t=0 PC11 b0_s_le_2=0 b1=0 b2=0 main::b3_l_eq_s=0 main::b4_0_eq_l=0 main::b5_1_eq_l=1 main::b3_l_eq_s=0 main::b4_0_eq_l=0 main::b5_1_eq_l=1 main::b3_l_eq_s=0 main::b4_0_eq_l=0 main::b5_1_eq_l=1 
TRACE t=0 PC13 b0_s_le_2=0 b1=0 b2=0 main::b3_l_eq_s=0 main::b4_0_eq_l=0 main::b5_1_eq_l=1 main::b3_l_eq_s=0 main::b4_0_eq_l=0 main::b5_1_eq_l=1 main::b3_l_eq_s=0 main::b4_0_eq_l=0 main::b5_1_eq_l=1 
TRACE t=1 PC13 b0_s_le_2=0 b1=0 b2=0 main::b3_l_eq_s=1 main::b4_0_eq_l=1 main::b5_1_eq_l=0 main::b3_l_eq_s=0 main::b4_0_eq_l=0 main::b5_1_eq_l=1 main::b3_l_eq_s=0 main::b4_0_eq_l=0 main::b5_1_eq_l=1 
TRACE t=0 PC19 b0_s_le_2=0 b1=0 b2=0 main::b3_l_eq_s=1 main::b4_0_eq_l=1 main::b5_1_eq_l=0 main::b3_l_eq_s=0 main::b4_0_eq_l=0 main::b5_1_eq_l=0 main::b3_l_eq_s=0 main::b4_0_eq_l=0 main::b5_1_eq_l=1 TAKEN=1
TRACE t=0 b0_s_le_2=0 b1=0 b2=0 main::b3_l_eq_s=1 main::b4_0_eq_l=1 main::b5_1_eq_l=0 main::b3_l_eq_s=0 main::b4_0_eq_l=0 main::b5_1_eq_l=0 main::b3_l_eq_s=0 main::b4_0_eq_l=0 main::b5_1_eq_l=1 
TRACE t=0 b0_s_le_2=0 b1=0 b2=0 main::b3_l_eq_s=1 main::b4_0_eq_l=1 main::b5_1_eq_l=0 main::b3_l_eq_s=0 main::b4_0_eq_l=0 main::b5_1_eq_l=0 main::b3_l_eq_s=0 main::b4_0_eq_l=0 main::b5_1_eq_l=1 TAKEN=1
TRACE t=0 l2 PC23 b0_s_le_2=0 b1=0 b2=0 main::b3_l_eq_s=1 main::b4_0_eq_l=1 main::b5_1_eq_l=0 main::b3_l_eq_s=0 main::b4_0_eq_l=0 main::b5_1_eq_l=0 main::b3_l_eq_s=0 main::b4_0_eq_l=0 main::b5_1_eq_l=1 
TRACE t=0 PC29 b0_s_le_2=0 b1=0 b2=0 main::b3_l_eq_s=1 main::b4_0_eq_l=1 main::b5_1_eq_l=0 main::b3_l_eq_s=0 main::b4_0_eq_l=0 main::b5_1_eq_l=0 main::b3_l_eq_s=0 main::b4_0_eq_l=0 main::b5_1_eq_l=1 TAKEN=1
TRACE t=0 b0_s_le_2=0 b1=0 b2=0 main::b3_l_eq_s=1 main::b4_0_eq_l=1 main::b5_1_eq_l=0 main::b3_l_eq_s=0 main::b4_0_eq_l=0 main::b5_1_eq_l=0 main::b3_l_eq_s=0 main::b4_0_eq_l=0 main::b5_1_eq_l=1 
TRACE t=0 b0_s_le_2=0 b1=0 b2=0 main::b3_l_eq_s=1 main::b4_0_eq_l=1 main::b5_1_eq_l=0 main::b3_l_eq_s=0 main::b4_0_eq_l=0 main::b5_1_eq_l=0 main::b3_l_eq_s=0 main::b4_0_eq_l=0 main::b5_1_eq_l=1 TAKEN=1
TRACE t=0 l3 PC31 b0_s_le_2=0 b1=0 b2=0 main::b3_l_eq_s=1 main::b4_0_eq_l=1 main::b5_1_eq_l=0 main::b3_l_eq_s=0 main::b4_0_eq_l=0 main::b5_1_eq_l=0 main::b3_l_eq_s=0 main::b4_0_eq_l=0 main::b5_1_eq_l=1 
TRACE t=0 PC36 b0_s_le_2=1 b1=0 b2=0 main::b3_l_eq_s=0 main::b4_0_eq_l=1 main::b5_1_eq_l=0 main::b3_l_eq_s=1 main::b4_0_eq_l=0 main::b5_1_eq_l=0 main::b3_l_eq_s=1 main::b4_0_eq_l=0 main::b5_1_eq_l=1 
TRACE t=0 PC38 b0_s_le_2=1 b1=1 b2=1 main::b3_l_eq_s=0 main::b4_0_eq_l=1 main::b5_1_eq_l=0 main::b3_l_eq_s=1 main::b4_0_eq_l=0 main::b5_1_eq_l=0 main::b3_l_eq_s=1 main::b4_0_eq_l=0 main::b5_1_eq_l=1 
TRACE t=1 PC19 b0_s_le_2=1 b1=1 b2=1 main::b3_l_eq_s=0 main::b4_0_eq_l=1 main::b5_1_eq_l=0 main::b3_l_eq_s=1 main::b4_0_eq_l=0 main::b5_1_eq_l=0 main::b3_l_eq_s=1 main::b4_0_eq_l=0 main::b5_1_eq_l=1 TAKEN=0
TRACE t=1 b0_s_le_2=1 b1=1 b2=1 main::b3_l_eq_s=0 main::b4_0_eq_l=1 main::b5_1_eq_l=0 main::b3_l_eq_s=1 main::b4_0_eq_l=0 main::b5_1_eq_l=0 main::b3_l_eq_s=1 main::b4_0_eq_l=0 main::b5_1_eq_l=1 
TRACE t=1 b0_s_le_2=1 b1=1 b2=1 main::b3_l_eq_s=0 main::b4_0_eq_l=1 main::b5_1_eq_l=0 main::b3_l_eq_s=1 main::b4_0_eq_l=0 main::b5_1_eq_l=0 main::b3_l_eq_s=1 main::b4_0_eq_l=0 main::b5_1_eq_l=1 
TRACE t=1 PC21 b0_s_le_2=1 b1=1 b2=1 main::b3_l_eq_s=0 main::b4_0_eq_l=1 main::b5_1_eq_l=0 main::b3_l_eq_s=1 main::b4_0_eq_l=0 main::b5_1_eq_l=0 main::b3_l_eq_s=1 main::b4_0_eq_l=0 main::b5_1_eq_l=1 TAKEN=0
TRACE t=1 b0_s_le_2=1 b1=1 b2=1 main::b3_l_eq_s=0 main::b4_0_eq_l=1 main::b5_1_eq_l=0 main::b3_l_eq_s=1 main::b4_0_eq_l=0 main::b5_1_eq_l=0 main::b3_l_eq_s=1 main::b4_0_eq_l=0 main::b5_1_eq_l=1 
TRACE t=1 b0_s_le_2=1 b1=1 b2=1 main::b3_l_eq_s=0 main::b4_0_eq_l=1 main::b5_1_eq_l=0 main::b3_l_eq_s=1 main::b4_0_eq_l=0 main::b5_1_eq_l=0 main::b3_l_eq_s=1 main::b4_0_eq_l=0 main::b5_1_eq_l=1 
TRACE t=1 PC22 b0_s_le_2=1 b1=1 b2=1 main::b3_l_eq_s=0 main::b4_0_eq_l=1 main::b5_1_eq_l=0 main::b3_l_eq_s=1 main::b4_0_eq_l=0 main::b5_1_eq_l=0 main::b3_l_eq_s=1 main::b4_0_eq_l=0 main::b5_1_eq_l=1 

Verifying trace...
............................
Trace feasible.
Elapsed time: 00:00:00.622695

VERIFICATION FAILED
