Parsing </Users/geri/Documents/bp-reduce/2014-03-02-15-21-26/reduced.121.bp> done.
Semantic check...  ok.
Note: Merging disabled (trace requested).
Transforming program for model-checker... done.
Configuration:
Eliminate dead variables: no (will be computed anyway)
Note: Automatic algorithm selection chose splitglobalscmc.
Renumbering statements...
Local types of: main
Strong locals: 
Weak locals: b3_l_eq_s, b4_0_eq_l, b5_1_eq_l
Life variable analysis...
Phase 1... done.
Phase 2... done.
Computing mod-ref-sets... done.
Computing read-write-sets... done.
Building BDD-program...
FIXME: in order to allow transformation into state-object we allocate more BDD variables...
Ordering BDD variables for concatenated layout...
Creating hybrid transition relations...Note: end_thread is treated as goto end
 done.
Starting counter abstraction symbolic simulation using BDDs...
(Abstract transitions are constructed on-the-fly).
Using static thread creation with 1 threads.
Variable Configuration:
Globals:
b0_s_le_2
------------------------------------11-----  1
b1
----------------------------------------11-  1
b2
--------------------------------------11---  1
------------------------------------111111-  1
Thread 0
Locals:
b3_l_eq_s$
------------------------11-----------------  1
b3_l_eq_s
------------------------------11-----------  1
b4_0_eq_l$
------------------11-----------------------  1
b4_0_eq_l
11-----------------------------------------  1
b5_1_eq_l$
------------11-----------------------------  1
b5_1_eq_l
------11-----------------------------------  1
11----11----11----11----11----11-----------  1
Thread 1
Locals:
b3_l_eq_s$
--------------------------11---------------  1
b3_l_eq_s
--------------------------------11---------  1
b4_0_eq_l$
--------------------11---------------------  1
b4_0_eq_l
--11---------------------------------------  1
b5_1_eq_l$
--------------11---------------------------  1
b5_1_eq_l
--------11---------------------------------  1
--11----11----11----11----11----11---------  1
Thread 2
Locals:
b3_l_eq_s$
----------------------------11-------------  1
b3_l_eq_s
----------------------------------11-------  1
b4_0_eq_l$
----------------------11-------------------  1
b4_0_eq_l
----11-------------------------------------  1
b5_1_eq_l$
----------------11-------------------------  1
b5_1_eq_l
----------11-------------------------------  1
----11----11----11----11----11----11-------  1
Step 0: reached states = 0, new states = 0, reached thread states = 0, new thread states = 0, peakNodeCount = 2044, reached size = 1, frontier size = 1, elapsed time: 00:00:00.000810
Step 1: reached states = 0, new states = 0, reached thread states = 0, new thread states = 0, peakNodeCount = 2044, reached size = 4, frontier size = 3, elapsed time: 00:00:00.001656
Step 2: reached states = 0, new states = 0, reached thread states = 0, new thread states = 0, peakNodeCount = 2044, reached size = 7, frontier size = 3, elapsed time: 00:00:00.002332
Step 3: reached states = 0, new states = 0, reached thread states = 0, new thread states = 0, peakNodeCount = 2044, reached size = 10, frontier size = 3, elapsed time: 00:00:00.002898
Step 4: reached states = 0, new states = 0, reached thread states = 0, new thread states = 0, peakNodeCount = 2044, reached size = 13, frontier size = 3, elapsed time: 00:00:00.003557
Step 5: reached states = 0, new states = 0, reached thread states = 0, new thread states = 0, peakNodeCount = 2044, reached size = 16, frontier size = 3, elapsed time: 00:00:00.004295
Step 6: reached states = 0, new states = 0, reached thread states = 0, new thread states = 0, peakNodeCount = 2044, reached size = 19, frontier size = 3, elapsed time: 00:00:00.004984
Step 7: reached states = 0, new states = 0, reached thread states = 0, new thread states = 0, peakNodeCount = 2044, reached size = 22, frontier size = 3, elapsed time: 00:00:00.005745
Step 8: reached states = 0, new states = 0, reached thread states = 0, new thread states = 0, peakNodeCount = 2044, reached size = 25, frontier size = 3, elapsed time: 00:00:00.006490
Step 9: reached states = 0, new states = 0, reached thread states = 0, new thread states = 0, peakNodeCount = 2044, reached size = 28, frontier size = 3, elapsed time: 00:00:00.007190
Note: Dynamic thread creation ignored due to static threads limit (ignored from now on)
Step 10: reached states = 0, new states = 0, reached thread states = 0, new thread states = 0, peakNodeCount = 2044, reached size = 31, frontier size = 3, elapsed time: 00:00:00.007866
Step 11: reached states = 0, new states = 0, reached thread states = 0, new thread states = 0, peakNodeCount = 2044, reached size = 40, frontier size = 9, elapsed time: 00:00:00.010459
Step 12: reached states = 0, new states = 0, reached thread states = 0, new thread states = 0, peakNodeCount = 2044, reached size = 49, frontier size = 9, elapsed time: 00:00:00.013410
Step 13: reached states = 0, new states = 0, reached thread states = 0, new thread states = 0, peakNodeCount = 2044, reached size = 58, frontier size = 9, elapsed time: 00:00:00.016176
Step 14: reached states = 0, new states = 0, reached thread states = 0, new thread states = 0, peakNodeCount = 2044, reached size = 67, frontier size = 9, elapsed time: 00:00:00.018914
Step 15: reached states = 0, new states = 0, reached thread states = 0, new thread states = 0, peakNodeCount = 2044, reached size = 76, frontier size = 9, elapsed time: 00:00:00.021801
Step 16: reached states = 0, new states = 0, reached thread states = 0, new thread states = 0, peakNodeCount = 2044, reached size = 85, frontier size = 9, elapsed time: 00:00:00.024597
Step 17: reached states = 0, new states = 0, reached thread states = 0, new thread states = 0, peakNodeCount = 2044, reached size = 94, frontier size = 9, elapsed time: 00:00:00.027452
Step 18: reached states = 0, new states = 0, reached thread states = 0, new thread states = 0, peakNodeCount = 2044, reached size = 103, frontier size = 9, elapsed time: 00:00:00.030195
Step 19: reached states = 0, new states = 0, reached thread states = 0, new thread states = 0, peakNodeCount = 2044, reached size = 130, frontier size = 27, elapsed time: 00:00:00.039930
Step 20: reached states = 0, new states = 0, reached thread states = 0, new thread states = 0, peakNodeCount = 2044, reached size = 157, frontier size = 27, elapsed time: 00:00:00.049266
Step 21: reached states = 0, new states = 0, reached thread states = 0, new thread states = 0, peakNodeCount = 2044, reached size = 184, frontier size = 27, elapsed time: 00:00:00.060794
Step 22: reached states = 0, new states = 0, reached thread states = 0, new thread states = 0, peakNodeCount = 6132, reached size = 228, frontier size = 44, elapsed time: 00:00:00.088510
Step 23: reached states = 0, new states = 0, reached thread states = 0, new thread states = 0, peakNodeCount = 12264, reached size = 308, frontier size = 80, elapsed time: 00:00:00.135786
Step 24: reached states = 0, new states = 0, reached thread states = 0, new thread states = 0, peakNodeCount = 12264, reached size = 388, frontier size = 80, elapsed time: 00:00:00.174922
Step 25: reached states = 0, new states = 0, reached thread states = 0, new thread states = 0, peakNodeCount = 12264, reached size = 484, frontier size = 96, elapsed time: 00:00:00.236162
Step 26: reached states = 0, new states = 0, reached thread states = 0, new thread states = 0, peakNodeCount = 12264, reached size = 580, frontier size = 96, elapsed time: 00:00:00.290189
Step 27: reached states = 0, new states = 0, reached thread states = 0, new thread states = 0, peakNodeCount = 12264, reached size = 692, frontier size = 112, elapsed time: 00:00:00.351898
Step 28: reached states = 0, new states = 0, reached thread states = 0, new thread states = 0, peakNodeCount = 12264, reached size = 804, frontier size = 112, elapsed time: 00:00:00.410935
Step 29: reached states = 0, new states = 0, reached thread states = 0, new thread states = 0, peakNodeCount = 12264, reached size = 895, frontier size = 91, elapsed time: 00:00:00.468759
Step 30: reached states = 0, new states = 0, reached thread states = 0, new thread states = 0, peakNodeCount = 19418, reached size = 1019, frontier size = 124, elapsed time: 00:00:00.573073
Step 31: reached states = 0, new states = 0, reached thread states = 0, new thread states = 0, peakNodeCount = 29638, reached size = 1236, frontier size = 217, elapsed time: 00:00:00.726651
Step 32: reached states = 0, new states = 0, reached thread states = 0, new thread states = 0, peakNodeCount = 29638, reached size = 1403, frontier size = 167, elapsed time: 00:00:00.852384
Step 33: reached states = 0, new states = 0, reached thread states = 0, new thread states = 0, peakNodeCount = 34748, reached size = 1607, frontier size = 204, elapsed time: 00:00:01.050695
Step 34: reached states = 0, new states = 0, reached thread states = 0, new thread states = 0, peakNodeCount = 42924, reached size = 1900, frontier size = 293, elapsed time: 00:00:01.286071
Step 35: reached states = 0, new states = 0, reached thread states = 0, new thread states = 0, peakNodeCount = 42924, reached size = 2165, frontier size = 265, elapsed time: 00:00:01.552024
Step 36: reached states = 0, new states = 0, reached thread states = 0, new thread states = 0, peakNodeCount = 42924, reached size = 2382, frontier size = 217, elapsed time: 00:00:01.754514
Step 37: reached states = 0, new states = 0, reached thread states = 0, new thread states = 0, peakNodeCount = 48034, reached size = 2611, frontier size = 229, elapsed time: 00:00:01.913528
Step 38: reached states = 0, new states = 0, reached thread states = 0, new thread states = 0, peakNodeCount = 48034, reached size = 2865, frontier size = 254, elapsed time: 00:00:02.057010
Step 39: reached states = 0, new states = 0, reached thread states = 0, new thread states = 0, peakNodeCount = 48034, reached size = 3213, frontier size = 348, elapsed time: 00:00:02.282261
Step 40: reached states = 0, new states = 0, reached thread states = 0, new thread states = 0, peakNodeCount = 48034, reached size = 3514, frontier size = 301, elapsed time: 00:00:02.462404
Step 41: reached states = 0, new states = 0, reached thread states = 0, new thread states = 0, peakNodeCount = 48034, reached size = 3811, frontier size = 297, elapsed time: 00:00:02.730970
Step 42: reached states = 0, new states = 0, reached thread states = 0, new thread states = 0, peakNodeCount = 48034, reached size = 4213, frontier size = 402, elapsed time: 00:00:03.029001
Step 43: reached states = 0, new states = 0, reached thread states = 0, new thread states = 0, peakNodeCount = 55188, reached size = 4554, frontier size = 341, elapsed time: 00:00:03.402517
Step 44: reached states = 0, new states = 0, reached thread states = 0, new thread states = 0, peakNodeCount = 65408, reached size = 4861, frontier size = 307, elapsed time: 00:00:03.740520
Step 45: reached states = 0, new states = 0, reached thread states = 0, new thread states = 0, peakNodeCount = 65408, reached size = 5289, frontier size = 428, elapsed time: 00:00:04.174029
Step 46: reached states = 0, new states = 0, reached thread states = 0, new thread states = 0, peakNodeCount = 65408, reached size = 5662, frontier size = 373, elapsed time: 00:00:04.600568
Step 47: reached states = 0, new states = 0, reached thread states = 0, new thread states = 0, peakNodeCount = 65408, reached size = 5876, frontier size = 214, elapsed time: 00:00:05.024608
Step 48: reached states = 0, new states = 0, reached thread states = 0, new thread states = 0, peakNodeCount = 65408, reached size = 6035, frontier size = 159, elapsed time: 00:00:05.251008
Step 49: reached states = 0, new states = 0, reached thread states = 0, new thread states = 0, peakNodeCount = 65408, reached size = 6107, frontier size = 72, elapsed time: 00:00:05.373504
Step 50: reached states = 0, new states = 0, reached thread states = 0, new thread states = 0, peakNodeCount = 65408, reached size = 6138, frontier size = 31, elapsed time: 00:00:05.421992
Step 51: reached states = 0, new states = 0, reached thread states = 0, new thread states = 0, peakNodeCount = 65408, reached size = 6169, frontier size = 31, elapsed time: 00:00:05.445141
Step 52: reached states = 0, new states = 0, reached thread states = 0, new thread states = 0, peakNodeCount = 65408, reached size = 6190, frontier size = 21, elapsed time: 00:00:05.454005
Step 53: reached states = 0, new states = 0, reached thread states = 0, new thread states = 0, peakNodeCount = 65408, reached size = 6190, frontier size = 0, elapsed time: 00:00:05.454167
Elapsed time: 00:00:05.454202
Elapsed time: 00:00:05.454235

VERIFICATION SUCCESSFUL
