Parsing </Users/geri/Documents/bp-reduce/2014-04-03-08-28-44/reduced.202.bp> done.
Semantic check...  ok.
Note: Merging disabled (trace requested).
Transforming program for model-checker... done.
Configuration:
Eliminate dead variables: no (will be computed anyway)
Note: Automatic algorithm selection chose splitglobalscmc.
Renumbering statements...
Local types of: main
Strong locals: b4_0_eq_l, b5_1_eq_l
Weak locals: b3_l_eq_s
Life variable analysis...
Phase 1... done.
Phase 2... done.
Computing mod-ref-sets... done.
Computing read-write-sets... done.
Building BDD-program...
FIXME: in order to allow transformation into state-object we allocate more BDD variables...
Ordering BDD variables for concatenated layout...
Creating hybrid transition relations...Note: end_thread is treated as goto end
 done.
Starting counter abstraction symbolic simulation using BDDs...
(Abstract transitions are constructed on-the-fly).
Using static thread creation with 1 threads.
Variable Configuration:
Globals:
b0_s_le_2
11----------------------------------------  1
b1
--------------------------11--------------  1
b2
----------------------------11------------  1
11------------------------1111------------  1
Thread 0
Locals:
b3_l_eq_s$
--------------------11--------------------  1
b3_l_eq_s
--------11--------------------------------  1
b4_0_eq_l$
------------------------------11----------  1
b4_0_eq_l
--11--------------------------------------  1
b5_1_eq_l$
------------------------------------11----  1
b5_1_eq_l
--------------11--------------------------  1
--11----11----11----11--------11----11----  1
Thread 1
Locals:
b3_l_eq_s$
----------------------11------------------  1
b3_l_eq_s
----------11------------------------------  1
b4_0_eq_l$
--------------------------------11--------  1
b4_0_eq_l
----11------------------------------------  1
b5_1_eq_l$
--------------------------------------11--  1
b5_1_eq_l
----------------11------------------------  1
----11----11----11----11--------11----11--  1
Thread 2
Locals:
b3_l_eq_s$
------------------------11----------------  1
b3_l_eq_s
------------11----------------------------  1
b4_0_eq_l$
----------------------------------11------  1
b4_0_eq_l
------11----------------------------------  1
b5_1_eq_l$
----------------------------------------11  1
b5_1_eq_l
------------------11----------------------  1
------11----11----11----11--------11----11  1
Step 0: reached states = 0, new states = 0, reached thread states = 0, new thread states = 0, peakNodeCount = 2044, reached size = 1, frontier size = 1, elapsed time: 00:00:00.000966
Step 1: reached states = 0, new states = 0, reached thread states = 0, new thread states = 0, peakNodeCount = 2044, reached size = 3, frontier size = 2, elapsed time: 00:00:00.001722
Step 2: reached states = 0, new states = 0, reached thread states = 0, new thread states = 0, peakNodeCount = 2044, reached size = 5, frontier size = 2, elapsed time: 00:00:00.002284
Step 3: reached states = 0, new states = 0, reached thread states = 0, new thread states = 0, peakNodeCount = 2044, reached size = 7, frontier size = 2, elapsed time: 00:00:00.002630
Step 4: reached states = 0, new states = 0, reached thread states = 0, new thread states = 0, peakNodeCount = 2044, reached size = 9, frontier size = 2, elapsed time: 00:00:00.003032
Step 5: reached states = 0, new states = 0, reached thread states = 0, new thread states = 0, peakNodeCount = 2044, reached size = 11, frontier size = 2, elapsed time: 00:00:00.003491
Step 6: reached states = 0, new states = 0, reached thread states = 0, new thread states = 0, peakNodeCount = 2044, reached size = 13, frontier size = 2, elapsed time: 00:00:00.003902
Step 7: reached states = 0, new states = 0, reached thread states = 0, new thread states = 0, peakNodeCount = 2044, reached size = 15, frontier size = 2, elapsed time: 00:00:00.004334
Step 8: reached states = 0, new states = 0, reached thread states = 0, new thread states = 0, peakNodeCount = 2044, reached size = 17, frontier size = 2, elapsed time: 00:00:00.004781
Step 9: reached states = 0, new states = 0, reached thread states = 0, new thread states = 0, peakNodeCount = 2044, reached size = 19, frontier size = 2, elapsed time: 00:00:00.005206
Note: Dynamic thread creation ignored due to static threads limit (ignored from now on)
Step 10: reached states = 0, new states = 0, reached thread states = 0, new thread states = 0, peakNodeCount = 2044, reached size = 21, frontier size = 2, elapsed time: 00:00:00.005613
Step 11: reached states = 0, new states = 0, reached thread states = 0, new thread states = 0, peakNodeCount = 2044, reached size = 27, frontier size = 6, elapsed time: 00:00:00.006932
Step 12: reached states = 0, new states = 0, reached thread states = 0, new thread states = 0, peakNodeCount = 2044, reached size = 33, frontier size = 6, elapsed time: 00:00:00.008444
Step 13: reached states = 0, new states = 0, reached thread states = 0, new thread states = 0, peakNodeCount = 2044, reached size = 39, frontier size = 6, elapsed time: 00:00:00.009833
Step 14: reached states = 0, new states = 0, reached thread states = 0, new thread states = 0, peakNodeCount = 2044, reached size = 45, frontier size = 6, elapsed time: 00:00:00.011257
Step 15: reached states = 0, new states = 0, reached thread states = 0, new thread states = 0, peakNodeCount = 2044, reached size = 59, frontier size = 14, elapsed time: 00:00:00.015783
Step 16: reached states = 0, new states = 0, reached thread states = 0, new thread states = 0, peakNodeCount = 2044, reached size = 73, frontier size = 14, elapsed time: 00:00:00.019799
Step 17: reached states = 0, new states = 0, reached thread states = 0, new thread states = 0, peakNodeCount = 2044, reached size = 87, frontier size = 14, elapsed time: 00:00:00.023654
Step 18: reached states = 0, new states = 0, reached thread states = 0, new thread states = 0, peakNodeCount = 2044, reached size = 101, frontier size = 14, elapsed time: 00:00:00.026841
Step 19: reached states = 0, new states = 0, reached thread states = 0, new thread states = 0, peakNodeCount = 2044, reached size = 126, frontier size = 25, elapsed time: 00:00:00.034530
Step 20: reached states = 0, new states = 0, reached thread states = 0, new thread states = 0, peakNodeCount = 2044, reached size = 151, frontier size = 25, elapsed time: 00:00:00.040880
Step 21: reached states = 0, new states = 0, reached thread states = 0, new thread states = 0, peakNodeCount = 2044, reached size = 176, frontier size = 25, elapsed time: 00:00:00.049884
Step 22: reached states = 0, new states = 0, reached thread states = 0, new thread states = 0, peakNodeCount = 4088, reached size = 211, frontier size = 35, elapsed time: 00:00:00.064653
Step 23: reached states = 0, new states = 0, reached thread states = 0, new thread states = 0, peakNodeCount = 4088, reached size = 258, frontier size = 47, elapsed time: 00:00:00.082903
Step 24: reached states = 0, new states = 0, reached thread states = 0, new thread states = 0, peakNodeCount = 4088, reached size = 305, frontier size = 47, elapsed time: 00:00:00.101031
Step 25: reached states = 0, new states = 0, reached thread states = 0, new thread states = 0, peakNodeCount = 4088, reached size = 340, frontier size = 35, elapsed time: 00:00:00.118148
Step 26: reached states = 0, new states = 0, reached thread states = 0, new thread states = 0, peakNodeCount = 6132, reached size = 382, frontier size = 42, elapsed time: 00:00:00.142565
Step 27: reached states = 0, new states = 0, reached thread states = 0, new thread states = 0, peakNodeCount = 6132, reached size = 455, frontier size = 73, elapsed time: 00:00:00.177245
Step 28: reached states = 0, new states = 0, reached thread states = 0, new thread states = 0, peakNodeCount = 6132, reached size = 528, frontier size = 73, elapsed time: 00:00:00.208974
Step 29: reached states = 0, new states = 0, reached thread states = 0, new thread states = 0, peakNodeCount = 6132, reached size = 605, frontier size = 77, elapsed time: 00:00:00.248259
Step 30: reached states = 0, new states = 0, reached thread states = 0, new thread states = 0, peakNodeCount = 8176, reached size = 688, frontier size = 83, elapsed time: 00:00:00.288588
Step 31: reached states = 0, new states = 0, reached thread states = 0, new thread states = 0, peakNodeCount = 8176, reached size = 792, frontier size = 104, elapsed time: 00:00:00.332873
Step 32: reached states = 0, new states = 0, reached thread states = 0, new thread states = 0, peakNodeCount = 8176, reached size = 881, frontier size = 89, elapsed time: 00:00:00.371053
Step 33: reached states = 0, new states = 0, reached thread states = 0, new thread states = 0, peakNodeCount = 11242, reached size = 966, frontier size = 85, elapsed time: 00:00:00.434128
Step 34: reached states = 0, new states = 0, reached thread states = 0, new thread states = 0, peakNodeCount = 15330, reached size = 1098, frontier size = 132, elapsed time: 00:00:00.518995
Step 35: reached states = 0, new states = 0, reached thread states = 0, new thread states = 0, peakNodeCount = 15330, reached size = 1098, frontier size = 0, elapsed time: 00:00:00.519240
Elapsed time: 00:00:00.519277
Note: Violation found (in the last reachable state).
.
Verifying trace...
.
Trace feasible.
.
Verifying trace...
..
Trace feasible.
.
Verifying trace...
...
Trace feasible.
.
Verifying trace...
....
Trace feasible.
.
Verifying trace...
.....
Trace feasible.
.
Verifying trace...
......
Trace feasible.
.
Verifying trace...
.......
Trace feasible.
.
Verifying trace...
........
Trace feasible.
.
Verifying trace...
.........
Trace feasible.
.
Verifying trace...
..........
Trace feasible.
.
Verifying trace...
...........
Trace feasible.
.
Verifying trace...
............
Trace feasible.
.Assertion failed: (WP != getVarManager().getManager().bddZero()), function reduce_left_by_right, file /Users/geri/Dropbox/boom-svn/src/Bdd/Concurrent/CounterSplitGlobalsState.cpp, line 1554.
