Parsing </Users/geri/Documents/bp-reduce/2014-04-06-22-58-04/reduced.76.bp> done.
Semantic check...  ok.
Note: Merging disabled (trace requested).
Transforming program for model-checker... done.
Configuration:
Eliminate dead variables: no (will be computed anyway)
Note: Automatic algorithm selection chose splitglobalscmc.
Renumbering statements...
Local types of: main
Strong locals: 
Weak locals: b3_l_eq_s, b4_0_eq_l, b5_1_eq_l
Life variable analysis...
Phase 1... done.
Phase 2... done.
Computing mod-ref-sets... done.
Computing read-write-sets... done.
Building BDD-program...
FIXME: in order to allow transformation into state-object we allocate more BDD variables...
Ordering BDD variables for concatenated layout...
Creating hybrid transition relations...Note: end_thread is treated as goto end
 done.
Starting counter abstraction symbolic simulation using BDDs...
(Abstract transitions are constructed on-the-fly).
Using static thread creation with 1 threads.
Variable Configuration:
Globals:
b0_s_le_2
------------------------------------11-----  1
b1
----------------------------------------11-  1
b2
--------------------------------------11---  1
------------------------------------111111-  1
Thread 0
Locals:
b3_l_eq_s$
------------11-----------------------------  1
b3_l_eq_s
------------------------11-----------------  1
b4_0_eq_l$
11-----------------------------------------  1
b4_0_eq_l
------------------------------11-----------  1
b5_1_eq_l$
------11-----------------------------------  1
b5_1_eq_l
------------------11-----------------------  1
11----11----11----11----11----11-----------  1
Thread 1
Locals:
b3_l_eq_s$
--------------11---------------------------  1
b3_l_eq_s
--------------------------11---------------  1
b4_0_eq_l$
--11---------------------------------------  1
b4_0_eq_l
--------------------------------11---------  1
b5_1_eq_l$
--------11---------------------------------  1
b5_1_eq_l
--------------------11---------------------  1
--11----11----11----11----11----11---------  1
Thread 2
Locals:
b3_l_eq_s$
----------------11-------------------------  1
b3_l_eq_s
----------------------------11-------------  1
b4_0_eq_l$
----11-------------------------------------  1
b4_0_eq_l
----------------------------------11-------  1
b5_1_eq_l$
----------11-------------------------------  1
b5_1_eq_l
----------------------11-------------------  1
----11----11----11----11----11----11-------  1
Step 0: reached states = 0, new states = 0, reached thread states = 0, new thread states = 0, peakNodeCount = 2044, reached size = 1, frontier size = 1, elapsed time: 00:00:00.000828
Step 1: reached states = 0, new states = 0, reached thread states = 0, new thread states = 0, peakNodeCount = 2044, reached size = 4, frontier size = 3, elapsed time: 00:00:00.001698
Step 2: reached states = 0, new states = 0, reached thread states = 0, new thread states = 0, peakNodeCount = 2044, reached size = 7, frontier size = 3, elapsed time: 00:00:00.002396
Step 3: reached states = 0, new states = 0, reached thread states = 0, new thread states = 0, peakNodeCount = 2044, reached size = 10, frontier size = 3, elapsed time: 00:00:00.002986
Step 4: reached states = 0, new states = 0, reached thread states = 0, new thread states = 0, peakNodeCount = 2044, reached size = 13, frontier size = 3, elapsed time: 00:00:00.003691
Step 5: reached states = 0, new states = 0, reached thread states = 0, new thread states = 0, peakNodeCount = 2044, reached size = 16, frontier size = 3, elapsed time: 00:00:00.004443
Step 6: reached states = 0, new states = 0, reached thread states = 0, new thread states = 0, peakNodeCount = 2044, reached size = 19, frontier size = 3, elapsed time: 00:00:00.005123
Step 7: reached states = 0, new states = 0, reached thread states = 0, new thread states = 0, peakNodeCount = 2044, reached size = 22, frontier size = 3, elapsed time: 00:00:00.005863
Step 8: reached states = 0, new states = 0, reached thread states = 0, new thread states = 0, peakNodeCount = 2044, reached size = 25, frontier size = 3, elapsed time: 00:00:00.006613
Step 9: reached states = 0, new states = 0, reached thread states = 0, new thread states = 0, peakNodeCount = 2044, reached size = 28, frontier size = 3, elapsed time: 00:00:00.007327
Note: Dynamic thread creation ignored due to static threads limit (ignored from now on)
Step 10: reached states = 0, new states = 0, reached thread states = 0, new thread states = 0, peakNodeCount = 2044, reached size = 31, frontier size = 3, elapsed time: 00:00:00.008013
Step 11: reached states = 0, new states = 0, reached thread states = 0, new thread states = 0, peakNodeCount = 3066, reached size = 34, frontier size = 3, elapsed time: 00:00:00.009587
Step 12: reached states = 0, new states = 0, reached thread states = 0, new thread states = 0, peakNodeCount = 3066, reached size = 40, frontier size = 6, elapsed time: 00:00:00.011759
Step 13: reached states = 0, new states = 0, reached thread states = 0, new thread states = 0, peakNodeCount = 3066, reached size = 47, frontier size = 7, elapsed time: 00:00:00.014223
Step 14: reached states = 0, new states = 0, reached thread states = 0, new thread states = 0, peakNodeCount = 3066, reached size = 54, frontier size = 7, elapsed time: 00:00:00.015785
Step 15: reached states = 0, new states = 0, reached thread states = 0, new thread states = 0, peakNodeCount = 3066, reached size = 61, frontier size = 7, elapsed time: 00:00:00.017425
Step 16: reached states = 0, new states = 0, reached thread states = 0, new thread states = 0, peakNodeCount = 3066, reached size = 68, frontier size = 7, elapsed time: 00:00:00.020238
Step 17: reached states = 0, new states = 0, reached thread states = 0, new thread states = 0, peakNodeCount = 3066, reached size = 78, frontier size = 10, elapsed time: 00:00:00.023778
Step 18: reached states = 0, new states = 0, reached thread states = 0, new thread states = 0, peakNodeCount = 3066, reached size = 89, frontier size = 11, elapsed time: 00:00:00.026384
Step 19: reached states = 0, new states = 0, reached thread states = 0, new thread states = 0, peakNodeCount = 4088, reached size = 102, frontier size = 13, elapsed time: 00:00:00.031484
Step 20: reached states = 0, new states = 0, reached thread states = 0, new thread states = 0, peakNodeCount = 8176, reached size = 131, frontier size = 29, elapsed time: 00:00:00.054364
Step 21: reached states = 0, new states = 0, reached thread states = 0, new thread states = 0, peakNodeCount = 13286, reached size = 196, frontier size = 65, elapsed time: 00:00:00.090353
Step 22: reached states = 0, new states = 0, reached thread states = 0, new thread states = 0, peakNodeCount = 16352, reached size = 256, frontier size = 60, elapsed time: 00:00:00.131686
Step 23: reached states = 0, new states = 0, reached thread states = 0, new thread states = 0, peakNodeCount = 19418, reached size = 318, frontier size = 62, elapsed time: 00:00:00.168443
Step 24: reached states = 0, new states = 0, reached thread states = 0, new thread states = 0, peakNodeCount = 19418, reached size = 370, frontier size = 52, elapsed time: 00:00:00.206197
Step 25: reached states = 0, new states = 0, reached thread states = 0, new thread states = 0, peakNodeCount = 19418, reached size = 453, frontier size = 83, elapsed time: 00:00:00.253067
Step 26: reached states = 0, new states = 0, reached thread states = 0, new thread states = 0, peakNodeCount = 20440, reached size = 521, frontier size = 68, elapsed time: 00:00:00.295772
Step 27: reached states = 0, new states = 0, reached thread states = 0, new thread states = 0, peakNodeCount = 20440, reached size = 588, frontier size = 67, elapsed time: 00:00:00.341653
Step 28: reached states = 0, new states = 0, reached thread states = 0, new thread states = 0, peakNodeCount = 22484, reached size = 686, frontier size = 98, elapsed time: 00:00:00.399509
Step 29: reached states = 0, new states = 0, reached thread states = 0, new thread states = 0, peakNodeCount = 25550, reached size = 766, frontier size = 87, elapsed time: 00:00:00.453330
Step 30: reached states = 0, new states = 0, reached thread states = 0, new thread states = 0, peakNodeCount = 29638, reached size = 817, frontier size = 60, elapsed time: 00:00:00.512223
Step 31: reached states = 0, new states = 0, reached thread states = 0, new thread states = 0, peakNodeCount = 35770, reached size = 856, frontier size = 51, elapsed time: 00:00:00.551315
Step 32: reached states = 0, new states = 0, reached thread states = 0, new thread states = 0, peakNodeCount = 36792, reached size = 892, frontier size = 48, elapsed time: 00:00:00.571711
Step 33: reached states = 0, new states = 0, reached thread states = 0, new thread states = 0, peakNodeCount = 36792, reached size = 922, frontier size = 35, elapsed time: 00:00:00.589688
Step 34: reached states = 0, new states = 0, reached thread states = 0, new thread states = 0, peakNodeCount = 36792, reached size = 947, frontier size = 35, elapsed time: 00:00:00.604642
Step 35: reached states = 0, new states = 0, reached thread states = 0, new thread states = 0, peakNodeCount = 36792, reached size = 978, frontier size = 41, elapsed time: 00:00:00.621318
Step 36: reached states = 0, new states = 0, reached thread states = 0, new thread states = 0, peakNodeCount = 36792, reached size = 1032, frontier size = 61, elapsed time: 00:00:00.650380
Step 37: reached states = 0, new states = 0, reached thread states = 0, new thread states = 0, peakNodeCount = 36792, reached size = 1082, frontier size = 56, elapsed time: 00:00:00.670567
Step 38: reached states = 0, new states = 0, reached thread states = 0, new thread states = 0, peakNodeCount = 36792, reached size = 1114, frontier size = 44, elapsed time: 00:00:00.698193
Step 39: reached states = 0, new states = 0, reached thread states = 0, new thread states = 0, peakNodeCount = 36792, reached size = 1145, frontier size = 50, elapsed time: 00:00:00.724672
Step 40: reached states = 0, new states = 0, reached thread states = 0, new thread states = 0, peakNodeCount = 36792, reached size = 1175, frontier size = 45, elapsed time: 00:00:00.743253
Step 41: reached states = 0, new states = 0, reached thread states = 0, new thread states = 0, peakNodeCount = 36792, reached size = 1185, frontier size = 25, elapsed time: 00:00:00.758731
Step 42: reached states = 0, new states = 0, reached thread states = 0, new thread states = 0, peakNodeCount = 36792, reached size = 1190, frontier size = 23, elapsed time: 00:00:00.768557
Step 43: reached states = 0, new states = 0, reached thread states = 0, new thread states = 0, peakNodeCount = 36792, reached size = 1190, frontier size = 0, elapsed time: 00:00:00.768818
Elapsed time: 00:00:00.768858
Note: Violation found (in the last reachable state).
.
Verifying trace...
.
Trace feasible.
.
Verifying trace...
..
Trace feasible.
.
Verifying trace...
...
Trace feasible.
.
Verifying trace...
....
Trace feasible.
.
Verifying trace...
.....
Trace feasible.
.
Verifying trace...
......
Trace feasible.
.
Verifying trace...
.......
Trace feasible.
.
Verifying trace...
........
Trace feasible.
.
Verifying trace...
.........
Trace feasible.
.
Verifying trace...
..........
Trace feasible.
.
Verifying trace...
...........
Trace feasible.
.
Verifying trace...
............
Trace feasible.
.
Verifying trace...
.............
Trace feasible.
.
Verifying trace...
..............
Trace feasible.
.
Verifying trace...
...............
Trace feasible.
.
Verifying trace...
................
Trace feasible.
.
Verifying trace...
.................
Trace feasible.
.
Verifying trace...
..................
Trace feasible.
.
Verifying trace...
...................
Trace feasible.
.
Verifying trace...
....................
Trace feasible.
.
Verifying trace...
.....................
Trace feasible.
.
Verifying trace...
......................
Trace feasible.
.
Verifying trace...
.......................
Trace feasible.
.
Verifying trace...
........................
Trace feasible.
.
Verifying trace...
.........................
Trace feasible.
.
Verifying trace...
..........................
Trace feasible.
.
Verifying trace...
...........................
Trace feasible.
.
Verifying trace...
............................
Trace feasible.
.
Verifying trace...
.............................
Trace feasible.
.
Verifying trace...
..............................
Trace feasible.
.
Verifying trace...
...............................
Trace feasible.
.
Verifying trace...
................................
Trace feasible.
.
Verifying trace...
.................................
Trace feasible.
.
Verifying trace...
..................................
Trace feasible.
.
Verifying trace...
...................................
Trace feasible.
.
Verifying trace...
....................................
Trace feasible.
.
Verifying trace...
.....................................
Trace feasible.
.
Verifying trace...
......................................
Trace feasible.
.
Verifying trace...
.......................................
Trace feasible.
.
Verifying trace...
........................................
Trace feasible.
.
Verifying trace...
.........................................
Trace feasible.
.
Verifying trace...
..........................................
Trace feasible.
**********************************************************
Trace
**********************************************************
TRACE t=0 PC1 b0_s_le_2=0 b1=0 b2=1 main::b3_l_eq_s=0 main::b4_0_eq_l=1 main::b5_1_eq_l=0 
TRACE t=0 PC2 b0_s_le_2=0 b1=0 b2=1 main::b3_l_eq_s=1 main::b4_0_eq_l=1 main::b5_1_eq_l=0 
TRACE t=0 l1 PC10 b0_s_le_2=0 b1=0 b2=0 main::b3_l_eq_s=1 main::b4_0_eq_l=1 main::b5_1_eq_l=0 
TRACE t=0 PC11 b0_s_le_2=0 b1=0 b2=0 main::b3_l_eq_s=1 main::b4_0_eq_l=1 main::b5_1_eq_l=0 
TRACE t=0 l5 PC39 b0_s_le_2=0 b1=0 b2=0 main::b3_l_eq_s=1 main::b4_0_eq_l=1 main::b5_1_eq_l=0 main::b3_l_eq_s=1 main::b4_0_eq_l=1 main::b5_1_eq_l=0 TAKEN=1
TRACE t=0 l1 PC10 b0_s_le_2=0 b1=0 b2=0 main::b3_l_eq_s=1 main::b4_0_eq_l=1 main::b5_1_eq_l=0 main::b3_l_eq_s=1 main::b4_0_eq_l=1 main::b5_1_eq_l=0 
TRACE t=0 PC11 b0_s_le_2=0 b1=0 b2=0 main::b3_l_eq_s=1 main::b4_0_eq_l=1 main::b5_1_eq_l=0 main::b3_l_eq_s=1 main::b4_0_eq_l=1 main::b5_1_eq_l=0 
TRACE t=0 l5 PC39 b0_s_le_2=0 b1=0 b2=0 main::b3_l_eq_s=1 main::b4_0_eq_l=1 main::b5_1_eq_l=0 main::b3_l_eq_s=1 main::b4_0_eq_l=1 main::b5_1_eq_l=0 main::b3_l_eq_s=1 main::b4_0_eq_l=1 main::b5_1_eq_l=0 TAKEN=1
TRACE t=0 l1 PC10 b0_s_le_2=0 b1=0 b2=0 main::b3_l_eq_s=1 main::b4_0_eq_l=1 main::b5_1_eq_l=0 main::b3_l_eq_s=1 main::b4_0_eq_l=1 main::b5_1_eq_l=0 main::b3_l_eq_s=1 main::b4_0_eq_l=1 main::b5_1_eq_l=0 
TRACE t=0 PC11 b0_s_le_2=0 b1=0 b2=0 main::b3_l_eq_s=1 main::b4_0_eq_l=1 main::b5_1_eq_l=0 main::b3_l_eq_s=1 main::b4_0_eq_l=1 main::b5_1_eq_l=0 main::b3_l_eq_s=1 main::b4_0_eq_l=1 main::b5_1_eq_l=0 
TRACE t=0 PC13 b0_s_le_2=0 b1=0 b2=0 main::b3_l_eq_s=1 main::b4_0_eq_l=1 main::b5_1_eq_l=0 main::b3_l_eq_s=1 main::b4_0_eq_l=1 main::b5_1_eq_l=0 main::b3_l_eq_s=1 main::b4_0_eq_l=1 main::b5_1_eq_l=0 
TRACE t=0 PC18 b0_s_le_2=0 b1=0 b2=0 main::b3_l_eq_s=0 main::b4_0_eq_l=1 main::b5_1_eq_l=0 main::b3_l_eq_s=1 main::b4_0_eq_l=1 main::b5_1_eq_l=0 main::b3_l_eq_s=1 main::b4_0_eq_l=1 main::b5_1_eq_l=0 TAKEN=1
TRACE t=0 b0_s_le_2=0 b1=0 b2=0 main::b3_l_eq_s=0 main::b4_0_eq_l=1 main::b5_1_eq_l=0 main::b3_l_eq_s=1 main::b4_0_eq_l=1 main::b5_1_eq_l=0 main::b3_l_eq_s=1 main::b4_0_eq_l=1 main::b5_1_eq_l=0 
TRACE t=0 b0_s_le_2=0 b1=0 b2=0 main::b3_l_eq_s=0 main::b4_0_eq_l=1 main::b5_1_eq_l=0 main::b3_l_eq_s=1 main::b4_0_eq_l=1 main::b5_1_eq_l=0 main::b3_l_eq_s=1 main::b4_0_eq_l=1 main::b5_1_eq_l=0 TAKEN=1
TRACE t=0 l2 PC23 b0_s_le_2=0 b1=0 b2=0 main::b3_l_eq_s=0 main::b4_0_eq_l=1 main::b5_1_eq_l=0 main::b3_l_eq_s=1 main::b4_0_eq_l=1 main::b5_1_eq_l=0 main::b3_l_eq_s=1 main::b4_0_eq_l=1 main::b5_1_eq_l=0 
TRACE t=0 PC29 b0_s_le_2=0 b1=0 b2=0 main::b3_l_eq_s=0 main::b4_0_eq_l=1 main::b5_1_eq_l=0 main::b3_l_eq_s=1 main::b4_0_eq_l=1 main::b5_1_eq_l=0 main::b3_l_eq_s=1 main::b4_0_eq_l=1 main::b5_1_eq_l=0 TAKEN=1
TRACE t=0 b0_s_le_2=0 b1=0 b2=0 main::b3_l_eq_s=0 main::b4_0_eq_l=1 main::b5_1_eq_l=0 main::b3_l_eq_s=1 main::b4_0_eq_l=1 main::b5_1_eq_l=0 main::b3_l_eq_s=1 main::b4_0_eq_l=1 main::b5_1_eq_l=0 
TRACE t=0 b0_s_le_2=0 b1=0 b2=0 main::b3_l_eq_s=0 main::b4_0_eq_l=1 main::b5_1_eq_l=0 main::b3_l_eq_s=1 main::b4_0_eq_l=1 main::b5_1_eq_l=0 main::b3_l_eq_s=1 main::b4_0_eq_l=1 main::b5_1_eq_l=0 TAKEN=1
TRACE t=0 l3 PC31 b0_s_le_2=0 b1=0 b2=0 main::b3_l_eq_s=0 main::b4_0_eq_l=1 main::b5_1_eq_l=0 main::b3_l_eq_s=1 main::b4_0_eq_l=1 main::b5_1_eq_l=0 main::b3_l_eq_s=1 main::b4_0_eq_l=1 main::b5_1_eq_l=0 
TRACE t=1 PC13 b0_s_le_2=0 b1=0 b2=0 main::b3_l_eq_s=1 main::b4_0_eq_l=1 main::b5_1_eq_l=0 main::b3_l_eq_s=0 main::b4_0_eq_l=1 main::b5_1_eq_l=0 main::b3_l_eq_s=0 main::b4_0_eq_l=1 main::b5_1_eq_l=0 
TRACE t=0 PC36 b0_s_le_2=0 b1=0 b2=0 main::b3_l_eq_s=1 main::b4_0_eq_l=1 main::b5_1_eq_l=0 main::b3_l_eq_s=0 main::b4_0_eq_l=1 main::b5_1_eq_l=0 main::b3_l_eq_s=0 main::b4_0_eq_l=1 main::b5_1_eq_l=0 
TRACE t=0 PC38 b0_s_le_2=0 b1=0 b2=1 main::b3_l_eq_s=1 main::b4_0_eq_l=1 main::b5_1_eq_l=0 main::b3_l_eq_s=0 main::b4_0_eq_l=1 main::b5_1_eq_l=0 main::b3_l_eq_s=0 main::b4_0_eq_l=1 main::b5_1_eq_l=0 
TRACE t=1 PC18 b0_s_le_2=0 b1=0 b2=1 main::b3_l_eq_s=1 main::b4_0_eq_l=1 main::b5_1_eq_l=0 main::b3_l_eq_s=0 main::b4_0_eq_l=1 main::b5_1_eq_l=0 main::b3_l_eq_s=0 main::b4_0_eq_l=1 main::b5_1_eq_l=0 TAKEN=1
TRACE t=1 b0_s_le_2=0 b1=0 b2=1 main::b3_l_eq_s=1 main::b4_0_eq_l=1 main::b5_1_eq_l=0 main::b3_l_eq_s=0 main::b4_0_eq_l=1 main::b5_1_eq_l=0 main::b3_l_eq_s=0 main::b4_0_eq_l=1 main::b5_1_eq_l=0 
TRACE t=1 b0_s_le_2=0 b1=0 b2=1 main::b3_l_eq_s=1 main::b4_0_eq_l=1 main::b5_1_eq_l=0 main::b3_l_eq_s=0 main::b4_0_eq_l=1 main::b5_1_eq_l=0 main::b3_l_eq_s=0 main::b4_0_eq_l=1 main::b5_1_eq_l=0 TAKEN=1
TRACE t=1 l2 PC23 b0_s_le_2=0 b1=0 b2=1 main::b3_l_eq_s=1 main::b4_0_eq_l=1 main::b5_1_eq_l=0 main::b3_l_eq_s=0 main::b4_0_eq_l=1 main::b5_1_eq_l=0 main::b3_l_eq_s=0 main::b4_0_eq_l=1 main::b5_1_eq_l=0 
TRACE t=1 PC29 b0_s_le_2=0 b1=0 b2=1 main::b3_l_eq_s=1 main::b4_0_eq_l=1 main::b5_1_eq_l=0 main::b3_l_eq_s=0 main::b4_0_eq_l=1 main::b5_1_eq_l=0 main::b3_l_eq_s=0 main::b4_0_eq_l=1 main::b5_1_eq_l=0 TAKEN=1
TRACE t=1 b0_s_le_2=0 b1=0 b2=1 main::b3_l_eq_s=1 main::b4_0_eq_l=1 main::b5_1_eq_l=0 main::b3_l_eq_s=0 main::b4_0_eq_l=1 main::b5_1_eq_l=0 main::b3_l_eq_s=0 main::b4_0_eq_l=1 main::b5_1_eq_l=0 
TRACE t=1 b0_s_le_2=0 b1=0 b2=1 main::b3_l_eq_s=1 main::b4_0_eq_l=1 main::b5_1_eq_l=0 main::b3_l_eq_s=0 main::b4_0_eq_l=1 main::b5_1_eq_l=0 main::b3_l_eq_s=0 main::b4_0_eq_l=1 main::b5_1_eq_l=0 TAKEN=1
TRACE t=1 l3 PC31 b0_s_le_2=0 b1=0 b2=1 main::b3_l_eq_s=1 main::b4_0_eq_l=1 main::b5_1_eq_l=0 main::b3_l_eq_s=0 main::b4_0_eq_l=1 main::b5_1_eq_l=0 main::b3_l_eq_s=0 main::b4_0_eq_l=1 main::b5_1_eq_l=0 
TRACE t=1 PC36 b0_s_le_2=1 b1=0 b2=1 main::b3_l_eq_s=0 main::b4_0_eq_l=1 main::b5_1_eq_l=0 main::b3_l_eq_s=1 main::b4_0_eq_l=1 main::b5_1_eq_l=0 main::b3_l_eq_s=1 main::b4_0_eq_l=1 main::b5_1_eq_l=0 
TRACE t=1 PC38 b0_s_le_2=1 b1=1 b2=1 main::b3_l_eq_s=0 main::b4_0_eq_l=1 main::b5_1_eq_l=0 main::b3_l_eq_s=1 main::b4_0_eq_l=1 main::b5_1_eq_l=0 main::b3_l_eq_s=1 main::b4_0_eq_l=1 main::b5_1_eq_l=0 
TRACE t=2 PC13 b0_s_le_2=1 b1=1 b2=1 main::b3_l_eq_s=0 main::b4_0_eq_l=1 main::b5_1_eq_l=0 main::b3_l_eq_s=1 main::b4_0_eq_l=1 main::b5_1_eq_l=0 main::b3_l_eq_s=1 main::b4_0_eq_l=1 main::b5_1_eq_l=0 
TRACE t=2 PC18 b0_s_le_2=1 b1=1 b2=1 main::b3_l_eq_s=0 main::b4_0_eq_l=1 main::b5_1_eq_l=0 main::b3_l_eq_s=1 main::b4_0_eq_l=1 main::b5_1_eq_l=0 main::b3_l_eq_s=1 main::b4_0_eq_l=1 main::b5_1_eq_l=1 TAKEN=0
TRACE t=2 b0_s_le_2=1 b1=1 b2=1 main::b3_l_eq_s=0 main::b4_0_eq_l=1 main::b5_1_eq_l=0 main::b3_l_eq_s=1 main::b4_0_eq_l=1 main::b5_1_eq_l=0 main::b3_l_eq_s=1 main::b4_0_eq_l=1 main::b5_1_eq_l=1 
TRACE t=2 b0_s_le_2=1 b1=1 b2=1 main::b3_l_eq_s=0 main::b4_0_eq_l=1 main::b5_1_eq_l=0 main::b3_l_eq_s=1 main::b4_0_eq_l=1 main::b5_1_eq_l=0 main::b3_l_eq_s=1 main::b4_0_eq_l=1 main::b5_1_eq_l=1 
TRACE t=2 PC19 b0_s_le_2=1 b1=1 b2=1 main::b3_l_eq_s=0 main::b4_0_eq_l=1 main::b5_1_eq_l=0 main::b3_l_eq_s=1 main::b4_0_eq_l=1 main::b5_1_eq_l=0 main::b3_l_eq_s=1 main::b4_0_eq_l=1 main::b5_1_eq_l=1 TAKEN=0
TRACE t=2 b0_s_le_2=1 b1=1 b2=1 main::b3_l_eq_s=0 main::b4_0_eq_l=1 main::b5_1_eq_l=0 main::b3_l_eq_s=1 main::b4_0_eq_l=1 main::b5_1_eq_l=0 main::b3_l_eq_s=1 main::b4_0_eq_l=1 main::b5_1_eq_l=1 
TRACE t=2 b0_s_le_2=1 b1=1 b2=1 main::b3_l_eq_s=0 main::b4_0_eq_l=1 main::b5_1_eq_l=0 main::b3_l_eq_s=1 main::b4_0_eq_l=1 main::b5_1_eq_l=0 main::b3_l_eq_s=1 main::b4_0_eq_l=1 main::b5_1_eq_l=1 
TRACE t=2 PC21 b0_s_le_2=1 b1=1 b2=1 main::b3_l_eq_s=0 main::b4_0_eq_l=1 main::b5_1_eq_l=0 main::b3_l_eq_s=1 main::b4_0_eq_l=1 main::b5_1_eq_l=0 main::b3_l_eq_s=1 main::b4_0_eq_l=1 main::b5_1_eq_l=1 TAKEN=0
TRACE t=2 b0_s_le_2=1 b1=1 b2=1 main::b3_l_eq_s=0 main::b4_0_eq_l=1 main::b5_1_eq_l=0 main::b3_l_eq_s=1 main::b4_0_eq_l=1 main::b5_1_eq_l=0 main::b3_l_eq_s=1 main::b4_0_eq_l=1 main::b5_1_eq_l=1 
TRACE t=2 b0_s_le_2=1 b1=1 b2=1 main::b3_l_eq_s=0 main::b4_0_eq_l=1 main::b5_1_eq_l=0 main::b3_l_eq_s=1 main::b4_0_eq_l=1 main::b5_1_eq_l=0 main::b3_l_eq_s=1 main::b4_0_eq_l=1 main::b5_1_eq_l=1 
TRACE t=2 PC22 b0_s_le_2=1 b1=1 b2=1 main::b3_l_eq_s=0 main::b4_0_eq_l=1 main::b5_1_eq_l=0 main::b3_l_eq_s=1 main::b4_0_eq_l=1 main::b5_1_eq_l=0 main::b3_l_eq_s=1 main::b4_0_eq_l=1 main::b5_1_eq_l=1 

Verifying trace...
..........................................
Trace feasible.
Elapsed time: 00:00:01.849048

VERIFICATION FAILED
