Parsing </Users/geri/Documents/bp-reduce/2014-04-06-22-58-04/reduced.200.bp> done.
Semantic check...  ok.
Note: Merging disabled (trace requested).
Transforming program for model-checker... done.
Configuration:
Eliminate dead variables: no (will be computed anyway)
Note: Automatic algorithm selection chose splitglobalscmc.
Renumbering statements...
Local types of: main
Strong locals: b5_1_eq_l
Weak locals: b3_l_eq_s, b4_0_eq_l
Life variable analysis...
Phase 1... done.
Phase 2... done.
Computing mod-ref-sets... done.
Computing read-write-sets... done.
Building BDD-program...
FIXME: in order to allow transformation into state-object we allocate more BDD variables...
Ordering BDD variables for concatenated layout...
Creating hybrid transition relations...Note: end_thread is treated as goto end
 done.
Starting counter abstraction symbolic simulation using BDDs...
(Abstract transitions are constructed on-the-fly).
Using static thread creation with 1 threads.
Variable Configuration:
Globals:
b0_s_le_2
11----------------------------------------  1
b1
--------------------------------11--------  1
b2
----------------------------------11------  1
11------------------------------1111------  1
Thread 0
Locals:
b3_l_eq_s$
--------------------------11--------------  1
b3_l_eq_s
--------11--------------------------------  1
b4_0_eq_l$
--------------------11--------------------  1
b4_0_eq_l
--11--------------------------------------  1
b5_1_eq_l$
------------------------------------11----  1
b5_1_eq_l
--------------11--------------------------  1
--11----11----11----11----11--------11----  1
Thread 1
Locals:
b3_l_eq_s$
----------------------------11------------  1
b3_l_eq_s
----------11------------------------------  1
b4_0_eq_l$
----------------------11------------------  1
b4_0_eq_l
----11------------------------------------  1
b5_1_eq_l$
--------------------------------------11--  1
b5_1_eq_l
----------------11------------------------  1
----11----11----11----11----11--------11--  1
Thread 2
Locals:
b3_l_eq_s$
------------------------------11----------  1
b3_l_eq_s
------------11----------------------------  1
b4_0_eq_l$
------------------------11----------------  1
b4_0_eq_l
------11----------------------------------  1
b5_1_eq_l$
----------------------------------------11  1
b5_1_eq_l
------------------11----------------------  1
------11----11----11----11----11--------11  1
Step 0: reached states = 0, new states = 0, reached thread states = 0, new thread states = 0, peakNodeCount = 1022, reached size = 1, frontier size = 1, elapsed time: 00:00:00.000837
Step 1: reached states = 0, new states = 0, reached thread states = 0, new thread states = 0, peakNodeCount = 2044, reached size = 3, frontier size = 2, elapsed time: 00:00:00.001452
Step 2: reached states = 0, new states = 0, reached thread states = 0, new thread states = 0, peakNodeCount = 2044, reached size = 5, frontier size = 2, elapsed time: 00:00:00.001882
Step 3: reached states = 0, new states = 0, reached thread states = 0, new thread states = 0, peakNodeCount = 2044, reached size = 7, frontier size = 2, elapsed time: 00:00:00.002224
Step 4: reached states = 0, new states = 0, reached thread states = 0, new thread states = 0, peakNodeCount = 2044, reached size = 9, frontier size = 2, elapsed time: 00:00:00.002623
Step 5: reached states = 0, new states = 0, reached thread states = 0, new thread states = 0, peakNodeCount = 2044, reached size = 11, frontier size = 2, elapsed time: 00:00:00.003081
Step 6: reached states = 0, new states = 0, reached thread states = 0, new thread states = 0, peakNodeCount = 2044, reached size = 13, frontier size = 2, elapsed time: 00:00:00.003489
Step 7: reached states = 0, new states = 0, reached thread states = 0, new thread states = 0, peakNodeCount = 2044, reached size = 15, frontier size = 2, elapsed time: 00:00:00.003922
Step 8: reached states = 0, new states = 0, reached thread states = 0, new thread states = 0, peakNodeCount = 2044, reached size = 17, frontier size = 2, elapsed time: 00:00:00.004379
Step 9: reached states = 0, new states = 0, reached thread states = 0, new thread states = 0, peakNodeCount = 2044, reached size = 19, frontier size = 2, elapsed time: 00:00:00.004799
Note: Dynamic thread creation ignored due to static threads limit (ignored from now on)
Step 10: reached states = 0, new states = 0, reached thread states = 0, new thread states = 0, peakNodeCount = 2044, reached size = 21, frontier size = 2, elapsed time: 00:00:00.005194
Step 11: reached states = 0, new states = 0, reached thread states = 0, new thread states = 0, peakNodeCount = 2044, reached size = 27, frontier size = 6, elapsed time: 00:00:00.006488
Step 12: reached states = 0, new states = 0, reached thread states = 0, new thread states = 0, peakNodeCount = 2044, reached size = 33, frontier size = 6, elapsed time: 00:00:00.008012
Step 13: reached states = 0, new states = 0, reached thread states = 0, new thread states = 0, peakNodeCount = 2044, reached size = 39, frontier size = 6, elapsed time: 00:00:00.009459
Step 14: reached states = 0, new states = 0, reached thread states = 0, new thread states = 0, peakNodeCount = 2044, reached size = 45, frontier size = 6, elapsed time: 00:00:00.010888
Step 15: reached states = 0, new states = 0, reached thread states = 0, new thread states = 0, peakNodeCount = 2044, reached size = 59, frontier size = 14, elapsed time: 00:00:00.015331
Step 16: reached states = 0, new states = 0, reached thread states = 0, new thread states = 0, peakNodeCount = 2044, reached size = 73, frontier size = 14, elapsed time: 00:00:00.019343
Step 17: reached states = 0, new states = 0, reached thread states = 0, new thread states = 0, peakNodeCount = 2044, reached size = 87, frontier size = 14, elapsed time: 00:00:00.023293
Step 18: reached states = 0, new states = 0, reached thread states = 0, new thread states = 0, peakNodeCount = 2044, reached size = 101, frontier size = 14, elapsed time: 00:00:00.026502
Step 19: reached states = 0, new states = 0, reached thread states = 0, new thread states = 0, peakNodeCount = 3066, reached size = 132, frontier size = 31, elapsed time: 00:00:00.040366
Step 20: reached states = 0, new states = 0, reached thread states = 0, new thread states = 0, peakNodeCount = 3066, reached size = 163, frontier size = 31, elapsed time: 00:00:00.050745
Step 21: reached states = 0, new states = 0, reached thread states = 0, new thread states = 0, peakNodeCount = 3066, reached size = 194, frontier size = 31, elapsed time: 00:00:00.060604
Step 22: reached states = 0, new states = 0, reached thread states = 0, new thread states = 0, peakNodeCount = 3066, reached size = 215, frontier size = 21, elapsed time: 00:00:00.068785
Step 23: reached states = 0, new states = 0, reached thread states = 0, new thread states = 0, peakNodeCount = 5110, reached size = 247, frontier size = 32, elapsed time: 00:00:00.087226
Step 24: reached states = 0, new states = 0, reached thread states = 0, new thread states = 0, peakNodeCount = 5110, reached size = 297, frontier size = 50, elapsed time: 00:00:00.109565
Step 25: reached states = 0, new states = 0, reached thread states = 0, new thread states = 0, peakNodeCount = 5110, reached size = 347, frontier size = 50, elapsed time: 00:00:00.131592
Step 26: reached states = 0, new states = 0, reached thread states = 0, new thread states = 0, peakNodeCount = 5110, reached size = 398, frontier size = 51, elapsed time: 00:00:00.155588
Step 27: reached states = 0, new states = 0, reached thread states = 0, new thread states = 0, peakNodeCount = 7154, reached size = 452, frontier size = 54, elapsed time: 00:00:00.190716
Step 28: reached states = 0, new states = 0, reached thread states = 0, new thread states = 0, peakNodeCount = 8176, reached size = 532, frontier size = 80, elapsed time: 00:00:00.231252
Step 29: reached states = 0, new states = 0, reached thread states = 0, new thread states = 0, peakNodeCount = 8176, reached size = 600, frontier size = 68, elapsed time: 00:00:00.260686
Step 30: reached states = 0, new states = 0, reached thread states = 0, new thread states = 0, peakNodeCount = 10220, reached size = 665, frontier size = 65, elapsed time: 00:00:00.296698
Step 31: reached states = 0, new states = 0, reached thread states = 0, new thread states = 0, peakNodeCount = 10220, reached size = 718, frontier size = 53, elapsed time: 00:00:00.328356
Step 32: reached states = 0, new states = 0, reached thread states = 0, new thread states = 0, peakNodeCount = 10220, reached size = 718, frontier size = 0, elapsed time: 00:00:00.328563
Elapsed time: 00:00:00.328608
Note: Violation found (in the last reachable state).
.
Verifying trace...
.
Trace feasible.
.
Verifying trace...
..
Trace feasible.
.
Verifying trace...
...
Trace feasible.
.
Verifying trace...
....
Trace feasible.
.
Verifying trace...
.....
Trace feasible.
.
Verifying trace...
......
Trace feasible.
.
Verifying trace...
.......
Trace feasible.
.
Verifying trace...
........
Trace feasible.
.
Verifying trace...
.........
Trace feasible.
.
Verifying trace...
..........
Trace feasible.
.
Verifying trace...
...........
Trace feasible.
.
Verifying trace...
............
Trace feasible.
.
Verifying trace...
.............
Trace feasible.
.
Verifying trace...
..............
Trace feasible.
.
Verifying trace...
...............
Trace feasible.
.
Verifying trace...
................
Trace feasible.
.
Verifying trace...
.................
Trace feasible.
.
Verifying trace...
..................
Trace feasible.
.
Verifying trace...
...................
Trace feasible.
.
Verifying trace...
....................
Trace feasible.
.
Verifying trace...
.....................
Trace feasible.
.
Verifying trace...
......................
Trace feasible.
.
Verifying trace...
.......................
Trace feasible.
.
Verifying trace...
........................
Trace feasible.
.
Verifying trace...
.........................
Trace feasible.
.
Verifying trace...
..........................
Trace feasible.
.
Verifying trace...
...........................
Trace feasible.
.
Verifying trace...
............................
Trace feasible.
.
Verifying trace...
.............................
Trace feasible.
.
Verifying trace...
..............................
Trace feasible.
.
Verifying trace...
...............................
Trace feasible.
**********************************************************
Trace
**********************************************************
TRACE t=0 PC1 b0_s_le_2=0 b1=0 b2=0 main::b3_l_eq_s=0 main::b4_0_eq_l=1 main::b5_1_eq_l=1 
TRACE t=0 PC2 b0_s_le_2=0 b1=0 b2=0 main::b3_l_eq_s=0 main::b4_0_eq_l=1 main::b5_1_eq_l=1 
TRACE t=0 l1 PC10 b0_s_le_2=0 b1=0 b2=0 main::b3_l_eq_s=0 main::b4_0_eq_l=1 main::b5_1_eq_l=1 
TRACE t=0 PC11 b0_s_le_2=0 b1=0 b2=0 main::b3_l_eq_s=0 main::b4_0_eq_l=1 main::b5_1_eq_l=1 
TRACE t=0 l5 PC39 b0_s_le_2=0 b1=0 b2=0 main::b3_l_eq_s=0 main::b4_0_eq_l=1 main::b5_1_eq_l=1 main::b3_l_eq_s=0 main::b4_0_eq_l=0 main::b5_1_eq_l=1 TAKEN=1
TRACE t=0 l1 PC10 b0_s_le_2=0 b1=0 b2=0 main::b3_l_eq_s=0 main::b4_0_eq_l=1 main::b5_1_eq_l=1 main::b3_l_eq_s=0 main::b4_0_eq_l=0 main::b5_1_eq_l=1 
TRACE t=0 PC11 b0_s_le_2=0 b1=0 b2=0 main::b3_l_eq_s=0 main::b4_0_eq_l=1 main::b5_1_eq_l=1 main::b3_l_eq_s=0 main::b4_0_eq_l=0 main::b5_1_eq_l=1 
TRACE t=0 l5 PC39 b0_s_le_2=0 b1=0 b2=0 main::b3_l_eq_s=0 main::b4_0_eq_l=1 main::b5_1_eq_l=1 main::b3_l_eq_s=0 main::b4_0_eq_l=0 main::b5_1_eq_l=1 main::b3_l_eq_s=0 main::b4_0_eq_l=1 main::b5_1_eq_l=1 TAKEN=1
TRACE t=0 l1 PC10 b0_s_le_2=0 b1=0 b2=0 main::b3_l_eq_s=0 main::b4_0_eq_l=1 main::b5_1_eq_l=1 main::b3_l_eq_s=0 main::b4_0_eq_l=0 main::b5_1_eq_l=1 main::b3_l_eq_s=0 main::b4_0_eq_l=1 main::b5_1_eq_l=1 
TRACE t=0 PC11 b0_s_le_2=0 b1=0 b2=0 main::b3_l_eq_s=0 main::b4_0_eq_l=1 main::b5_1_eq_l=1 main::b3_l_eq_s=0 main::b4_0_eq_l=0 main::b5_1_eq_l=1 main::b3_l_eq_s=0 main::b4_0_eq_l=1 main::b5_1_eq_l=1 
TRACE t=0 PC13 b0_s_le_2=0 b1=0 b2=0 main::b3_l_eq_s=0 main::b4_0_eq_l=1 main::b5_1_eq_l=1 main::b3_l_eq_s=0 main::b4_0_eq_l=0 main::b5_1_eq_l=1 main::b3_l_eq_s=0 main::b4_0_eq_l=1 main::b5_1_eq_l=1 
TRACE t=0 PC18 b0_s_le_2=0 b1=0 b2=0 main::b3_l_eq_s=1 main::b4_0_eq_l=1 main::b5_1_eq_l=0 main::b3_l_eq_s=0 main::b4_0_eq_l=0 main::b5_1_eq_l=1 main::b3_l_eq_s=0 main::b4_0_eq_l=1 main::b5_1_eq_l=1 TAKEN=0
TRACE t=0 b0_s_le_2=0 b1=0 b2=0 main::b3_l_eq_s=1 main::b4_0_eq_l=1 main::b5_1_eq_l=0 main::b3_l_eq_s=0 main::b4_0_eq_l=0 main::b5_1_eq_l=1 main::b3_l_eq_s=0 main::b4_0_eq_l=1 main::b5_1_eq_l=1 
TRACE t=0 b0_s_le_2=0 b1=0 b2=0 main::b3_l_eq_s=1 main::b4_0_eq_l=1 main::b5_1_eq_l=0 main::b3_l_eq_s=0 main::b4_0_eq_l=0 main::b5_1_eq_l=1 main::b3_l_eq_s=0 main::b4_0_eq_l=1 main::b5_1_eq_l=1 
TRACE t=0 PC19 b0_s_le_2=0 b1=0 b2=0 main::b3_l_eq_s=1 main::b4_0_eq_l=1 main::b5_1_eq_l=0 main::b3_l_eq_s=0 main::b4_0_eq_l=0 main::b5_1_eq_l=1 main::b3_l_eq_s=0 main::b4_0_eq_l=1 main::b5_1_eq_l=1 TAKEN=1
TRACE t=0 b0_s_le_2=0 b1=0 b2=0 main::b3_l_eq_s=1 main::b4_0_eq_l=1 main::b5_1_eq_l=0 main::b3_l_eq_s=0 main::b4_0_eq_l=0 main::b5_1_eq_l=1 main::b3_l_eq_s=0 main::b4_0_eq_l=1 main::b5_1_eq_l=1 
TRACE t=0 b0_s_le_2=0 b1=0 b2=0 main::b3_l_eq_s=1 main::b4_0_eq_l=1 main::b5_1_eq_l=0 main::b3_l_eq_s=0 main::b4_0_eq_l=0 main::b5_1_eq_l=1 main::b3_l_eq_s=0 main::b4_0_eq_l=1 main::b5_1_eq_l=1 TAKEN=1
TRACE t=0 l2 PC23 b0_s_le_2=0 b1=0 b2=0 main::b3_l_eq_s=1 main::b4_0_eq_l=1 main::b5_1_eq_l=0 main::b3_l_eq_s=0 main::b4_0_eq_l=0 main::b5_1_eq_l=1 main::b3_l_eq_s=0 main::b4_0_eq_l=1 main::b5_1_eq_l=1 
TRACE t=0 l3 PC31 b0_s_le_2=0 b1=0 b2=0 main::b3_l_eq_s=1 main::b4_0_eq_l=1 main::b5_1_eq_l=0 main::b3_l_eq_s=0 main::b4_0_eq_l=0 main::b5_1_eq_l=1 main::b3_l_eq_s=0 main::b4_0_eq_l=1 main::b5_1_eq_l=1 
TRACE t=1 PC13 b0_s_le_2=1 b1=0 b2=0 main::b3_l_eq_s=1 main::b4_0_eq_l=1 main::b5_1_eq_l=0 main::b3_l_eq_s=1 main::b4_0_eq_l=0 main::b5_1_eq_l=1 main::b3_l_eq_s=1 main::b4_0_eq_l=1 main::b5_1_eq_l=1 
TRACE t=1 PC18 b0_s_le_2=1 b1=0 b2=0 main::b3_l_eq_s=1 main::b4_0_eq_l=1 main::b5_1_eq_l=0 main::b3_l_eq_s=1 main::b4_0_eq_l=0 main::b5_1_eq_l=0 main::b3_l_eq_s=1 main::b4_0_eq_l=1 main::b5_1_eq_l=1 TAKEN=0
TRACE t=1 b0_s_le_2=1 b1=0 b2=0 main::b3_l_eq_s=1 main::b4_0_eq_l=1 main::b5_1_eq_l=0 main::b3_l_eq_s=1 main::b4_0_eq_l=0 main::b5_1_eq_l=0 main::b3_l_eq_s=1 main::b4_0_eq_l=1 main::b5_1_eq_l=1 
TRACE t=1 b0_s_le_2=1 b1=0 b2=0 main::b3_l_eq_s=1 main::b4_0_eq_l=1 main::b5_1_eq_l=0 main::b3_l_eq_s=1 main::b4_0_eq_l=0 main::b5_1_eq_l=0 main::b3_l_eq_s=1 main::b4_0_eq_l=1 main::b5_1_eq_l=1 
TRACE t=0 PC36 b0_s_le_2=1 b1=0 b2=0 main::b3_l_eq_s=1 main::b4_0_eq_l=1 main::b5_1_eq_l=0 main::b3_l_eq_s=1 main::b4_0_eq_l=0 main::b5_1_eq_l=0 main::b3_l_eq_s=1 main::b4_0_eq_l=1 main::b5_1_eq_l=1 
TRACE t=0 PC38 b0_s_le_2=1 b1=1 b2=1 main::b3_l_eq_s=1 main::b4_0_eq_l=1 main::b5_1_eq_l=0 main::b3_l_eq_s=1 main::b4_0_eq_l=0 main::b5_1_eq_l=0 main::b3_l_eq_s=1 main::b4_0_eq_l=1 main::b5_1_eq_l=1 
TRACE t=1 PC19 b0_s_le_2=1 b1=1 b2=1 main::b3_l_eq_s=1 main::b4_0_eq_l=1 main::b5_1_eq_l=0 main::b3_l_eq_s=1 main::b4_0_eq_l=0 main::b5_1_eq_l=0 main::b3_l_eq_s=1 main::b4_0_eq_l=1 main::b5_1_eq_l=1 TAKEN=0
TRACE t=1 b0_s_le_2=1 b1=1 b2=1 main::b3_l_eq_s=1 main::b4_0_eq_l=1 main::b5_1_eq_l=0 main::b3_l_eq_s=1 main::b4_0_eq_l=0 main::b5_1_eq_l=0 main::b3_l_eq_s=1 main::b4_0_eq_l=1 main::b5_1_eq_l=1 
TRACE t=1 b0_s_le_2=1 b1=1 b2=1 main::b3_l_eq_s=1 main::b4_0_eq_l=1 main::b5_1_eq_l=0 main::b3_l_eq_s=1 main::b4_0_eq_l=0 main::b5_1_eq_l=0 main::b3_l_eq_s=1 main::b4_0_eq_l=1 main::b5_1_eq_l=1 
TRACE t=1 PC21 b0_s_le_2=1 b1=1 b2=1 main::b3_l_eq_s=1 main::b4_0_eq_l=1 main::b5_1_eq_l=0 main::b3_l_eq_s=1 main::b4_0_eq_l=0 main::b5_1_eq_l=0 main::b3_l_eq_s=1 main::b4_0_eq_l=1 main::b5_1_eq_l=1 TAKEN=0
TRACE t=1 b0_s_le_2=1 b1=1 b2=1 main::b3_l_eq_s=1 main::b4_0_eq_l=1 main::b5_1_eq_l=0 main::b3_l_eq_s=1 main::b4_0_eq_l=0 main::b5_1_eq_l=0 main::b3_l_eq_s=1 main::b4_0_eq_l=1 main::b5_1_eq_l=1 
TRACE t=1 b0_s_le_2=1 b1=1 b2=1 main::b3_l_eq_s=1 main::b4_0_eq_l=1 main::b5_1_eq_l=0 main::b3_l_eq_s=1 main::b4_0_eq_l=0 main::b5_1_eq_l=0 main::b3_l_eq_s=1 main::b4_0_eq_l=1 main::b5_1_eq_l=1 
TRACE t=1 PC22 b0_s_le_2=1 b1=1 b2=1 main::b3_l_eq_s=1 main::b4_0_eq_l=1 main::b5_1_eq_l=0 main::b3_l_eq_s=1 main::b4_0_eq_l=0 main::b5_1_eq_l=0 main::b3_l_eq_s=1 main::b4_0_eq_l=1 main::b5_1_eq_l=1 

Verifying trace...
...............................
Trace feasible.
Elapsed time: 00:00:00.442456

VERIFICATION FAILED
