Parsing </Users/geri/Documents/bp-reduce/2014-04-03-22-48-07/reduced.241.bp> done.
Semantic check...  ok.
Note: Merging disabled (trace requested).
Transforming program for model-checker... done.
Configuration:
Eliminate dead variables: no (will be computed anyway)
Note: Automatic algorithm selection chose splitglobalscmc.
Renumbering statements...
Local types of: main
Strong locals: b4_0_eq_l, b5_1_eq_l
Weak locals: b3_l_eq_s
Life variable analysis...
Phase 1... done.
Phase 2... done.
Computing mod-ref-sets... done.
Computing read-write-sets... done.
Building BDD-program...
FIXME: in order to allow transformation into state-object we allocate more BDD variables...
Ordering BDD variables for concatenated layout...
Creating hybrid transition relations...Note: end_thread is treated as goto end
 done.
Starting counter abstraction symbolic simulation using BDDs...
(Abstract transitions are constructed on-the-fly).
Using static thread creation with 1 threads.
Variable Configuration:
Globals:
b0_s_le_2
11----------------------------------------  1
b1
--------------------------11--------------  1
b2
----------------------------11------------  1
11------------------------1111------------  1
Thread 0
Locals:
b3_l_eq_s$
--------------11--------------------------  1
b3_l_eq_s
--------11--------------------------------  1
b4_0_eq_l$
------------------------------11----------  1
b4_0_eq_l
--11--------------------------------------  1
b5_1_eq_l$
------------------------------------11----  1
b5_1_eq_l
--------------------11--------------------  1
--11----11----11----11--------11----11----  1
Thread 1
Locals:
b3_l_eq_s$
----------------11------------------------  1
b3_l_eq_s
----------11------------------------------  1
b4_0_eq_l$
--------------------------------11--------  1
b4_0_eq_l
----11------------------------------------  1
b5_1_eq_l$
--------------------------------------11--  1
b5_1_eq_l
----------------------11------------------  1
----11----11----11----11--------11----11--  1
Thread 2
Locals:
b3_l_eq_s$
------------------11----------------------  1
b3_l_eq_s
------------11----------------------------  1
b4_0_eq_l$
----------------------------------11------  1
b4_0_eq_l
------11----------------------------------  1
b5_1_eq_l$
----------------------------------------11  1
b5_1_eq_l
------------------------11----------------  1
------11----11----11----11--------11----11  1
Step 0: reached states = 0, new states = 0, reached thread states = 0, new thread states = 0, peakNodeCount = 2044, reached size = 1, frontier size = 1, elapsed time: 00:00:00.000758
Step 1: reached states = 0, new states = 0, reached thread states = 0, new thread states = 0, peakNodeCount = 2044, reached size = 2, frontier size = 1, elapsed time: 00:00:00.001187
Step 2: reached states = 0, new states = 0, reached thread states = 0, new thread states = 0, peakNodeCount = 2044, reached size = 3, frontier size = 1, elapsed time: 00:00:00.001410
Step 3: reached states = 0, new states = 0, reached thread states = 0, new thread states = 0, peakNodeCount = 2044, reached size = 4, frontier size = 1, elapsed time: 00:00:00.001579
Step 4: reached states = 0, new states = 0, reached thread states = 0, new thread states = 0, peakNodeCount = 2044, reached size = 5, frontier size = 1, elapsed time: 00:00:00.001776
Step 5: reached states = 0, new states = 0, reached thread states = 0, new thread states = 0, peakNodeCount = 2044, reached size = 6, frontier size = 1, elapsed time: 00:00:00.002004
Step 6: reached states = 0, new states = 0, reached thread states = 0, new thread states = 0, peakNodeCount = 2044, reached size = 7, frontier size = 1, elapsed time: 00:00:00.002336
Step 7: reached states = 0, new states = 0, reached thread states = 0, new thread states = 0, peakNodeCount = 2044, reached size = 8, frontier size = 1, elapsed time: 00:00:00.002577
Step 8: reached states = 0, new states = 0, reached thread states = 0, new thread states = 0, peakNodeCount = 2044, reached size = 9, frontier size = 1, elapsed time: 00:00:00.002818
Step 9: reached states = 0, new states = 0, reached thread states = 0, new thread states = 0, peakNodeCount = 2044, reached size = 10, frontier size = 1, elapsed time: 00:00:00.003043
Note: Dynamic thread creation ignored due to static threads limit (ignored from now on)
Step 10: reached states = 0, new states = 0, reached thread states = 0, new thread states = 0, peakNodeCount = 2044, reached size = 11, frontier size = 1, elapsed time: 00:00:00.003290
Step 11: reached states = 0, new states = 0, reached thread states = 0, new thread states = 0, peakNodeCount = 2044, reached size = 14, frontier size = 3, elapsed time: 00:00:00.003887
Step 12: reached states = 0, new states = 0, reached thread states = 0, new thread states = 0, peakNodeCount = 2044, reached size = 17, frontier size = 3, elapsed time: 00:00:00.004539
Step 13: reached states = 0, new states = 0, reached thread states = 0, new thread states = 0, peakNodeCount = 2044, reached size = 20, frontier size = 3, elapsed time: 00:00:00.005127
Step 14: reached states = 0, new states = 0, reached thread states = 0, new thread states = 0, peakNodeCount = 2044, reached size = 23, frontier size = 3, elapsed time: 00:00:00.005802
Step 15: reached states = 0, new states = 0, reached thread states = 0, new thread states = 0, peakNodeCount = 2044, reached size = 30, frontier size = 7, elapsed time: 00:00:00.007473
Step 16: reached states = 0, new states = 0, reached thread states = 0, new thread states = 0, peakNodeCount = 2044, reached size = 37, frontier size = 7, elapsed time: 00:00:00.009135
Step 17: reached states = 0, new states = 0, reached thread states = 0, new thread states = 0, peakNodeCount = 2044, reached size = 44, frontier size = 7, elapsed time: 00:00:00.010693
Step 18: reached states = 0, new states = 0, reached thread states = 0, new thread states = 0, peakNodeCount = 2044, reached size = 51, frontier size = 7, elapsed time: 00:00:00.011979
Step 19: reached states = 0, new states = 0, reached thread states = 0, new thread states = 0, peakNodeCount = 2044, reached size = 67, frontier size = 16, elapsed time: 00:00:00.015589
Step 20: reached states = 0, new states = 0, reached thread states = 0, new thread states = 0, peakNodeCount = 2044, reached size = 83, frontier size = 16, elapsed time: 00:00:00.019145
Step 21: reached states = 0, new states = 0, reached thread states = 0, new thread states = 0, peakNodeCount = 2044, reached size = 99, frontier size = 16, elapsed time: 00:00:00.022818
Step 22: reached states = 0, new states = 0, reached thread states = 0, new thread states = 0, peakNodeCount = 2044, reached size = 119, frontier size = 20, elapsed time: 00:00:00.028905
Step 23: reached states = 0, new states = 0, reached thread states = 0, new thread states = 0, peakNodeCount = 2044, reached size = 144, frontier size = 25, elapsed time: 00:00:00.035387
Step 24: reached states = 0, new states = 0, reached thread states = 0, new thread states = 0, peakNodeCount = 2044, reached size = 169, frontier size = 25, elapsed time: 00:00:00.041502
Step 25: reached states = 0, new states = 0, reached thread states = 0, new thread states = 0, peakNodeCount = 2044, reached size = 188, frontier size = 19, elapsed time: 00:00:00.047392
Step 26: reached states = 0, new states = 0, reached thread states = 0, new thread states = 0, peakNodeCount = 3066, reached size = 214, frontier size = 26, elapsed time: 00:00:00.057322
Step 27: reached states = 0, new states = 0, reached thread states = 0, new thread states = 0, peakNodeCount = 3066, reached size = 257, frontier size = 43, elapsed time: 00:00:00.069077
Step 28: reached states = 0, new states = 0, reached thread states = 0, new thread states = 0, peakNodeCount = 3066, reached size = 300, frontier size = 43, elapsed time: 00:00:00.080402
Step 29: reached states = 0, new states = 0, reached thread states = 0, new thread states = 0, peakNodeCount = 3066, reached size = 343, frontier size = 43, elapsed time: 00:00:00.094503
Step 30: reached states = 0, new states = 0, reached thread states = 0, new thread states = 0, peakNodeCount = 5110, reached size = 391, frontier size = 48, elapsed time: 00:00:00.113277
Step 31: reached states = 0, new states = 0, reached thread states = 0, new thread states = 0, peakNodeCount = 5110, reached size = 451, frontier size = 60, elapsed time: 00:00:00.131503
Step 32: reached states = 0, new states = 0, reached thread states = 0, new thread states = 0, peakNodeCount = 5110, reached size = 502, frontier size = 51, elapsed time: 00:00:00.146664
Step 33: reached states = 0, new states = 0, reached thread states = 0, new thread states = 0, peakNodeCount = 7154, reached size = 552, frontier size = 50, elapsed time: 00:00:00.169369
Step 34: reached states = 0, new states = 0, reached thread states = 0, new thread states = 0, peakNodeCount = 7154, reached size = 626, frontier size = 74, elapsed time: 00:00:00.195178
Step 35: reached states = 0, new states = 0, reached thread states = 0, new thread states = 0, peakNodeCount = 7154, reached size = 710, frontier size = 84, elapsed time: 00:00:00.220522
Step 36: reached states = 0, new states = 0, reached thread states = 0, new thread states = 0, peakNodeCount = 9198, reached size = 797, frontier size = 87, elapsed time: 00:00:00.252592
Step 37: reached states = 0, new states = 0, reached thread states = 0, new thread states = 0, peakNodeCount = 10220, reached size = 873, frontier size = 76, elapsed time: 00:00:00.289011
Step 38: reached states = 0, new states = 0, reached thread states = 0, new thread states = 0, peakNodeCount = 10220, reached size = 948, frontier size = 75, elapsed time: 00:00:00.320898
Step 39: reached states = 0, new states = 0, reached thread states = 0, new thread states = 0, peakNodeCount = 10220, reached size = 1023, frontier size = 75, elapsed time: 00:00:00.350809
Step 40: reached states = 0, new states = 0, reached thread states = 0, new thread states = 0, peakNodeCount = 12264, reached size = 1093, frontier size = 70, elapsed time: 00:00:00.379952
Step 41: reached states = 0, new states = 0, reached thread states = 0, new thread states = 0, peakNodeCount = 12264, reached size = 1182, frontier size = 89, elapsed time: 00:00:00.408002
Step 42: reached states = 0, new states = 0, reached thread states = 0, new thread states = 0, peakNodeCount = 12264, reached size = 1268, frontier size = 86, elapsed time: 00:00:00.436086
Step 43: reached states = 0, new states = 0, reached thread states = 0, new thread states = 0, peakNodeCount = 12264, reached size = 1354, frontier size = 86, elapsed time: 00:00:00.463203
Step 44: reached states = 0, new states = 0, reached thread states = 0, new thread states = 0, peakNodeCount = 14308, reached size = 1429, frontier size = 75, elapsed time: 00:00:00.496584
Step 45: reached states = 0, new states = 0, reached thread states = 0, new thread states = 0, peakNodeCount = 16352, reached size = 1490, frontier size = 61, elapsed time: 00:00:00.531824
Step 46: reached states = 0, new states = 0, reached thread states = 0, new thread states = 0, peakNodeCount = 17374, reached size = 1543, frontier size = 53, elapsed time: 00:00:00.554421
Step 47: reached states = 0, new states = 0, reached thread states = 0, new thread states = 0, peakNodeCount = 20440, reached size = 1613, frontier size = 70, elapsed time: 00:00:00.585621
Step 48: reached states = 0, new states = 0, reached thread states = 0, new thread states = 0, peakNodeCount = 20440, reached size = 1683, frontier size = 70, elapsed time: 00:00:00.612351
Step 49: reached states = 0, new states = 0, reached thread states = 0, new thread states = 0, peakNodeCount = 20440, reached size = 1735, frontier size = 52, elapsed time: 00:00:00.636006
Step 50: reached states = 0, new states = 0, reached thread states = 0, new thread states = 0, peakNodeCount = 21462, reached size = 1773, frontier size = 38, elapsed time: 00:00:00.653344
Step 51: reached states = 0, new states = 0, reached thread states = 0, new thread states = 0, peakNodeCount = 22484, reached size = 1806, frontier size = 33, elapsed time: 00:00:00.664000
Step 52: reached states = 0, new states = 0, reached thread states = 0, new thread states = 0, peakNodeCount = 22484, reached size = 1838, frontier size = 32, elapsed time: 00:00:00.673467
Step 53: reached states = 0, new states = 0, reached thread states = 0, new thread states = 0, peakNodeCount = 22484, reached size = 1842, frontier size = 4, elapsed time: 00:00:00.681299
Step 54: reached states = 0, new states = 0, reached thread states = 0, new thread states = 0, peakNodeCount = 22484, reached size = 1846, frontier size = 4, elapsed time: 00:00:00.682778
Step 55: reached states = 0, new states = 0, reached thread states = 0, new thread states = 0, peakNodeCount = 22484, reached size = 1846, frontier size = 0, elapsed time: 00:00:00.683474
Elapsed time: 00:00:00.683513
Elapsed time: 00:00:00.683545

VERIFICATION SUCCESSFUL
