Parsing </Users/geri/Documents/bp-reduce/2014-03-03-00-34-58/reduced.237.bp> done.
Semantic check...  ok.
Note: Merging disabled (trace requested).
Transforming program for model-checker... done.
Configuration:
Eliminate dead variables: no (will be computed anyway)
Note: Automatic algorithm selection chose splitglobalscmc.
Renumbering statements...
Local types of: main
Strong locals: b4_0_eq_l, b5_1_eq_l
Weak locals: b3_l_eq_s
Life variable analysis...
Phase 1... done.
Phase 2... done.
Computing mod-ref-sets... done.
Computing read-write-sets... done.
Building BDD-program...
FIXME: in order to allow transformation into state-object we allocate more BDD variables...
Ordering BDD variables for concatenated layout...
Creating hybrid transition relations...Note: end_thread is treated as goto end
 done.
Starting counter abstraction symbolic simulation using BDDs...
(Abstract transitions are constructed on-the-fly).
Using static thread creation with 1 threads.
Variable Configuration:
Globals:
b0_s_le_2
------------11----------------------------  1
b1
--------------11--------------------------  1
b2
----------------11------------------------  1
------------111111------------------------  1
Thread 0
Locals:
b3_l_eq_s$
------11----------------------------------  1
b3_l_eq_s
11----------------------------------------  1
b4_0_eq_l$
------------------11----------------------  1
b4_0_eq_l
------------------------11----------------  1
b5_1_eq_l$
------------------------------11----------  1
b5_1_eq_l
------------------------------------11----  1
11----11----------11----11----11----11----  1
Thread 1
Locals:
b3_l_eq_s$
--------11--------------------------------  1
b3_l_eq_s
--11--------------------------------------  1
b4_0_eq_l$
--------------------11--------------------  1
b4_0_eq_l
--------------------------11--------------  1
b5_1_eq_l$
--------------------------------11--------  1
b5_1_eq_l
--------------------------------------11--  1
--11----11----------11----11----11----11--  1
Thread 2
Locals:
b3_l_eq_s$
----------11------------------------------  1
b3_l_eq_s
----11------------------------------------  1
b4_0_eq_l$
----------------------11------------------  1
b4_0_eq_l
----------------------------11------------  1
b5_1_eq_l$
----------------------------------11------  1
b5_1_eq_l
----------------------------------------11  1
----11----11----------11----11----11----11  1
Step 0: reached states = 0, new states = 0, reached thread states = 0, new thread states = 0, peakNodeCount = 1022, reached size = 1, frontier size = 1, elapsed time: 00:00:00.000739
Step 1: reached states = 0, new states = 0, reached thread states = 0, new thread states = 0, peakNodeCount = 1022, reached size = 2, frontier size = 1, elapsed time: 00:00:00.001056
Step 2: reached states = 0, new states = 0, reached thread states = 0, new thread states = 0, peakNodeCount = 1022, reached size = 3, frontier size = 1, elapsed time: 00:00:00.001223
Step 3: reached states = 0, new states = 0, reached thread states = 0, new thread states = 0, peakNodeCount = 1022, reached size = 4, frontier size = 1, elapsed time: 00:00:00.001419
Step 4: reached states = 0, new states = 0, reached thread states = 0, new thread states = 0, peakNodeCount = 1022, reached size = 5, frontier size = 1, elapsed time: 00:00:00.001644
Step 5: reached states = 0, new states = 0, reached thread states = 0, new thread states = 0, peakNodeCount = 1022, reached size = 6, frontier size = 1, elapsed time: 00:00:00.001845
Step 6: reached states = 0, new states = 0, reached thread states = 0, new thread states = 0, peakNodeCount = 1022, reached size = 7, frontier size = 1, elapsed time: 00:00:00.002049
Step 7: reached states = 0, new states = 0, reached thread states = 0, new thread states = 0, peakNodeCount = 1022, reached size = 8, frontier size = 1, elapsed time: 00:00:00.002258
Step 8: reached states = 0, new states = 0, reached thread states = 0, new thread states = 0, peakNodeCount = 1022, reached size = 9, frontier size = 1, elapsed time: 00:00:00.002457
Note: Dynamic thread creation ignored due to static threads limit (ignored from now on)
Step 9: reached states = 0, new states = 0, reached thread states = 0, new thread states = 0, peakNodeCount = 1022, reached size = 10, frontier size = 1, elapsed time: 00:00:00.002656
Step 10: reached states = 0, new states = 0, reached thread states = 0, new thread states = 0, peakNodeCount = 1022, reached size = 11, frontier size = 1, elapsed time: 00:00:00.002875
Step 11: reached states = 0, new states = 0, reached thread states = 0, new thread states = 0, peakNodeCount = 1022, reached size = 12, frontier size = 1, elapsed time: 00:00:00.003088
Step 12: reached states = 0, new states = 0, reached thread states = 0, new thread states = 0, peakNodeCount = 1022, reached size = 13, frontier size = 1, elapsed time: 00:00:00.003286
Step 13: reached states = 0, new states = 0, reached thread states = 0, new thread states = 0, peakNodeCount = 1022, reached size = 14, frontier size = 1, elapsed time: 00:00:00.003489
Step 14: reached states = 0, new states = 0, reached thread states = 0, new thread states = 0, peakNodeCount = 1022, reached size = 16, frontier size = 2, elapsed time: 00:00:00.003877
Step 15: reached states = 0, new states = 0, reached thread states = 0, new thread states = 0, peakNodeCount = 1022, reached size = 18, frontier size = 2, elapsed time: 00:00:00.004253
Step 16: reached states = 0, new states = 0, reached thread states = 0, new thread states = 0, peakNodeCount = 1022, reached size = 20, frontier size = 2, elapsed time: 00:00:00.004619
Step 17: reached states = 0, new states = 0, reached thread states = 0, new thread states = 0, peakNodeCount = 1022, reached size = 22, frontier size = 2, elapsed time: 00:00:00.004962
Step 18: reached states = 0, new states = 0, reached thread states = 0, new thread states = 0, peakNodeCount = 2044, reached size = 26, frontier size = 4, elapsed time: 00:00:00.005973
Step 19: reached states = 0, new states = 0, reached thread states = 0, new thread states = 0, peakNodeCount = 2044, reached size = 30, frontier size = 4, elapsed time: 00:00:00.006670
Step 20: reached states = 0, new states = 0, reached thread states = 0, new thread states = 0, peakNodeCount = 2044, reached size = 34, frontier size = 4, elapsed time: 00:00:00.007391
Step 21: reached states = 0, new states = 0, reached thread states = 0, new thread states = 0, peakNodeCount = 2044, reached size = 37, frontier size = 3, elapsed time: 00:00:00.008100
Step 22: reached states = 0, new states = 0, reached thread states = 0, new thread states = 0, peakNodeCount = 2044, reached size = 42, frontier size = 5, elapsed time: 00:00:00.009249
Step 23: reached states = 0, new states = 0, reached thread states = 0, new thread states = 0, peakNodeCount = 2044, reached size = 46, frontier size = 4, elapsed time: 00:00:00.010119
Step 24: reached states = 0, new states = 0, reached thread states = 0, new thread states = 0, peakNodeCount = 2044, reached size = 51, frontier size = 5, elapsed time: 00:00:00.011048
Step 25: reached states = 0, new states = 0, reached thread states = 0, new thread states = 0, peakNodeCount = 2044, reached size = 55, frontier size = 4, elapsed time: 00:00:00.011903
Step 26: reached states = 0, new states = 0, reached thread states = 0, new thread states = 0, peakNodeCount = 2044, reached size = 60, frontier size = 5, elapsed time: 00:00:00.013005
Step 27: reached states = 0, new states = 0, reached thread states = 0, new thread states = 0, peakNodeCount = 2044, reached size = 64, frontier size = 4, elapsed time: 00:00:00.013862
Step 28: reached states = 0, new states = 0, reached thread states = 0, new thread states = 0, peakNodeCount = 2044, reached size = 69, frontier size = 5, elapsed time: 00:00:00.014985
Step 29: reached states = 0, new states = 0, reached thread states = 0, new thread states = 0, peakNodeCount = 2044, reached size = 73, frontier size = 4, elapsed time: 00:00:00.015839
Step 30: reached states = 0, new states = 0, reached thread states = 0, new thread states = 0, peakNodeCount = 2044, reached size = 77, frontier size = 4, elapsed time: 00:00:00.016595
Step 31: reached states = 0, new states = 0, reached thread states = 0, new thread states = 0, peakNodeCount = 2044, reached size = 80, frontier size = 3, elapsed time: 00:00:00.017271
Step 32: reached states = 0, new states = 0, reached thread states = 0, new thread states = 0, peakNodeCount = 2044, reached size = 83, frontier size = 3, elapsed time: 00:00:00.017895
Step 33: reached states = 0, new states = 0, reached thread states = 0, new thread states = 0, peakNodeCount = 2044, reached size = 86, frontier size = 3, elapsed time: 00:00:00.018422
Step 34: reached states = 0, new states = 0, reached thread states = 0, new thread states = 0, peakNodeCount = 2044, reached size = 89, frontier size = 3, elapsed time: 00:00:00.019168
Step 35: reached states = 0, new states = 0, reached thread states = 0, new thread states = 0, peakNodeCount = 2044, reached size = 91, frontier size = 2, elapsed time: 00:00:00.019654
Step 36: reached states = 0, new states = 0, reached thread states = 0, new thread states = 0, peakNodeCount = 2044, reached size = 93, frontier size = 2, elapsed time: 00:00:00.020234
Step 37: reached states = 0, new states = 0, reached thread states = 0, new thread states = 0, peakNodeCount = 2044, reached size = 94, frontier size = 1, elapsed time: 00:00:00.020589
Step 38: reached states = 0, new states = 0, reached thread states = 0, new thread states = 0, peakNodeCount = 2044, reached size = 95, frontier size = 1, elapsed time: 00:00:00.021018
Step 39: reached states = 0, new states = 0, reached thread states = 0, new thread states = 0, peakNodeCount = 2044, reached size = 96, frontier size = 1, elapsed time: 00:00:00.021214
Step 40: reached states = 0, new states = 0, reached thread states = 0, new thread states = 0, peakNodeCount = 2044, reached size = 96, frontier size = 0, elapsed time: 00:00:00.021275
Elapsed time: 00:00:00.021308
Elapsed time: 00:00:00.021339

VERIFICATION SUCCESSFUL
