Parsing </Users/geri/Documents/bp-reduce/2014-04-03-08-27-48/reduced.249.bp> done.
Semantic check...  ok.
Note: Merging disabled (trace requested).
Transforming program for model-checker... done.
Configuration:
Eliminate dead variables: no (will be computed anyway)
Note: Automatic algorithm selection chose splitglobalscmc.
Renumbering statements...
Local types of: main
Strong locals: b4_0_eq_l, b5_1_eq_l
Weak locals: b3_l_eq_s
Life variable analysis...
Phase 1... done.
Phase 2... done.
Computing mod-ref-sets... done.
Computing read-write-sets... done.
Building BDD-program...
FIXME: in order to allow transformation into state-object we allocate more BDD variables...
Ordering BDD variables for concatenated layout...
Creating hybrid transition relations...Note: end_thread is treated as goto end
 done.
Starting counter abstraction symbolic simulation using BDDs...
(Abstract transitions are constructed on-the-fly).
Using static thread creation with 1 threads.
Variable Configuration:
Globals:
b0_s_le_2
------------11----------------------------  1
b1
--------------11--------------------------  1
b2
----------------11------------------------  1
------------111111------------------------  1
Thread 0
Locals:
b3_l_eq_s$
------11----------------------------------  1
b3_l_eq_s
11----------------------------------------  1
b4_0_eq_l$
------------------11----------------------  1
b4_0_eq_l
------------------------11----------------  1
b5_1_eq_l$
------------------------------11----------  1
b5_1_eq_l
------------------------------------11----  1
11----11----------11----11----11----11----  1
Thread 1
Locals:
b3_l_eq_s$
--------11--------------------------------  1
b3_l_eq_s
--11--------------------------------------  1
b4_0_eq_l$
--------------------11--------------------  1
b4_0_eq_l
--------------------------11--------------  1
b5_1_eq_l$
--------------------------------11--------  1
b5_1_eq_l
--------------------------------------11--  1
--11----11----------11----11----11----11--  1
Thread 2
Locals:
b3_l_eq_s$
----------11------------------------------  1
b3_l_eq_s
----11------------------------------------  1
b4_0_eq_l$
----------------------11------------------  1
b4_0_eq_l
----------------------------11------------  1
b5_1_eq_l$
----------------------------------11------  1
b5_1_eq_l
----------------------------------------11  1
----11----11----------11----11----11----11  1
Step 0: reached states = 0, new states = 0, reached thread states = 0, new thread states = 0, peakNodeCount = 2044, reached size = 1, frontier size = 1, elapsed time: 00:00:00.000875
Step 1: reached states = 0, new states = 0, reached thread states = 0, new thread states = 0, peakNodeCount = 2044, reached size = 2, frontier size = 1, elapsed time: 00:00:00.001208
Step 2: reached states = 0, new states = 0, reached thread states = 0, new thread states = 0, peakNodeCount = 2044, reached size = 3, frontier size = 1, elapsed time: 00:00:00.001376
Step 3: reached states = 0, new states = 0, reached thread states = 0, new thread states = 0, peakNodeCount = 2044, reached size = 4, frontier size = 1, elapsed time: 00:00:00.001576
Step 4: reached states = 0, new states = 0, reached thread states = 0, new thread states = 0, peakNodeCount = 2044, reached size = 5, frontier size = 1, elapsed time: 00:00:00.001808
Step 5: reached states = 0, new states = 0, reached thread states = 0, new thread states = 0, peakNodeCount = 2044, reached size = 6, frontier size = 1, elapsed time: 00:00:00.002010
Step 6: reached states = 0, new states = 0, reached thread states = 0, new thread states = 0, peakNodeCount = 2044, reached size = 7, frontier size = 1, elapsed time: 00:00:00.002219
Step 7: reached states = 0, new states = 0, reached thread states = 0, new thread states = 0, peakNodeCount = 2044, reached size = 8, frontier size = 1, elapsed time: 00:00:00.002432
Step 8: reached states = 0, new states = 0, reached thread states = 0, new thread states = 0, peakNodeCount = 2044, reached size = 9, frontier size = 1, elapsed time: 00:00:00.002633
Note: Dynamic thread creation ignored due to static threads limit (ignored from now on)
Step 9: reached states = 0, new states = 0, reached thread states = 0, new thread states = 0, peakNodeCount = 2044, reached size = 10, frontier size = 1, elapsed time: 00:00:00.002834
Step 10: reached states = 0, new states = 0, reached thread states = 0, new thread states = 0, peakNodeCount = 2044, reached size = 11, frontier size = 1, elapsed time: 00:00:00.003057
Step 11: reached states = 0, new states = 0, reached thread states = 0, new thread states = 0, peakNodeCount = 2044, reached size = 12, frontier size = 1, elapsed time: 00:00:00.003273
Step 12: reached states = 0, new states = 0, reached thread states = 0, new thread states = 0, peakNodeCount = 2044, reached size = 13, frontier size = 1, elapsed time: 00:00:00.003474
Step 13: reached states = 0, new states = 0, reached thread states = 0, new thread states = 0, peakNodeCount = 2044, reached size = 14, frontier size = 1, elapsed time: 00:00:00.003680
Step 14: reached states = 0, new states = 0, reached thread states = 0, new thread states = 0, peakNodeCount = 2044, reached size = 16, frontier size = 2, elapsed time: 00:00:00.004082
Step 15: reached states = 0, new states = 0, reached thread states = 0, new thread states = 0, peakNodeCount = 2044, reached size = 18, frontier size = 2, elapsed time: 00:00:00.004472
Step 16: reached states = 0, new states = 0, reached thread states = 0, new thread states = 0, peakNodeCount = 2044, reached size = 20, frontier size = 2, elapsed time: 00:00:00.004853
Step 17: reached states = 0, new states = 0, reached thread states = 0, new thread states = 0, peakNodeCount = 2044, reached size = 22, frontier size = 2, elapsed time: 00:00:00.005211
Step 18: reached states = 0, new states = 0, reached thread states = 0, new thread states = 0, peakNodeCount = 2044, reached size = 25, frontier size = 3, elapsed time: 00:00:00.005770
Step 19: reached states = 0, new states = 0, reached thread states = 0, new thread states = 0, peakNodeCount = 2044, reached size = 28, frontier size = 3, elapsed time: 00:00:00.006293
Step 20: reached states = 0, new states = 0, reached thread states = 0, new thread states = 0, peakNodeCount = 2044, reached size = 31, frontier size = 3, elapsed time: 00:00:00.006832
Step 21: reached states = 0, new states = 0, reached thread states = 0, new thread states = 0, peakNodeCount = 2044, reached size = 35, frontier size = 4, elapsed time: 00:00:00.007809
Step 22: reached states = 0, new states = 0, reached thread states = 0, new thread states = 0, peakNodeCount = 2044, reached size = 39, frontier size = 4, elapsed time: 00:00:00.008586
Step 23: reached states = 0, new states = 0, reached thread states = 0, new thread states = 0, peakNodeCount = 2044, reached size = 43, frontier size = 4, elapsed time: 00:00:00.009331
Step 24: reached states = 0, new states = 0, reached thread states = 0, new thread states = 0, peakNodeCount = 2044, reached size = 46, frontier size = 3, elapsed time: 00:00:00.010036
Step 25: reached states = 0, new states = 0, reached thread states = 0, new thread states = 0, peakNodeCount = 2044, reached size = 50, frontier size = 4, elapsed time: 00:00:00.011100
Step 26: reached states = 0, new states = 0, reached thread states = 0, new thread states = 0, peakNodeCount = 2044, reached size = 56, frontier size = 6, elapsed time: 00:00:00.012247
Step 27: reached states = 0, new states = 0, reached thread states = 0, new thread states = 0, peakNodeCount = 2044, reached size = 62, frontier size = 6, elapsed time: 00:00:00.013348
Step 28: reached states = 0, new states = 0, reached thread states = 0, new thread states = 0, peakNodeCount = 2044, reached size = 68, frontier size = 6, elapsed time: 00:00:00.014576
Step 29: reached states = 0, new states = 0, reached thread states = 0, new thread states = 0, peakNodeCount = 2044, reached size = 74, frontier size = 6, elapsed time: 00:00:00.015668
Step 30: reached states = 0, new states = 0, reached thread states = 0, new thread states = 0, peakNodeCount = 2044, reached size = 80, frontier size = 6, elapsed time: 00:00:00.016776
Step 31: reached states = 0, new states = 0, reached thread states = 0, new thread states = 0, peakNodeCount = 2044, reached size = 86, frontier size = 6, elapsed time: 00:00:00.017839
Step 32: reached states = 0, new states = 0, reached thread states = 0, new thread states = 0, peakNodeCount = 2044, reached size = 92, frontier size = 6, elapsed time: 00:00:00.019261
Step 33: reached states = 0, new states = 0, reached thread states = 0, new thread states = 0, peakNodeCount = 2044, reached size = 100, frontier size = 8, elapsed time: 00:00:00.020939
Step 34: reached states = 0, new states = 0, reached thread states = 0, new thread states = 0, peakNodeCount = 2044, reached size = 107, frontier size = 7, elapsed time: 00:00:00.022379
Step 35: reached states = 0, new states = 0, reached thread states = 0, new thread states = 0, peakNodeCount = 2044, reached size = 114, frontier size = 7, elapsed time: 00:00:00.024006
Step 36: reached states = 0, new states = 0, reached thread states = 0, new thread states = 0, peakNodeCount = 2044, reached size = 120, frontier size = 6, elapsed time: 00:00:00.025273
Step 37: reached states = 0, new states = 0, reached thread states = 0, new thread states = 0, peakNodeCount = 2044, reached size = 126, frontier size = 6, elapsed time: 00:00:00.026346
Step 38: reached states = 0, new states = 0, reached thread states = 0, new thread states = 0, peakNodeCount = 2044, reached size = 131, frontier size = 5, elapsed time: 00:00:00.027397
Step 39: reached states = 0, new states = 0, reached thread states = 0, new thread states = 0, peakNodeCount = 2044, reached size = 136, frontier size = 5, elapsed time: 00:00:00.028296
Step 40: reached states = 0, new states = 0, reached thread states = 0, new thread states = 0, peakNodeCount = 2044, reached size = 141, frontier size = 5, elapsed time: 00:00:00.029213
Step 41: reached states = 0, new states = 0, reached thread states = 0, new thread states = 0, peakNodeCount = 2044, reached size = 146, frontier size = 5, elapsed time: 00:00:00.030101
Step 42: reached states = 0, new states = 0, reached thread states = 0, new thread states = 0, peakNodeCount = 2044, reached size = 151, frontier size = 5, elapsed time: 00:00:00.030998
Step 43: reached states = 0, new states = 0, reached thread states = 0, new thread states = 0, peakNodeCount = 2044, reached size = 155, frontier size = 4, elapsed time: 00:00:00.032042
Step 44: reached states = 0, new states = 0, reached thread states = 0, new thread states = 0, peakNodeCount = 2044, reached size = 158, frontier size = 3, elapsed time: 00:00:00.032982
Step 45: reached states = 0, new states = 0, reached thread states = 0, new thread states = 0, peakNodeCount = 2044, reached size = 161, frontier size = 3, elapsed time: 00:00:00.033754
Step 46: reached states = 0, new states = 0, reached thread states = 0, new thread states = 0, peakNodeCount = 2044, reached size = 164, frontier size = 3, elapsed time: 00:00:00.034701
Step 47: reached states = 0, new states = 0, reached thread states = 0, new thread states = 0, peakNodeCount = 2044, reached size = 166, frontier size = 2, elapsed time: 00:00:00.035454
Step 48: reached states = 0, new states = 0, reached thread states = 0, new thread states = 0, peakNodeCount = 2044, reached size = 167, frontier size = 1, elapsed time: 00:00:00.036061
Step 49: reached states = 0, new states = 0, reached thread states = 0, new thread states = 0, peakNodeCount = 2044, reached size = 168, frontier size = 1, elapsed time: 00:00:00.036285
Step 50: reached states = 0, new states = 0, reached thread states = 0, new thread states = 0, peakNodeCount = 2044, reached size = 169, frontier size = 1, elapsed time: 00:00:00.036519
Step 51: reached states = 0, new states = 0, reached thread states = 0, new thread states = 0, peakNodeCount = 2044, reached size = 170, frontier size = 1, elapsed time: 00:00:00.036721
Step 52: reached states = 0, new states = 0, reached thread states = 0, new thread states = 0, peakNodeCount = 2044, reached size = 170, frontier size = 0, elapsed time: 00:00:00.036791
Elapsed time: 00:00:00.036824
Elapsed time: 00:00:00.036854

VERIFICATION SUCCESSFUL
