Parsing </Users/geri/Documents/bp-reduce/2014-04-06-22-43-01/reduced.130.bp> done.
Semantic check...  ok.
Note: Merging disabled (trace requested).
Transforming program for model-checker... done.
Configuration:
Eliminate dead variables: no (will be computed anyway)
Note: Automatic algorithm selection chose splitglobalscmc.
Renumbering statements...
Local types of: main
Strong locals: 
Weak locals: b3_l_eq_s, b4_0_eq_l, b5_1_eq_l
Life variable analysis...
Phase 1... done.
Phase 2... done.
Computing mod-ref-sets... done.
Computing read-write-sets... done.
Building BDD-program...
FIXME: in order to allow transformation into state-object we allocate more BDD variables...
Ordering BDD variables for concatenated layout...
Creating hybrid transition relations...Note: end_thread is treated as goto end
 done.
Starting counter abstraction symbolic simulation using BDDs...
(Abstract transitions are constructed on-the-fly).
Using static thread creation with 1 threads.
Variable Configuration:
Globals:
b0_s_le_2
------------------------------------11----  1
b1
----------------------------------------11  1
b2
--------------------------------------11--  1
------------------------------------111111  1
Thread 0
Locals:
b3_l_eq_s$
------------------------11----------------  1
b3_l_eq_s
------------------------------11----------  1
b4_0_eq_l$
------------------11----------------------  1
b4_0_eq_l
11----------------------------------------  1
b5_1_eq_l$
------------11----------------------------  1
b5_1_eq_l
------11----------------------------------  1
11----11----11----11----11----11----------  1
Thread 1
Locals:
b3_l_eq_s$
--------------------------11--------------  1
b3_l_eq_s
--------------------------------11--------  1
b4_0_eq_l$
--------------------11--------------------  1
b4_0_eq_l
--11--------------------------------------  1
b5_1_eq_l$
--------------11--------------------------  1
b5_1_eq_l
--------11--------------------------------  1
--11----11----11----11----11----11--------  1
Thread 2
Locals:
b3_l_eq_s$
----------------------------11------------  1
b3_l_eq_s
----------------------------------11------  1
b4_0_eq_l$
----------------------11------------------  1
b4_0_eq_l
----11------------------------------------  1
b5_1_eq_l$
----------------11------------------------  1
b5_1_eq_l
----------11------------------------------  1
----11----11----11----11----11----11------  1
Step 0: reached states = 0, new states = 0, reached thread states = 0, new thread states = 0, peakNodeCount = 2044, reached size = 1, frontier size = 1, elapsed time: 00:00:00.000771
Step 1: reached states = 0, new states = 0, reached thread states = 0, new thread states = 0, peakNodeCount = 2044, reached size = 4, frontier size = 3, elapsed time: 00:00:00.001591
Step 2: reached states = 0, new states = 0, reached thread states = 0, new thread states = 0, peakNodeCount = 2044, reached size = 7, frontier size = 3, elapsed time: 00:00:00.002249
Step 3: reached states = 0, new states = 0, reached thread states = 0, new thread states = 0, peakNodeCount = 2044, reached size = 10, frontier size = 3, elapsed time: 00:00:00.002805
Step 4: reached states = 0, new states = 0, reached thread states = 0, new thread states = 0, peakNodeCount = 2044, reached size = 13, frontier size = 3, elapsed time: 00:00:00.003452
Step 5: reached states = 0, new states = 0, reached thread states = 0, new thread states = 0, peakNodeCount = 2044, reached size = 16, frontier size = 3, elapsed time: 00:00:00.004195
Step 6: reached states = 0, new states = 0, reached thread states = 0, new thread states = 0, peakNodeCount = 2044, reached size = 19, frontier size = 3, elapsed time: 00:00:00.004859
Step 7: reached states = 0, new states = 0, reached thread states = 0, new thread states = 0, peakNodeCount = 2044, reached size = 22, frontier size = 3, elapsed time: 00:00:00.005632
Step 8: reached states = 0, new states = 0, reached thread states = 0, new thread states = 0, peakNodeCount = 2044, reached size = 25, frontier size = 3, elapsed time: 00:00:00.006391
Step 9: reached states = 0, new states = 0, reached thread states = 0, new thread states = 0, peakNodeCount = 2044, reached size = 28, frontier size = 3, elapsed time: 00:00:00.007114
Note: Dynamic thread creation ignored due to static threads limit (ignored from now on)
Step 10: reached states = 0, new states = 0, reached thread states = 0, new thread states = 0, peakNodeCount = 2044, reached size = 31, frontier size = 3, elapsed time: 00:00:00.007801
Step 11: reached states = 0, new states = 0, reached thread states = 0, new thread states = 0, peakNodeCount = 2044, reached size = 40, frontier size = 9, elapsed time: 00:00:00.010423
Step 12: reached states = 0, new states = 0, reached thread states = 0, new thread states = 0, peakNodeCount = 2044, reached size = 49, frontier size = 9, elapsed time: 00:00:00.013328
Step 13: reached states = 0, new states = 0, reached thread states = 0, new thread states = 0, peakNodeCount = 2044, reached size = 58, frontier size = 9, elapsed time: 00:00:00.016044
Step 14: reached states = 0, new states = 0, reached thread states = 0, new thread states = 0, peakNodeCount = 2044, reached size = 67, frontier size = 9, elapsed time: 00:00:00.018741
Step 15: reached states = 0, new states = 0, reached thread states = 0, new thread states = 0, peakNodeCount = 2044, reached size = 88, frontier size = 21, elapsed time: 00:00:00.027187
Step 16: reached states = 0, new states = 0, reached thread states = 0, new thread states = 0, peakNodeCount = 2044, reached size = 109, frontier size = 21, elapsed time: 00:00:00.034987
Step 17: reached states = 0, new states = 0, reached thread states = 0, new thread states = 0, peakNodeCount = 2044, reached size = 130, frontier size = 21, elapsed time: 00:00:00.042722
Step 18: reached states = 0, new states = 0, reached thread states = 0, new thread states = 0, peakNodeCount = 2044, reached size = 151, frontier size = 21, elapsed time: 00:00:00.048984
Step 19: reached states = 0, new states = 0, reached thread states = 0, new thread states = 0, peakNodeCount = 2044, reached size = 197, frontier size = 46, elapsed time: 00:00:00.068114
Step 20: reached states = 0, new states = 0, reached thread states = 0, new thread states = 0, peakNodeCount = 2044, reached size = 243, frontier size = 46, elapsed time: 00:00:00.083733
Step 21: reached states = 0, new states = 0, reached thread states = 0, new thread states = 0, peakNodeCount = 2044, reached size = 289, frontier size = 46, elapsed time: 00:00:00.101623
Step 22: reached states = 0, new states = 0, reached thread states = 0, new thread states = 0, peakNodeCount = 6132, reached size = 335, frontier size = 46, elapsed time: 00:00:00.132609
Step 23: reached states = 0, new states = 0, reached thread states = 0, new thread states = 0, peakNodeCount = 10220, reached size = 425, frontier size = 90, elapsed time: 00:00:00.178199
Step 24: reached states = 0, new states = 0, reached thread states = 0, new thread states = 0, peakNodeCount = 10220, reached size = 515, frontier size = 90, elapsed time: 00:00:00.215707
Step 25: reached states = 0, new states = 0, reached thread states = 0, new thread states = 0, peakNodeCount = 10220, reached size = 581, frontier size = 66, elapsed time: 00:00:00.251466
Step 26: reached states = 0, new states = 0, reached thread states = 0, new thread states = 0, peakNodeCount = 14308, reached size = 659, frontier size = 78, elapsed time: 00:00:00.312537
Step 27: reached states = 0, new states = 0, reached thread states = 0, new thread states = 0, peakNodeCount = 20440, reached size = 806, frontier size = 147, elapsed time: 00:00:00.401742
Step 28: reached states = 0, new states = 0, reached thread states = 0, new thread states = 0, peakNodeCount = 20440, reached size = 937, frontier size = 131, elapsed time: 00:00:00.476205
Step 29: reached states = 0, new states = 0, reached thread states = 0, new thread states = 0, peakNodeCount = 20440, reached size = 1059, frontier size = 122, elapsed time: 00:00:00.560264
Step 30: reached states = 0, new states = 0, reached thread states = 0, new thread states = 0, peakNodeCount = 23506, reached size = 1212, frontier size = 153, elapsed time: 00:00:00.686757
Step 31: reached states = 0, new states = 0, reached thread states = 0, new thread states = 0, peakNodeCount = 30660, reached size = 1478, frontier size = 266, elapsed time: 00:00:00.884614
Step 32: reached states = 0, new states = 0, reached thread states = 0, new thread states = 0, peakNodeCount = 30660, reached size = 1700, frontier size = 222, elapsed time: 00:00:01.033195
Step 33: reached states = 0, new states = 0, reached thread states = 0, new thread states = 0, peakNodeCount = 34748, reached size = 1898, frontier size = 198, elapsed time: 00:00:01.249521
Step 34: reached states = 0, new states = 0, reached thread states = 0, new thread states = 0, peakNodeCount = 39858, reached size = 2151, frontier size = 253, elapsed time: 00:00:01.439233
Step 35: reached states = 0, new states = 0, reached thread states = 0, new thread states = 0, peakNodeCount = 39858, reached size = 2151, frontier size = 0, elapsed time: 00:00:01.439504
Elapsed time: 00:00:01.439552
Note: Violation found (in the last reachable state).
.
Verifying trace...
.
Trace feasible.
.
Verifying trace...
..
Trace feasible.
.
Verifying trace...
...
Trace feasible.
.
Verifying trace...
....
Trace feasible.
.
Verifying trace...
.....
Trace feasible.
.
Verifying trace...
......
Trace feasible.
.
Verifying trace...
.......
Trace feasible.
.
Verifying trace...
........
Trace feasible.
.
Verifying trace...
.........
Trace feasible.
.
Verifying trace...
..........
Trace feasible.
.
Verifying trace...
...........
Trace feasible.
.
Verifying trace...
............
Trace feasible.
.current state:
GLOBAL b0_s_le_2 = 0
GLOBAL b1 = 0
GLOBAL b2 = 0

THREAD 1 (inactive)
THREAD 2 (inactive)
LOCAL pc = 4
LOCAL b3_l_eq_s$ = -
LOCAL b3_l_eq_s = 0
LOCAL b4_0_eq_l$ = -
LOCAL b4_0_eq_l = 0
LOCAL b5_1_eq_l$ = -
LOCAL b5_1_eq_l = 1

THREAD 0 (active)
LOCAL pc = 31
LOCAL b3_l_eq_s$ = -
LOCAL b3_l_eq_s = -
LOCAL b4_0_eq_l$ = -
LOCAL b4_0_eq_l = 1
LOCAL b5_1_eq_l$ = -
LOCAL b5_1_eq_l = -


next state:
GLOBAL b0_s_le_2 = 1
GLOBAL b1 = 0
GLOBAL b2 = 0

THREAD 1 (inactive)
LOCAL pc = 4
LOCAL b3_l_eq_s$ = -
LOCAL b3_l_eq_s = 0
LOCAL b4_0_eq_l$ = -
LOCAL b4_0_eq_l = 0
LOCAL b5_1_eq_l$ = -
LOCAL b5_1_eq_l = 1

THREAD 2 (inactive)
LOCAL pc = 4
LOCAL b3_l_eq_s$ = -
LOCAL b3_l_eq_s = 1
LOCAL b4_0_eq_l$ = -
LOCAL b4_0_eq_l = 0
LOCAL b5_1_eq_l$ = -
LOCAL b5_1_eq_l = 1

THREAD 0 (active)
LOCAL pc = 32
LOCAL b3_l_eq_s$ = -
LOCAL b3_l_eq_s = 0
LOCAL b4_0_eq_l$ = -
LOCAL b4_0_eq_l = 1
LOCAL b5_1_eq_l$ = -
LOCAL b5_1_eq_l = 0


ecurr state:
[STATE] (31:4:4)

globals:
GLOBAL b0_s_le_2 = 0
GLOBAL b1 = 0
GLOBAL b2 = 0
LOCAL THREAD 0 pc = 31
LOCAL THREAD 0 b3_l_eq_s$ = -
LOCAL THREAD 0 b3_l_eq_s = -
LOCAL THREAD 0 b4_0_eq_l$ = -
LOCAL THREAD 0 b4_0_eq_l = 1
LOCAL THREAD 0 b5_1_eq_l$ = -
LOCAL THREAD 0 b5_1_eq_l = -
LOCAL THREAD 1 pc = 4
LOCAL THREAD 1 b3_l_eq_s$ = -
LOCAL THREAD 1 b3_l_eq_s = 0
LOCAL THREAD 1 b4_0_eq_l$ = -
LOCAL THREAD 1 b4_0_eq_l = 0
LOCAL THREAD 1 b5_1_eq_l$ = -
LOCAL THREAD 1 b5_1_eq_l = 1
LOCAL THREAD 2 pc = 4
LOCAL THREAD 2 b3_l_eq_s$ = -
LOCAL THREAD 2 b3_l_eq_s = 0
LOCAL THREAD 2 b4_0_eq_l$ = -
LOCAL THREAD 2 b4_0_eq_l = 0
LOCAL THREAD 2 b5_1_eq_l$ = -
LOCAL THREAD 2 b5_1_eq_l = 1
1-0-0---1-1---------------------0-0-0-0-0-


ecurr vars:

1-0-0---1-1---------------------0-0-0-0-0-  1
wp:

1-0-0-0-1-1-------------------1-1-0-0-0-0-  1
executing_thread of next state: 1
executed stmt:
31: [ASSIGN] (, next=32, #constraints=7)
Assertion failed: (ecurr->_vars != getVarManager().getManager().bddZero()), function reduce_left_by_right, file /Users/geri/Dropbox/boom-svn/src/Bdd/Concurrent/CounterSplitGlobalsState.cpp, line 1593.
