Parsing </Users/geri/Documents/bp-reduce/2014-04-06-22-43-01/reduced.119.bp> done.
Semantic check...  ok.
Note: Merging disabled (trace requested).
Transforming program for model-checker... done.
Configuration:
Eliminate dead variables: no (will be computed anyway)
Note: Automatic algorithm selection chose splitglobalscmc.
Renumbering statements...
Local types of: main
Strong locals: 
Weak locals: b3_l_eq_s, b4_0_eq_l, b5_1_eq_l
Life variable analysis...
Phase 1... done.
Phase 2... done.
Computing mod-ref-sets... done.
Computing read-write-sets... done.
Building BDD-program...
FIXME: in order to allow transformation into state-object we allocate more BDD variables...
Ordering BDD variables for concatenated layout...
Creating hybrid transition relations...Note: end_thread is treated as goto end
 done.
Starting counter abstraction symbolic simulation using BDDs...
(Abstract transitions are constructed on-the-fly).
Using static thread creation with 1 threads.
Variable Configuration:
Globals:
b0_s_le_2
------------------------------------11-----  1
b1
----------------------------------------11-  1
b2
--------------------------------------11---  1
------------------------------------111111-  1
Thread 0
Locals:
b3_l_eq_s$
------------------------11-----------------  1
b3_l_eq_s
------------------------------11-----------  1
b4_0_eq_l$
------------------11-----------------------  1
b4_0_eq_l
------11-----------------------------------  1
b5_1_eq_l$
------------11-----------------------------  1
b5_1_eq_l
11-----------------------------------------  1
11----11----11----11----11----11-----------  1
Thread 1
Locals:
b3_l_eq_s$
--------------------------11---------------  1
b3_l_eq_s
--------------------------------11---------  1
b4_0_eq_l$
--------------------11---------------------  1
b4_0_eq_l
--------11---------------------------------  1
b5_1_eq_l$
--------------11---------------------------  1
b5_1_eq_l
--11---------------------------------------  1
--11----11----11----11----11----11---------  1
Thread 2
Locals:
b3_l_eq_s$
----------------------------11-------------  1
b3_l_eq_s
----------------------------------11-------  1
b4_0_eq_l$
----------------------11-------------------  1
b4_0_eq_l
----------11-------------------------------  1
b5_1_eq_l$
----------------11-------------------------  1
b5_1_eq_l
----11-------------------------------------  1
----11----11----11----11----11----11-------  1
Step 0: reached states = 0, new states = 0, reached thread states = 0, new thread states = 0, peakNodeCount = 2044, reached size = 1, frontier size = 1, elapsed time: 00:00:00.000897
Step 1: reached states = 0, new states = 0, reached thread states = 0, new thread states = 0, peakNodeCount = 2044, reached size = 4, frontier size = 3, elapsed time: 00:00:00.001755
Step 2: reached states = 0, new states = 0, reached thread states = 0, new thread states = 0, peakNodeCount = 2044, reached size = 7, frontier size = 3, elapsed time: 00:00:00.002457
Step 3: reached states = 0, new states = 0, reached thread states = 0, new thread states = 0, peakNodeCount = 2044, reached size = 10, frontier size = 3, elapsed time: 00:00:00.003034
Step 4: reached states = 0, new states = 0, reached thread states = 0, new thread states = 0, peakNodeCount = 2044, reached size = 13, frontier size = 3, elapsed time: 00:00:00.003702
Step 5: reached states = 0, new states = 0, reached thread states = 0, new thread states = 0, peakNodeCount = 2044, reached size = 16, frontier size = 3, elapsed time: 00:00:00.004448
Step 6: reached states = 0, new states = 0, reached thread states = 0, new thread states = 0, peakNodeCount = 2044, reached size = 19, frontier size = 3, elapsed time: 00:00:00.005133
Step 7: reached states = 0, new states = 0, reached thread states = 0, new thread states = 0, peakNodeCount = 2044, reached size = 22, frontier size = 3, elapsed time: 00:00:00.005862
Step 8: reached states = 0, new states = 0, reached thread states = 0, new thread states = 0, peakNodeCount = 2044, reached size = 25, frontier size = 3, elapsed time: 00:00:00.006601
Step 9: reached states = 0, new states = 0, reached thread states = 0, new thread states = 0, peakNodeCount = 2044, reached size = 28, frontier size = 3, elapsed time: 00:00:00.007288
Note: Dynamic thread creation ignored due to static threads limit (ignored from now on)
Step 10: reached states = 0, new states = 0, reached thread states = 0, new thread states = 0, peakNodeCount = 2044, reached size = 31, frontier size = 3, elapsed time: 00:00:00.007962
Step 11: reached states = 0, new states = 0, reached thread states = 0, new thread states = 0, peakNodeCount = 2044, reached size = 34, frontier size = 3, elapsed time: 00:00:00.008743
Step 12: reached states = 0, new states = 0, reached thread states = 0, new thread states = 0, peakNodeCount = 2044, reached size = 40, frontier size = 6, elapsed time: 00:00:00.010180
Step 13: reached states = 0, new states = 0, reached thread states = 0, new thread states = 0, peakNodeCount = 2044, reached size = 47, frontier size = 7, elapsed time: 00:00:00.012096
Step 14: reached states = 0, new states = 0, reached thread states = 0, new thread states = 0, peakNodeCount = 2044, reached size = 54, frontier size = 7, elapsed time: 00:00:00.013664
Step 15: reached states = 0, new states = 0, reached thread states = 0, new thread states = 0, peakNodeCount = 2044, reached size = 61, frontier size = 7, elapsed time: 00:00:00.015257
Step 16: reached states = 0, new states = 0, reached thread states = 0, new thread states = 0, peakNodeCount = 2044, reached size = 71, frontier size = 10, elapsed time: 00:00:00.017938
Step 17: reached states = 0, new states = 0, reached thread states = 0, new thread states = 0, peakNodeCount = 2044, reached size = 87, frontier size = 16, elapsed time: 00:00:00.021884
Step 18: reached states = 0, new states = 0, reached thread states = 0, new thread states = 0, peakNodeCount = 2044, reached size = 105, frontier size = 18, elapsed time: 00:00:00.026602
Step 19: reached states = 0, new states = 0, reached thread states = 0, new thread states = 0, peakNodeCount = 5110, reached size = 129, frontier size = 24, elapsed time: 00:00:00.037535
Step 20: reached states = 0, new states = 0, reached thread states = 0, new thread states = 0, peakNodeCount = 15330, reached size = 189, frontier size = 60, elapsed time: 00:00:00.086366
Step 21: reached states = 0, new states = 0, reached thread states = 0, new thread states = 0, peakNodeCount = 28616, reached size = 326, frontier size = 137, elapsed time: 00:00:00.183984
Step 22: reached states = 0, new states = 0, reached thread states = 0, new thread states = 0, peakNodeCount = 33726, reached size = 489, frontier size = 163, elapsed time: 00:00:00.290603
Step 23: reached states = 0, new states = 0, reached thread states = 0, new thread states = 0, peakNodeCount = 33726, reached size = 659, frontier size = 170, elapsed time: 00:00:00.392048
Step 24: reached states = 0, new states = 0, reached thread states = 0, new thread states = 0, peakNodeCount = 33726, reached size = 825, frontier size = 166, elapsed time: 00:00:00.520845
Step 25: reached states = 0, new states = 0, reached thread states = 0, new thread states = 0, peakNodeCount = 33726, reached size = 1063, frontier size = 238, elapsed time: 00:00:00.686762
Step 26: reached states = 0, new states = 0, reached thread states = 0, new thread states = 0, peakNodeCount = 33726, reached size = 1311, frontier size = 248, elapsed time: 00:00:00.861572
Step 27: reached states = 0, new states = 0, reached thread states = 0, new thread states = 0, peakNodeCount = 37814, reached size = 1555, frontier size = 244, elapsed time: 00:00:01.031883
Step 28: reached states = 0, new states = 0, reached thread states = 0, new thread states = 0, peakNodeCount = 43946, reached size = 1926, frontier size = 371, elapsed time: 00:00:01.295129
Step 29: reached states = 0, new states = 0, reached thread states = 0, new thread states = 0, peakNodeCount = 44968, reached size = 2298, frontier size = 372, elapsed time: 00:00:01.615550
Step 30: reached states = 0, new states = 0, reached thread states = 0, new thread states = 0, peakNodeCount = 45990, reached size = 2660, frontier size = 362, elapsed time: 00:00:02.036091
Step 31: reached states = 0, new states = 0, reached thread states = 0, new thread states = 0, peakNodeCount = 45990, reached size = 2987, frontier size = 327, elapsed time: 00:00:02.356690
Step 32: reached states = 0, new states = 0, reached thread states = 0, new thread states = 0, peakNodeCount = 45990, reached size = 3378, frontier size = 391, elapsed time: 00:00:02.700731
Step 33: reached states = 0, new states = 0, reached thread states = 0, new thread states = 0, peakNodeCount = 45990, reached size = 3761, frontier size = 383, elapsed time: 00:00:02.990580
Step 34: reached states = 0, new states = 0, reached thread states = 0, new thread states = 0, peakNodeCount = 45990, reached size = 4152, frontier size = 391, elapsed time: 00:00:03.396974
Step 35: reached states = 0, new states = 0, reached thread states = 0, new thread states = 0, peakNodeCount = 45990, reached size = 4552, frontier size = 400, elapsed time: 00:00:03.848115
Step 36: reached states = 0, new states = 0, reached thread states = 0, new thread states = 0, peakNodeCount = 48034, reached size = 5018, frontier size = 466, elapsed time: 00:00:04.287472
Step 37: reached states = 0, new states = 0, reached thread states = 0, new thread states = 0, peakNodeCount = 48034, reached size = 5427, frontier size = 409, elapsed time: 00:00:04.740778
Step 38: reached states = 0, new states = 0, reached thread states = 0, new thread states = 0, peakNodeCount = 48034, reached size = 5694, frontier size = 267, elapsed time: 00:00:05.143594
Step 39: reached states = 0, new states = 0, reached thread states = 0, new thread states = 0, peakNodeCount = 48034, reached size = 5920, frontier size = 227, elapsed time: 00:00:05.429105
Step 40: reached states = 0, new states = 0, reached thread states = 0, new thread states = 0, peakNodeCount = 48034, reached size = 6102, frontier size = 183, elapsed time: 00:00:05.686696
Step 41: reached states = 0, new states = 0, reached thread states = 0, new thread states = 0, peakNodeCount = 49056, reached size = 6252, frontier size = 151, elapsed time: 00:00:05.849221
Step 42: reached states = 0, new states = 0, reached thread states = 0, new thread states = 0, peakNodeCount = 50078, reached size = 6400, frontier size = 149, elapsed time: 00:00:05.983369
Step 43: reached states = 0, new states = 0, reached thread states = 0, new thread states = 0, peakNodeCount = 50078, reached size = 6400, frontier size = 0, elapsed time: 00:00:05.983706
Elapsed time: 00:00:05.983744
Note: Violation found (in the last reachable state).
.
Verifying trace...
.
Trace feasible.
.
Verifying trace...
..
Trace feasible.
.
Verifying trace...
...
Trace feasible.
.
Verifying trace...
....
Trace feasible.
.
Verifying trace...
.....
Trace feasible.
.
Verifying trace...
......
Trace feasible.
.
Verifying trace...
.......
Trace feasible.
.
Verifying trace...
........
Trace feasible.
.
Verifying trace...
.........
Trace feasible.
.
Verifying trace...
..........
Trace feasible.
.
Verifying trace...
...........
Trace feasible.
.
Verifying trace...
............
Trace feasible.
.
Verifying trace...
.............
Trace feasible.
.
Verifying trace...
..............
Trace feasible.
.
Verifying trace...
...............
Trace feasible.
.
Verifying trace...
................
Trace feasible.
.
Verifying trace...
.................
Trace feasible.
.
Verifying trace...
..................
Trace feasible.
.
Verifying trace...
...................
Trace feasible.
.
Verifying trace...
....................
Trace feasible.
.
Verifying trace...
.....................
Trace feasible.
.
Verifying trace...
......................
Trace feasible.
.
Verifying trace...
.......................
Trace feasible.
.
Verifying trace...
........................
Trace feasible.
.
Verifying trace...
.........................
Trace feasible.
.
Verifying trace...
..........................
Trace feasible.
.
Verifying trace...
...........................
Trace feasible.
.
Verifying trace...
............................
Trace feasible.
.
Verifying trace...
.............................
Trace feasible.
.
Verifying trace...
..............................
Trace feasible.
.
Verifying trace...
...............................
Trace feasible.
.
Verifying trace...
................................
Trace feasible.
.
Verifying trace...
.................................
Trace feasible.
.
Verifying trace...
..................................
Trace feasible.
.
Verifying trace...
...................................
Trace feasible.
.
Verifying trace...
....................................
Trace feasible.
.
Verifying trace...
.....................................
Trace feasible.
.
Verifying trace...
......................................
Trace feasible.
.
Verifying trace...
.......................................
Trace feasible.
.
Verifying trace...
........................................
Trace feasible.
.
Verifying trace...
.........................................
Trace feasible.
.
Verifying trace...
..........................................
Trace feasible.
**********************************************************
Trace
**********************************************************
TRACE t=0 PC1 b0_s_le_2=0 b1=1 b2=0 main::b3_l_eq_s=1 main::b4_0_eq_l=0 main::b5_1_eq_l=1 
TRACE t=0 PC2 b0_s_le_2=0 b1=1 b2=0 main::b3_l_eq_s=0 main::b4_0_eq_l=0 main::b5_1_eq_l=1 
TRACE t=0 l1 PC10 b0_s_le_2=0 b1=0 b2=0 main::b3_l_eq_s=0 main::b4_0_eq_l=0 main::b5_1_eq_l=1 
TRACE t=0 PC11 b0_s_le_2=0 b1=0 b2=0 main::b3_l_eq_s=0 main::b4_0_eq_l=0 main::b5_1_eq_l=1 
TRACE t=0 l5 PC39 b0_s_le_2=0 b1=0 b2=0 main::b3_l_eq_s=0 main::b4_0_eq_l=0 main::b5_1_eq_l=1 main::b3_l_eq_s=0 main::b4_0_eq_l=0 main::b5_1_eq_l=1 TAKEN=1
TRACE t=0 l1 PC10 b0_s_le_2=0 b1=0 b2=0 main::b3_l_eq_s=0 main::b4_0_eq_l=0 main::b5_1_eq_l=1 main::b3_l_eq_s=0 main::b4_0_eq_l=0 main::b5_1_eq_l=1 
TRACE t=0 PC11 b0_s_le_2=0 b1=0 b2=0 main::b3_l_eq_s=0 main::b4_0_eq_l=0 main::b5_1_eq_l=1 main::b3_l_eq_s=0 main::b4_0_eq_l=0 main::b5_1_eq_l=1 
TRACE t=0 l5 PC39 b0_s_le_2=0 b1=0 b2=0 main::b3_l_eq_s=0 main::b4_0_eq_l=0 main::b5_1_eq_l=1 main::b3_l_eq_s=0 main::b4_0_eq_l=0 main::b5_1_eq_l=1 main::b3_l_eq_s=0 main::b4_0_eq_l=0 main::b5_1_eq_l=1 TAKEN=1
TRACE t=0 l1 PC10 b0_s_le_2=0 b1=0 b2=0 main::b3_l_eq_s=0 main::b4_0_eq_l=0 main::b5_1_eq_l=1 main::b3_l_eq_s=0 main::b4_0_eq_l=0 main::b5_1_eq_l=1 main::b3_l_eq_s=0 main::b4_0_eq_l=0 main::b5_1_eq_l=1 
TRACE t=0 PC11 b0_s_le_2=0 b1=0 b2=0 main::b3_l_eq_s=0 main::b4_0_eq_l=0 main::b5_1_eq_l=1 main::b3_l_eq_s=0 main::b4_0_eq_l=0 main::b5_1_eq_l=1 main::b3_l_eq_s=0 main::b4_0_eq_l=0 main::b5_1_eq_l=1 
TRACE t=0 PC13 b0_s_le_2=0 b1=0 b2=0 main::b3_l_eq_s=0 main::b4_0_eq_l=0 main::b5_1_eq_l=1 main::b3_l_eq_s=0 main::b4_0_eq_l=0 main::b5_1_eq_l=1 main::b3_l_eq_s=0 main::b4_0_eq_l=0 main::b5_1_eq_l=1 
TRACE t=1 PC13 b0_s_le_2=0 b1=0 b2=0 main::b3_l_eq_s=1 main::b4_0_eq_l=1 main::b5_1_eq_l=0 main::b3_l_eq_s=0 main::b4_0_eq_l=0 main::b5_1_eq_l=1 main::b3_l_eq_s=0 main::b4_0_eq_l=0 main::b5_1_eq_l=1 
TRACE t=0 PC18 b0_s_le_2=0 b1=0 b2=0 main::b3_l_eq_s=1 main::b4_0_eq_l=1 main::b5_1_eq_l=0 main::b3_l_eq_s=1 main::b4_0_eq_l=0 main::b5_1_eq_l=1 main::b3_l_eq_s=0 main::b4_0_eq_l=0 main::b5_1_eq_l=1 TAKEN=1
TRACE t=0 b0_s_le_2=0 b1=0 b2=0 main::b3_l_eq_s=1 main::b4_0_eq_l=1 main::b5_1_eq_l=0 main::b3_l_eq_s=1 main::b4_0_eq_l=0 main::b5_1_eq_l=1 main::b3_l_eq_s=0 main::b4_0_eq_l=0 main::b5_1_eq_l=1 
TRACE t=0 b0_s_le_2=0 b1=0 b2=0 main::b3_l_eq_s=1 main::b4_0_eq_l=1 main::b5_1_eq_l=0 main::b3_l_eq_s=1 main::b4_0_eq_l=0 main::b5_1_eq_l=1 main::b3_l_eq_s=0 main::b4_0_eq_l=0 main::b5_1_eq_l=1 TAKEN=1
TRACE t=0 l2 PC23 b0_s_le_2=0 b1=0 b2=0 main::b3_l_eq_s=1 main::b4_0_eq_l=1 main::b5_1_eq_l=0 main::b3_l_eq_s=1 main::b4_0_eq_l=0 main::b5_1_eq_l=1 main::b3_l_eq_s=0 main::b4_0_eq_l=0 main::b5_1_eq_l=1 
TRACE t=0 PC29 b0_s_le_2=0 b1=0 b2=0 main::b3_l_eq_s=1 main::b4_0_eq_l=1 main::b5_1_eq_l=0 main::b3_l_eq_s=1 main::b4_0_eq_l=0 main::b5_1_eq_l=1 main::b3_l_eq_s=0 main::b4_0_eq_l=0 main::b5_1_eq_l=1 TAKEN=1
TRACE t=0 b0_s_le_2=0 b1=0 b2=0 main::b3_l_eq_s=1 main::b4_0_eq_l=1 main::b5_1_eq_l=0 main::b3_l_eq_s=1 main::b4_0_eq_l=0 main::b5_1_eq_l=1 main::b3_l_eq_s=0 main::b4_0_eq_l=0 main::b5_1_eq_l=1 
TRACE t=0 b0_s_le_2=0 b1=0 b2=0 main::b3_l_eq_s=1 main::b4_0_eq_l=1 main::b5_1_eq_l=0 main::b3_l_eq_s=1 main::b4_0_eq_l=0 main::b5_1_eq_l=1 main::b3_l_eq_s=0 main::b4_0_eq_l=0 main::b5_1_eq_l=1 TAKEN=1
TRACE t=0 l3 PC31 b0_s_le_2=0 b1=0 b2=0 main::b3_l_eq_s=1 main::b4_0_eq_l=1 main::b5_1_eq_l=0 main::b3_l_eq_s=1 main::b4_0_eq_l=0 main::b5_1_eq_l=1 main::b3_l_eq_s=0 main::b4_0_eq_l=0 main::b5_1_eq_l=1 
TRACE t=0 PC36 b0_s_le_2=1 b1=0 b2=0 main::b3_l_eq_s=0 main::b4_0_eq_l=1 main::b5_1_eq_l=0 main::b3_l_eq_s=0 main::b4_0_eq_l=0 main::b5_1_eq_l=1 main::b3_l_eq_s=1 main::b4_0_eq_l=0 main::b5_1_eq_l=1 
TRACE t=0 PC38 b0_s_le_2=1 b1=0 b2=1 main::b3_l_eq_s=0 main::b4_0_eq_l=1 main::b5_1_eq_l=0 main::b3_l_eq_s=0 main::b4_0_eq_l=0 main::b5_1_eq_l=1 main::b3_l_eq_s=1 main::b4_0_eq_l=0 main::b5_1_eq_l=1 
TRACE t=1 PC18 b0_s_le_2=1 b1=0 b2=1 main::b3_l_eq_s=0 main::b4_0_eq_l=1 main::b5_1_eq_l=0 main::b3_l_eq_s=0 main::b4_0_eq_l=0 main::b5_1_eq_l=1 main::b3_l_eq_s=1 main::b4_0_eq_l=0 main::b5_1_eq_l=1 TAKEN=1
TRACE t=1 b0_s_le_2=1 b1=0 b2=1 main::b3_l_eq_s=0 main::b4_0_eq_l=1 main::b5_1_eq_l=0 main::b3_l_eq_s=0 main::b4_0_eq_l=0 main::b5_1_eq_l=1 main::b3_l_eq_s=1 main::b4_0_eq_l=0 main::b5_1_eq_l=1 
TRACE t=1 b0_s_le_2=1 b1=0 b2=1 main::b3_l_eq_s=0 main::b4_0_eq_l=1 main::b5_1_eq_l=0 main::b3_l_eq_s=0 main::b4_0_eq_l=0 main::b5_1_eq_l=1 main::b3_l_eq_s=1 main::b4_0_eq_l=0 main::b5_1_eq_l=1 TAKEN=1
TRACE t=1 l2 PC23 b0_s_le_2=1 b1=0 b2=1 main::b3_l_eq_s=0 main::b4_0_eq_l=1 main::b5_1_eq_l=0 main::b3_l_eq_s=0 main::b4_0_eq_l=0 main::b5_1_eq_l=1 main::b3_l_eq_s=1 main::b4_0_eq_l=0 main::b5_1_eq_l=1 
TRACE t=1 PC29 b0_s_le_2=1 b1=0 b2=1 main::b3_l_eq_s=0 main::b4_0_eq_l=1 main::b5_1_eq_l=0 main::b3_l_eq_s=0 main::b4_0_eq_l=0 main::b5_1_eq_l=1 main::b3_l_eq_s=1 main::b4_0_eq_l=0 main::b5_1_eq_l=1 TAKEN=1
TRACE t=1 b0_s_le_2=1 b1=0 b2=1 main::b3_l_eq_s=0 main::b4_0_eq_l=1 main::b5_1_eq_l=0 main::b3_l_eq_s=0 main::b4_0_eq_l=0 main::b5_1_eq_l=1 main::b3_l_eq_s=1 main::b4_0_eq_l=0 main::b5_1_eq_l=1 
TRACE t=1 b0_s_le_2=1 b1=0 b2=1 main::b3_l_eq_s=0 main::b4_0_eq_l=1 main::b5_1_eq_l=0 main::b3_l_eq_s=0 main::b4_0_eq_l=0 main::b5_1_eq_l=1 main::b3_l_eq_s=1 main::b4_0_eq_l=0 main::b5_1_eq_l=1 TAKEN=1
TRACE t=1 l3 PC31 b0_s_le_2=1 b1=0 b2=1 main::b3_l_eq_s=0 main::b4_0_eq_l=1 main::b5_1_eq_l=0 main::b3_l_eq_s=0 main::b4_0_eq_l=0 main::b5_1_eq_l=1 main::b3_l_eq_s=1 main::b4_0_eq_l=0 main::b5_1_eq_l=1 
TRACE t=1 PC36 b0_s_le_2=0 b1=0 b2=1 main::b3_l_eq_s=0 main::b4_0_eq_l=1 main::b5_1_eq_l=0 main::b3_l_eq_s=0 main::b4_0_eq_l=0 main::b5_1_eq_l=1 main::b3_l_eq_s=0 main::b4_0_eq_l=0 main::b5_1_eq_l=1 
TRACE t=1 PC38 b0_s_le_2=0 b1=1 b2=1 main::b3_l_eq_s=0 main::b4_0_eq_l=1 main::b5_1_eq_l=0 main::b3_l_eq_s=0 main::b4_0_eq_l=0 main::b5_1_eq_l=1 main::b3_l_eq_s=0 main::b4_0_eq_l=0 main::b5_1_eq_l=1 
TRACE t=2 PC13 b0_s_le_2=0 b1=1 b2=1 main::b3_l_eq_s=0 main::b4_0_eq_l=1 main::b5_1_eq_l=0 main::b3_l_eq_s=0 main::b4_0_eq_l=0 main::b5_1_eq_l=1 main::b3_l_eq_s=0 main::b4_0_eq_l=0 main::b5_1_eq_l=1 
TRACE t=2 PC18 b0_s_le_2=0 b1=1 b2=1 main::b3_l_eq_s=0 main::b4_0_eq_l=1 main::b5_1_eq_l=0 main::b3_l_eq_s=0 main::b4_0_eq_l=0 main::b5_1_eq_l=1 main::b3_l_eq_s=1 main::b4_0_eq_l=1 main::b5_1_eq_l=1 TAKEN=0
TRACE t=2 b0_s_le_2=0 b1=1 b2=1 main::b3_l_eq_s=0 main::b4_0_eq_l=1 main::b5_1_eq_l=0 main::b3_l_eq_s=0 main::b4_0_eq_l=0 main::b5_1_eq_l=1 main::b3_l_eq_s=1 main::b4_0_eq_l=1 main::b5_1_eq_l=1 
TRACE t=2 b0_s_le_2=0 b1=1 b2=1 main::b3_l_eq_s=0 main::b4_0_eq_l=1 main::b5_1_eq_l=0 main::b3_l_eq_s=0 main::b4_0_eq_l=0 main::b5_1_eq_l=1 main::b3_l_eq_s=1 main::b4_0_eq_l=1 main::b5_1_eq_l=1 
TRACE t=2 PC19 b0_s_le_2=0 b1=1 b2=1 main::b3_l_eq_s=0 main::b4_0_eq_l=1 main::b5_1_eq_l=0 main::b3_l_eq_s=0 main::b4_0_eq_l=0 main::b5_1_eq_l=1 main::b3_l_eq_s=1 main::b4_0_eq_l=1 main::b5_1_eq_l=1 TAKEN=0
TRACE t=2 b0_s_le_2=0 b1=1 b2=1 main::b3_l_eq_s=0 main::b4_0_eq_l=1 main::b5_1_eq_l=0 main::b3_l_eq_s=0 main::b4_0_eq_l=0 main::b5_1_eq_l=1 main::b3_l_eq_s=1 main::b4_0_eq_l=1 main::b5_1_eq_l=1 
TRACE t=2 b0_s_le_2=0 b1=1 b2=1 main::b3_l_eq_s=0 main::b4_0_eq_l=1 main::b5_1_eq_l=0 main::b3_l_eq_s=0 main::b4_0_eq_l=0 main::b5_1_eq_l=1 main::b3_l_eq_s=1 main::b4_0_eq_l=1 main::b5_1_eq_l=1 
TRACE t=2 PC21 b0_s_le_2=0 b1=1 b2=1 main::b3_l_eq_s=0 main::b4_0_eq_l=1 main::b5_1_eq_l=0 main::b3_l_eq_s=0 main::b4_0_eq_l=0 main::b5_1_eq_l=1 main::b3_l_eq_s=1 main::b4_0_eq_l=1 main::b5_1_eq_l=1 TAKEN=0
TRACE t=2 b0_s_le_2=0 b1=1 b2=1 main::b3_l_eq_s=0 main::b4_0_eq_l=1 main::b5_1_eq_l=0 main::b3_l_eq_s=0 main::b4_0_eq_l=0 main::b5_1_eq_l=1 main::b3_l_eq_s=1 main::b4_0_eq_l=1 main::b5_1_eq_l=1 
TRACE t=2 b0_s_le_2=0 b1=1 b2=1 main::b3_l_eq_s=0 main::b4_0_eq_l=1 main::b5_1_eq_l=0 main::b3_l_eq_s=0 main::b4_0_eq_l=0 main::b5_1_eq_l=1 main::b3_l_eq_s=1 main::b4_0_eq_l=1 main::b5_1_eq_l=1 
TRACE t=2 PC22 b0_s_le_2=0 b1=1 b2=1 main::b3_l_eq_s=0 main::b4_0_eq_l=1 main::b5_1_eq_l=0 main::b3_l_eq_s=0 main::b4_0_eq_l=0 main::b5_1_eq_l=1 main::b3_l_eq_s=1 main::b4_0_eq_l=1 main::b5_1_eq_l=1 

Verifying trace...
..........................................
Trace feasible.
Elapsed time: 00:00:07.377715

VERIFICATION FAILED
