Parsing </Users/geri/Documents/bp-reduce/2014-04-06-22-43-01/reduced.40.bp> done.
Semantic check...  ok.
Note: Merging disabled (trace requested).
Transforming program for model-checker... done.
Configuration:
Eliminate dead variables: no (will be computed anyway)
Note: Automatic algorithm selection chose splitglobalscmc.
Renumbering statements...
Local types of: main
Strong locals: 
Weak locals: b3_l_eq_s, b4_0_eq_l, b5_1_eq_l
Life variable analysis...
Phase 1... done.
Phase 2... done.
Computing mod-ref-sets... done.
Computing read-write-sets... done.
Building BDD-program...
FIXME: in order to allow transformation into state-object we allocate more BDD variables...
Ordering BDD variables for concatenated layout...
Creating hybrid transition relations...Note: end_thread is treated as goto end
 done.
Starting counter abstraction symbolic simulation using BDDs...
(Abstract transitions are constructed on-the-fly).
Using static thread creation with 1 threads.
Variable Configuration:
Globals:
b0_s_le_2
------------------------------------11-----  1
b1
----------------------------------------11-  1
b2
--------------------------------------11---  1
------------------------------------111111-  1
Thread 0
Locals:
b3_l_eq_s$
------------11-----------------------------  1
b3_l_eq_s
------------------------11-----------------  1
b4_0_eq_l$
------11-----------------------------------  1
b4_0_eq_l
------------------------------11-----------  1
b5_1_eq_l$
11-----------------------------------------  1
b5_1_eq_l
------------------11-----------------------  1
11----11----11----11----11----11-----------  1
Thread 1
Locals:
b3_l_eq_s$
--------------11---------------------------  1
b3_l_eq_s
--------------------------11---------------  1
b4_0_eq_l$
--------11---------------------------------  1
b4_0_eq_l
--------------------------------11---------  1
b5_1_eq_l$
--11---------------------------------------  1
b5_1_eq_l
--------------------11---------------------  1
--11----11----11----11----11----11---------  1
Thread 2
Locals:
b3_l_eq_s$
----------------11-------------------------  1
b3_l_eq_s
----------------------------11-------------  1
b4_0_eq_l$
----------11-------------------------------  1
b4_0_eq_l
----------------------------------11-------  1
b5_1_eq_l$
----11-------------------------------------  1
b5_1_eq_l
----------------------11-------------------  1
----11----11----11----11----11----11-------  1
Step 0: reached states = 0, new states = 0, reached thread states = 0, new thread states = 0, peakNodeCount = 2044, reached size = 1, frontier size = 1, elapsed time: 00:00:00.000952
Step 1: reached states = 0, new states = 0, reached thread states = 0, new thread states = 0, peakNodeCount = 2044, reached size = 4, frontier size = 3, elapsed time: 00:00:00.002370
Step 2: reached states = 0, new states = 0, reached thread states = 0, new thread states = 0, peakNodeCount = 2044, reached size = 7, frontier size = 3, elapsed time: 00:00:00.003481
Step 3: reached states = 0, new states = 0, reached thread states = 0, new thread states = 0, peakNodeCount = 2044, reached size = 10, frontier size = 3, elapsed time: 00:00:00.004426
Step 4: reached states = 0, new states = 0, reached thread states = 0, new thread states = 0, peakNodeCount = 2044, reached size = 13, frontier size = 3, elapsed time: 00:00:00.005603
Step 5: reached states = 0, new states = 0, reached thread states = 0, new thread states = 0, peakNodeCount = 2044, reached size = 16, frontier size = 3, elapsed time: 00:00:00.006937
Step 6: reached states = 0, new states = 0, reached thread states = 0, new thread states = 0, peakNodeCount = 2044, reached size = 19, frontier size = 3, elapsed time: 00:00:00.008090
Step 7: reached states = 0, new states = 0, reached thread states = 0, new thread states = 0, peakNodeCount = 2044, reached size = 22, frontier size = 3, elapsed time: 00:00:00.009343
Step 8: reached states = 0, new states = 0, reached thread states = 0, new thread states = 0, peakNodeCount = 2044, reached size = 25, frontier size = 3, elapsed time: 00:00:00.010658
Step 9: reached states = 0, new states = 0, reached thread states = 0, new thread states = 0, peakNodeCount = 2044, reached size = 28, frontier size = 3, elapsed time: 00:00:00.011849
Note: Dynamic thread creation ignored due to static threads limit (ignored from now on)
Step 10: reached states = 0, new states = 0, reached thread states = 0, new thread states = 0, peakNodeCount = 2044, reached size = 31, frontier size = 3, elapsed time: 00:00:00.012935
Step 11: reached states = 0, new states = 0, reached thread states = 0, new thread states = 0, peakNodeCount = 3066, reached size = 41, frontier size = 10, elapsed time: 00:00:00.019918
Step 12: reached states = 0, new states = 0, reached thread states = 0, new thread states = 0, peakNodeCount = 5110, reached size = 69, frontier size = 28, elapsed time: 00:00:00.033838
Step 13: reached states = 0, new states = 0, reached thread states = 0, new thread states = 0, peakNodeCount = 7154, reached size = 108, frontier size = 39, elapsed time: 00:00:00.060433
Step 14: reached states = 0, new states = 0, reached thread states = 0, new thread states = 0, peakNodeCount = 7154, reached size = 150, frontier size = 42, elapsed time: 00:00:00.078407
Step 15: reached states = 0, new states = 0, reached thread states = 0, new thread states = 0, peakNodeCount = 7154, reached size = 192, frontier size = 42, elapsed time: 00:00:00.095343
Step 16: reached states = 0, new states = 0, reached thread states = 0, new thread states = 0, peakNodeCount = 7154, reached size = 240, frontier size = 48, elapsed time: 00:00:00.121165
Step 17: reached states = 0, new states = 0, reached thread states = 0, new thread states = 0, peakNodeCount = 7154, reached size = 318, frontier size = 78, elapsed time: 00:00:00.164282
Step 18: reached states = 0, new states = 0, reached thread states = 0, new thread states = 0, peakNodeCount = 7154, reached size = 411, frontier size = 93, elapsed time: 00:00:00.204533
Step 19: reached states = 0, new states = 0, reached thread states = 0, new thread states = 0, peakNodeCount = 11242, reached size = 496, frontier size = 85, elapsed time: 00:00:00.276913
Step 20: reached states = 0, new states = 0, reached thread states = 0, new thread states = 0, peakNodeCount = 24528, reached size = 644, frontier size = 148, elapsed time: 00:00:00.472712
Step 21: reached states = 0, new states = 0, reached thread states = 0, new thread states = 0, peakNodeCount = 36792, reached size = 961, frontier size = 317, elapsed time: 00:00:00.937158
Step 22: reached states = 0, new states = 0, reached thread states = 0, new thread states = 0, peakNodeCount = 38836, reached size = 1353, frontier size = 392, elapsed time: 00:00:01.464274
Step 23: reached states = 0, new states = 0, reached thread states = 0, new thread states = 0, peakNodeCount = 38836, reached size = 1756, frontier size = 403, elapsed time: 00:00:02.051460
Step 24: reached states = 0, new states = 0, reached thread states = 0, new thread states = 0, peakNodeCount = 38836, reached size = 2144, frontier size = 388, elapsed time: 00:00:02.668404
Step 25: reached states = 0, new states = 0, reached thread states = 0, new thread states = 0, peakNodeCount = 41902, reached size = 2656, frontier size = 512, elapsed time: 00:00:03.416551
Step 26: reached states = 0, new states = 0, reached thread states = 0, new thread states = 0, peakNodeCount = 41902, reached size = 3217, frontier size = 561, elapsed time: 00:00:04.204068
Step 27: reached states = 0, new states = 0, reached thread states = 0, new thread states = 0, peakNodeCount = 41902, reached size = 3727, frontier size = 510, elapsed time: 00:00:05.068930
Step 28: reached states = 0, new states = 0, reached thread states = 0, new thread states = 0, peakNodeCount = 41902, reached size = 4440, frontier size = 713, elapsed time: 00:00:06.028264
Step 29: reached states = 0, new states = 0, reached thread states = 0, new thread states = 0, peakNodeCount = 41902, reached size = 5210, frontier size = 779, elapsed time: 00:00:07.086287
Step 30: reached states = 0, new states = 0, reached thread states = 0, new thread states = 0, peakNodeCount = 47012, reached size = 5974, frontier size = 774, elapsed time: 00:00:08.489301
Step 31: reached states = 0, new states = 0, reached thread states = 0, new thread states = 0, peakNodeCount = 51100, reached size = 6682, frontier size = 725, elapsed time: 00:00:09.585562
Step 32: reached states = 0, new states = 0, reached thread states = 0, new thread states = 0, peakNodeCount = 51100, reached size = 7448, frontier size = 783, elapsed time: 00:00:10.744471
Step 33: reached states = 0, new states = 0, reached thread states = 0, new thread states = 0, peakNodeCount = 52122, reached size = 8242, frontier size = 802, elapsed time: 00:00:11.829576
Step 34: reached states = 0, new states = 0, reached thread states = 0, new thread states = 0, peakNodeCount = 52122, reached size = 8909, frontier size = 692, elapsed time: 00:00:12.994571
Step 35: reached states = 0, new states = 0, reached thread states = 0, new thread states = 0, peakNodeCount = 52122, reached size = 9592, frontier size = 708, elapsed time: 00:00:14.170393
Step 36: reached states = 0, new states = 0, reached thread states = 0, new thread states = 0, peakNodeCount = 52122, reached size = 10382, frontier size = 811, elapsed time: 00:00:15.305383
Step 37: reached states = 0, new states = 0, reached thread states = 0, new thread states = 0, peakNodeCount = 52122, reached size = 11001, frontier size = 642, elapsed time: 00:00:16.275323
Step 38: reached states = 0, new states = 0, reached thread states = 0, new thread states = 0, peakNodeCount = 52122, reached size = 11366, frontier size = 402, elapsed time: 00:00:17.128509
Step 39: reached states = 0, new states = 0, reached thread states = 0, new thread states = 0, peakNodeCount = 52122, reached size = 11689, frontier size = 367, elapsed time: 00:00:17.647340
Step 40: reached states = 0, new states = 0, reached thread states = 0, new thread states = 0, peakNodeCount = 52122, reached size = 11916, frontier size = 259, elapsed time: 00:00:18.040587
Step 41: reached states = 0, new states = 0, reached thread states = 0, new thread states = 0, peakNodeCount = 52122, reached size = 12075, frontier size = 190, elapsed time: 00:00:18.312201
Step 42: reached states = 0, new states = 0, reached thread states = 0, new thread states = 0, peakNodeCount = 52122, reached size = 12239, frontier size = 196, elapsed time: 00:00:18.513840
Step 43: reached states = 0, new states = 0, reached thread states = 0, new thread states = 0, peakNodeCount = 52122, reached size = 12239, frontier size = 1, elapsed time: 00:00:18.516882
Elapsed time: 00:00:18.516921
Note: Violation found; Image computation aborted.
.
Verifying trace...
.
Trace feasible.
.
Verifying trace...
..
Trace feasible.
.
Verifying trace...
...
Trace feasible.
.
Verifying trace...
....
Trace feasible.
.
Verifying trace...
.....
Trace feasible.
.
Verifying trace...
......
Trace feasible.
.
Verifying trace...
.......
Trace feasible.
.
Verifying trace...
........
Trace feasible.
.
Verifying trace...
.........
Trace feasible.
.
Verifying trace...
..........
Trace feasible.
.
Verifying trace...
...........
Trace feasible.
.
Verifying trace...
............
Trace feasible.
.
Verifying trace...
.............
Trace feasible.
.
Verifying trace...
..............
Trace feasible.
.
Verifying trace...
...............
Trace feasible.
.
Verifying trace...
................
Trace feasible.
.
Verifying trace...
.................
Trace feasible.
.
Verifying trace...
..................
Trace feasible.
.
Verifying trace...
...................
Trace feasible.
.
Verifying trace...
....................
Trace feasible.
.
Verifying trace...
.....................
Trace feasible.
.
Verifying trace...
......................
Trace feasible.
.
Verifying trace...
.......................
Trace feasible.
.current state:
GLOBAL b0_s_le_2 = 1
GLOBAL b1 = 0
GLOBAL b2 = 0

THREAD 1 (inactive)
THREAD 2 (inactive)
LOCAL pc = 4
LOCAL b3_l_eq_s$ = -
LOCAL b3_l_eq_s = 0
LOCAL b4_0_eq_l$ = -
LOCAL b4_0_eq_l = 0
LOCAL b5_1_eq_l$ = -
LOCAL b5_1_eq_l = 1

THREAD 0 (active)
LOCAL pc = 31
LOCAL b3_l_eq_s$ = -
LOCAL b3_l_eq_s = -
LOCAL b4_0_eq_l$ = -
LOCAL b4_0_eq_l = 1
LOCAL b5_1_eq_l$ = -
LOCAL b5_1_eq_l = 0
 or
LOCAL b3_l_eq_s$ = -
LOCAL b3_l_eq_s = -
LOCAL b4_0_eq_l$ = -
LOCAL b4_0_eq_l = -
LOCAL b5_1_eq_l$ = -
LOCAL b5_1_eq_l = 1


next state:
GLOBAL b0_s_le_2 = 1
GLOBAL b1 = 0
GLOBAL b2 = 0

THREAD 2 (inactive)
LOCAL pc = 4
LOCAL b3_l_eq_s$ = -
LOCAL b3_l_eq_s = 1
LOCAL b4_0_eq_l$ = -
LOCAL b4_0_eq_l = 0
LOCAL b5_1_eq_l$ = -
LOCAL b5_1_eq_l = 1

THREAD 1 (inactive)
LOCAL pc = 4
LOCAL b3_l_eq_s$ = -
LOCAL b3_l_eq_s = 0
LOCAL b4_0_eq_l$ = -
LOCAL b4_0_eq_l = 0
LOCAL b5_1_eq_l$ = -
LOCAL b5_1_eq_l = 1

THREAD 0 (active)
LOCAL pc = 32
LOCAL b3_l_eq_s$ = -
LOCAL b3_l_eq_s = 0
LOCAL b4_0_eq_l$ = -
LOCAL b4_0_eq_l = 1
LOCAL b5_1_eq_l$ = -
LOCAL b5_1_eq_l = 0


ecurr state:
[STATE] (31:4:4)

globals:
GLOBAL b0_s_le_2 = 1
GLOBAL b1 = 0
GLOBAL b2 = 0
 or
GLOBAL b0_s_le_2 = 1
GLOBAL b1 = 0
GLOBAL b2 = 0
LOCAL THREAD 0 pc = 31
LOCAL THREAD 0 b3_l_eq_s$ = -
LOCAL THREAD 0 b3_l_eq_s = -
LOCAL THREAD 0 b4_0_eq_l$ = -
LOCAL THREAD 0 b4_0_eq_l = 1
LOCAL THREAD 0 b5_1_eq_l$ = -
LOCAL THREAD 0 b5_1_eq_l = 0
LOCAL THREAD 0 b3_l_eq_s$ = -
LOCAL THREAD 0 b3_l_eq_s = -
LOCAL THREAD 0 b4_0_eq_l$ = -
LOCAL THREAD 0 b4_0_eq_l = -
LOCAL THREAD 0 b5_1_eq_l$ = -
LOCAL THREAD 0 b5_1_eq_l = 1
LOCAL THREAD 1 pc = 4
LOCAL THREAD 1 b3_l_eq_s$ = -
LOCAL THREAD 1 b3_l_eq_s = 0
LOCAL THREAD 1 b4_0_eq_l$ = -
LOCAL THREAD 1 b4_0_eq_l = 0
LOCAL THREAD 1 b5_1_eq_l$ = -
LOCAL THREAD 1 b5_1_eq_l = 1
LOCAL THREAD 1 b3_l_eq_s$ = -
LOCAL THREAD 1 b3_l_eq_s = 0
LOCAL THREAD 1 b4_0_eq_l$ = -
LOCAL THREAD 1 b4_0_eq_l = 0
LOCAL THREAD 1 b5_1_eq_l$ = -
LOCAL THREAD 1 b5_1_eq_l = 1
LOCAL THREAD 2 pc = 4
LOCAL THREAD 2 b3_l_eq_s$ = -
LOCAL THREAD 2 b3_l_eq_s = 0
LOCAL THREAD 2 b4_0_eq_l$ = -
LOCAL THREAD 2 b4_0_eq_l = 0
LOCAL THREAD 2 b5_1_eq_l$ = -
LOCAL THREAD 2 b5_1_eq_l = 1
LOCAL THREAD 2 b3_l_eq_s$ = -
LOCAL THREAD 2 b3_l_eq_s = 0
LOCAL THREAD 2 b4_0_eq_l$ = -
LOCAL THREAD 2 b4_0_eq_l = 0
LOCAL THREAD 2 b5_1_eq_l$ = -
LOCAL THREAD 2 b5_1_eq_l = 1
------------------0-1-1---0-0-1-0-0-1-0-0--
------------------1-1-1---0-0---0-0-1-0-0--


ecurr vars:

------------------0-1-1---0-0-1-0-0-1-0-0--  1
------------------1-1-1---0-0---0-0-1-0-0--  1
wp:

------------------0-1-1-1-1-0-1-0-0-0-0-0--  1
executing_thread of next state: 1
executed stmt:
31: [ASSIGN] (, next=32, #constraints=7)
Assertion failed: (ecurr->_vars != getVarManager().getManager().bddZero()), function reduce_left_by_right, file /Users/geri/Dropbox/boom-svn/src/Bdd/Concurrent/CounterSplitGlobalsState.cpp, line 1593.
