Parsing </Users/geri/Documents/bp-reduce/2014-03-02-22-08-47/reduced.7.bp> done.
Semantic check...  ok.
Note: Merging disabled (trace requested).
Transforming program for model-checker... done.
Configuration:
Eliminate dead variables: no (will be computed anyway)
Note: Automatic algorithm selection chose splitglobalscmc.
Renumbering statements...
Local types of: main
Strong locals: 
Weak locals: b3_l_eq_s, b4_0_eq_l, b5_1_eq_l
Life variable analysis...
Phase 1... done.
Phase 2... done.
Computing mod-ref-sets... done.
Computing read-write-sets... done.
Building BDD-program...
FIXME: in order to allow transformation into state-object we allocate more BDD variables...
Ordering BDD variables for concatenated layout...
Creating hybrid transition relations...Note: end_thread is treated as goto end
 done.
Starting counter abstraction symbolic simulation using BDDs...
(Abstract transitions are constructed on-the-fly).
Using static thread creation with 1 threads.
Variable Configuration:
Globals:
b0_s_le_2
------------------------------------11-----  1
b1
----------------------------------------11-  1
b2
--------------------------------------11---  1
------------------------------------111111-  1
Thread 0
Locals:
b3_l_eq_s$
------------------11-----------------------  1
b3_l_eq_s
------------------------------11-----------  1
b4_0_eq_l$
11-----------------------------------------  1
b4_0_eq_l
------------------------11-----------------  1
b5_1_eq_l$
------------11-----------------------------  1
b5_1_eq_l
------11-----------------------------------  1
11----11----11----11----11----11-----------  1
Thread 1
Locals:
b3_l_eq_s$
--------------------11---------------------  1
b3_l_eq_s
--------------------------------11---------  1
b4_0_eq_l$
--11---------------------------------------  1
b4_0_eq_l
--------------------------11---------------  1
b5_1_eq_l$
--------------11---------------------------  1
b5_1_eq_l
--------11---------------------------------  1
--11----11----11----11----11----11---------  1
Thread 2
Locals:
b3_l_eq_s$
----------------------11-------------------  1
b3_l_eq_s
----------------------------------11-------  1
b4_0_eq_l$
----11-------------------------------------  1
b4_0_eq_l
----------------------------11-------------  1
b5_1_eq_l$
----------------11-------------------------  1
b5_1_eq_l
----------11-------------------------------  1
----11----11----11----11----11----11-------  1
Step 0: reached states = 0, new states = 0, reached thread states = 0, new thread states = 0, peakNodeCount = 2044, reached size = 1, frontier size = 1, elapsed time: 00:00:00.000819
Step 1: reached states = 0, new states = 0, reached thread states = 0, new thread states = 0, peakNodeCount = 2044, reached size = 4, frontier size = 3, elapsed time: 00:00:00.001682
Step 2: reached states = 0, new states = 0, reached thread states = 0, new thread states = 0, peakNodeCount = 2044, reached size = 7, frontier size = 3, elapsed time: 00:00:00.002399
Step 3: reached states = 0, new states = 0, reached thread states = 0, new thread states = 0, peakNodeCount = 2044, reached size = 10, frontier size = 3, elapsed time: 00:00:00.002991
Step 4: reached states = 0, new states = 0, reached thread states = 0, new thread states = 0, peakNodeCount = 2044, reached size = 13, frontier size = 3, elapsed time: 00:00:00.003676
Step 5: reached states = 0, new states = 0, reached thread states = 0, new thread states = 0, peakNodeCount = 2044, reached size = 16, frontier size = 3, elapsed time: 00:00:00.004477
Step 6: reached states = 0, new states = 0, reached thread states = 0, new thread states = 0, peakNodeCount = 2044, reached size = 19, frontier size = 3, elapsed time: 00:00:00.005159
Step 7: reached states = 0, new states = 0, reached thread states = 0, new thread states = 0, peakNodeCount = 2044, reached size = 22, frontier size = 3, elapsed time: 00:00:00.005896
Step 8: reached states = 0, new states = 0, reached thread states = 0, new thread states = 0, peakNodeCount = 2044, reached size = 25, frontier size = 3, elapsed time: 00:00:00.006644
Step 9: reached states = 0, new states = 0, reached thread states = 0, new thread states = 0, peakNodeCount = 2044, reached size = 28, frontier size = 3, elapsed time: 00:00:00.007348
Note: Dynamic thread creation ignored due to static threads limit (ignored from now on)
Step 10: reached states = 0, new states = 0, reached thread states = 0, new thread states = 0, peakNodeCount = 2044, reached size = 31, frontier size = 3, elapsed time: 00:00:00.008031
Step 11: reached states = 0, new states = 0, reached thread states = 0, new thread states = 0, peakNodeCount = 3066, reached size = 35, frontier size = 4, elapsed time: 00:00:00.009955
Step 12: reached states = 0, new states = 0, reached thread states = 0, new thread states = 0, peakNodeCount = 3066, reached size = 43, frontier size = 8, elapsed time: 00:00:00.012201
Step 13: reached states = 0, new states = 0, reached thread states = 0, new thread states = 0, peakNodeCount = 3066, reached size = 51, frontier size = 8, elapsed time: 00:00:00.014517
Step 14: reached states = 0, new states = 0, reached thread states = 0, new thread states = 0, peakNodeCount = 3066, reached size = 59, frontier size = 8, elapsed time: 00:00:00.016900
Step 15: reached states = 0, new states = 0, reached thread states = 0, new thread states = 0, peakNodeCount = 4088, reached size = 76, frontier size = 17, elapsed time: 00:00:00.026961
Step 16: reached states = 0, new states = 0, reached thread states = 0, new thread states = 0, peakNodeCount = 4088, reached size = 114, frontier size = 38, elapsed time: 00:00:00.046971
Step 17: reached states = 0, new states = 0, reached thread states = 0, new thread states = 0, peakNodeCount = 4088, reached size = 157, frontier size = 43, elapsed time: 00:00:00.069237
Step 18: reached states = 0, new states = 0, reached thread states = 0, new thread states = 0, peakNodeCount = 4088, reached size = 200, frontier size = 43, elapsed time: 00:00:00.090019
Step 19: reached states = 0, new states = 0, reached thread states = 0, new thread states = 0, peakNodeCount = 7154, reached size = 266, frontier size = 66, elapsed time: 00:00:00.138166
Step 20: reached states = 0, new states = 0, reached thread states = 0, new thread states = 0, peakNodeCount = 15330, reached size = 411, frontier size = 145, elapsed time: 00:00:00.239523
Step 21: reached states = 0, new states = 0, reached thread states = 0, new thread states = 0, peakNodeCount = 15330, reached size = 590, frontier size = 179, elapsed time: 00:00:00.353276
Step 22: reached states = 0, new states = 0, reached thread states = 0, new thread states = 0, peakNodeCount = 16352, reached size = 755, frontier size = 165, elapsed time: 00:00:00.463460
Step 23: reached states = 0, new states = 0, reached thread states = 0, new thread states = 0, peakNodeCount = 27594, reached size = 947, frontier size = 193, elapsed time: 00:00:00.653693
Step 24: reached states = 0, new states = 0, reached thread states = 0, new thread states = 0, peakNodeCount = 38836, reached size = 1288, frontier size = 343, elapsed time: 00:00:00.971907
Step 25: reached states = 0, new states = 0, reached thread states = 0, new thread states = 0, peakNodeCount = 38836, reached size = 1714, frontier size = 444, elapsed time: 00:00:01.352615
Step 26: reached states = 0, new states = 0, reached thread states = 0, new thread states = 0, peakNodeCount = 38836, reached size = 2080, frontier size = 370, elapsed time: 00:00:01.662829
Step 27: reached states = 0, new states = 0, reached thread states = 0, new thread states = 0, peakNodeCount = 39858, reached size = 2448, frontier size = 369, elapsed time: 00:00:02.094705
Step 28: reached states = 0, new states = 0, reached thread states = 0, new thread states = 0, peakNodeCount = 44968, reached size = 3006, frontier size = 560, elapsed time: 00:00:02.641298
Step 29: reached states = 0, new states = 0, reached thread states = 0, new thread states = 0, peakNodeCount = 48034, reached size = 3678, frontier size = 690, elapsed time: 00:00:03.183569
Step 30: reached states = 0, new states = 0, reached thread states = 0, new thread states = 0, peakNodeCount = 54166, reached size = 4315, frontier size = 649, elapsed time: 00:00:03.696818
Step 31: reached states = 0, new states = 0, reached thread states = 0, new thread states = 0, peakNodeCount = 54166, reached size = 4838, frontier size = 532, elapsed time: 00:00:04.236848
Step 32: reached states = 0, new states = 0, reached thread states = 0, new thread states = 0, peakNodeCount = 54166, reached size = 5477, frontier size = 660, elapsed time: 00:00:04.749895
Step 33: reached states = 0, new states = 0, reached thread states = 0, new thread states = 0, peakNodeCount = 54166, reached size = 6233, frontier size = 785, elapsed time: 00:00:05.391209
Step 34: reached states = 0, new states = 0, reached thread states = 0, new thread states = 0, peakNodeCount = 54166, reached size = 6918, frontier size = 708, elapsed time: 00:00:05.967882
Step 35: reached states = 0, new states = 0, reached thread states = 0, new thread states = 0, peakNodeCount = 54166, reached size = 7506, frontier size = 606, elapsed time: 00:00:06.541050
Step 36: reached states = 0, new states = 0, reached thread states = 0, new thread states = 0, peakNodeCount = 55188, reached size = 8149, frontier size = 669, elapsed time: 00:00:07.188642
Step 37: reached states = 0, new states = 0, reached thread states = 0, new thread states = 0, peakNodeCount = 55188, reached size = 8782, frontier size = 652, elapsed time: 00:00:07.810609
Step 38: reached states = 0, new states = 0, reached thread states = 0, new thread states = 0, peakNodeCount = 55188, reached size = 9297, frontier size = 527, elapsed time: 00:00:08.270614
Step 39: reached states = 0, new states = 0, reached thread states = 0, new thread states = 0, peakNodeCount = 55188, reached size = 9731, frontier size = 452, elapsed time: 00:00:08.753723
Step 40: reached states = 0, new states = 0, reached thread states = 0, new thread states = 0, peakNodeCount = 55188, reached size = 10095, frontier size = 380, elapsed time: 00:00:09.145323
Step 41: reached states = 0, new states = 0, reached thread states = 0, new thread states = 0, peakNodeCount = 55188, reached size = 10330, frontier size = 243, elapsed time: 00:00:09.362713
Step 42: reached states = 0, new states = 0, reached thread states = 0, new thread states = 0, peakNodeCount = 55188, reached size = 10488, frontier size = 168, elapsed time: 00:00:09.510835
Step 43: reached states = 0, new states = 0, reached thread states = 0, new thread states = 0, peakNodeCount = 55188, reached size = 10609, frontier size = 129, elapsed time: 00:00:09.611111
Step 44: reached states = 0, new states = 0, reached thread states = 0, new thread states = 0, peakNodeCount = 55188, reached size = 10700, frontier size = 95, elapsed time: 00:00:09.677535
Step 45: reached states = 0, new states = 0, reached thread states = 0, new thread states = 0, peakNodeCount = 55188, reached size = 10745, frontier size = 45, elapsed time: 00:00:09.723123
Step 46: reached states = 0, new states = 0, reached thread states = 0, new thread states = 0, peakNodeCount = 55188, reached size = 10796, frontier size = 51, elapsed time: 00:00:09.747397
Step 47: reached states = 0, new states = 0, reached thread states = 0, new thread states = 0, peakNodeCount = 55188, reached size = 10832, frontier size = 36, elapsed time: 00:00:09.772840
Step 48: reached states = 0, new states = 0, reached thread states = 0, new thread states = 0, peakNodeCount = 55188, reached size = 10862, frontier size = 30, elapsed time: 00:00:09.788148
Step 49: reached states = 0, new states = 0, reached thread states = 0, new thread states = 0, peakNodeCount = 55188, reached size = 10862, frontier size = 0, elapsed time: 00:00:09.788520
Elapsed time: 00:00:09.788560
Note: Violation found (in the last reachable state).
.
Verifying trace...
.
Trace feasible.
.
Verifying trace...
..
Trace feasible.
.
Verifying trace...
...
Trace feasible.
.
Verifying trace...
....
Trace feasible.
.
Verifying trace...
.....
Trace feasible.
.
Verifying trace...
......
Trace feasible.
.
Verifying trace...
.......
Trace feasible.
.
Verifying trace...
........
Trace feasible.
.
Verifying trace...
.........
Trace feasible.
.
Verifying trace...
..........
Trace feasible.
.
Verifying trace...
...........
Trace feasible.
.
Verifying trace...
............
Trace feasible.
.
Verifying trace...
.............
Trace feasible.
.
Verifying trace...
..............
Trace feasible.
.
Verifying trace...
...............
Trace feasible.
.
Verifying trace...
................
Trace feasible.
.
Verifying trace...
.................
Trace feasible.
.
Verifying trace...
..................
Trace feasible.
.
Verifying trace...
...................
Trace feasible.
.
Verifying trace...
....................
Trace feasible.
.
Verifying trace...
.....................
Trace feasible.
.
Verifying trace...
......................
Trace feasible.
.
Verifying trace...
.......................
Trace feasible.
.
Verifying trace...
........................
Trace feasible.
.
Verifying trace...
.........................
Trace feasible.
.
Verifying trace...
..........................
Trace feasible.
.
Verifying trace...
...........................
Trace feasible.
.
Verifying trace...
............................
Trace feasible.
.
Verifying trace...
.............................
Trace feasible.
.current state:
GLOBAL b0_s_le_2 = 1
GLOBAL b1 = 0
GLOBAL b2 = 0

THREAD 1 (inactive)
THREAD 2 (inactive)
LOCAL pc = 4
LOCAL b3_l_eq_s$ = -
LOCAL b3_l_eq_s = 0
LOCAL b4_0_eq_l$ = -
LOCAL b4_0_eq_l = 0
LOCAL b5_1_eq_l$ = -
LOCAL b5_1_eq_l = 1

THREAD 0 (active)
LOCAL pc = 38
LOCAL b3_l_eq_s$ = -
LOCAL b3_l_eq_s = -
LOCAL b4_0_eq_l$ = -
LOCAL b4_0_eq_l = 1
LOCAL b5_1_eq_l$ = -
LOCAL b5_1_eq_l = 0
 or
LOCAL b3_l_eq_s$ = -
LOCAL b3_l_eq_s = -
LOCAL b4_0_eq_l$ = -
LOCAL b4_0_eq_l = -
LOCAL b5_1_eq_l$ = -
LOCAL b5_1_eq_l = 1


next state:
GLOBAL b0_s_le_2 = 1
GLOBAL b1 = 0
GLOBAL b2 = 0

THREAD 2 (inactive)
LOCAL pc = 4
LOCAL b3_l_eq_s$ = -
LOCAL b3_l_eq_s = 1
LOCAL b4_0_eq_l$ = -
LOCAL b4_0_eq_l = 0
LOCAL b5_1_eq_l$ = -
LOCAL b5_1_eq_l = 1

THREAD 1 (inactive)
LOCAL pc = 4
LOCAL b3_l_eq_s$ = -
LOCAL b3_l_eq_s = 0
LOCAL b4_0_eq_l$ = -
LOCAL b4_0_eq_l = 0
LOCAL b5_1_eq_l$ = -
LOCAL b5_1_eq_l = 1

THREAD 0 (active)
LOCAL pc = 40
LOCAL b3_l_eq_s$ = -
LOCAL b3_l_eq_s = 0
LOCAL b4_0_eq_l$ = -
LOCAL b4_0_eq_l = 1
LOCAL b5_1_eq_l$ = -
LOCAL b5_1_eq_l = 0


ecurr state:
[STATE] (38:4:4)

globals:
GLOBAL b0_s_le_2 = 1
GLOBAL b1 = 0
GLOBAL b2 = 0
 or
GLOBAL b0_s_le_2 = 1
GLOBAL b1 = 0
GLOBAL b2 = 0
LOCAL THREAD 0 pc = 38
LOCAL THREAD 0 b3_l_eq_s$ = -
LOCAL THREAD 0 b3_l_eq_s = -
LOCAL THREAD 0 b4_0_eq_l$ = -
LOCAL THREAD 0 b4_0_eq_l = 1
LOCAL THREAD 0 b5_1_eq_l$ = -
LOCAL THREAD 0 b5_1_eq_l = 0
LOCAL THREAD 0 b3_l_eq_s$ = -
LOCAL THREAD 0 b3_l_eq_s = -
LOCAL THREAD 0 b4_0_eq_l$ = -
LOCAL THREAD 0 b4_0_eq_l = -
LOCAL THREAD 0 b5_1_eq_l$ = -
LOCAL THREAD 0 b5_1_eq_l = 1
LOCAL THREAD 1 pc = 4
LOCAL THREAD 1 b3_l_eq_s$ = -
LOCAL THREAD 1 b3_l_eq_s = 0
LOCAL THREAD 1 b4_0_eq_l$ = -
LOCAL THREAD 1 b4_0_eq_l = 0
LOCAL THREAD 1 b5_1_eq_l$ = -
LOCAL THREAD 1 b5_1_eq_l = 1
LOCAL THREAD 1 b3_l_eq_s$ = -
LOCAL THREAD 1 b3_l_eq_s = 0
LOCAL THREAD 1 b4_0_eq_l$ = -
LOCAL THREAD 1 b4_0_eq_l = 0
LOCAL THREAD 1 b5_1_eq_l$ = -
LOCAL THREAD 1 b5_1_eq_l = 1
LOCAL THREAD 2 pc = 4
LOCAL THREAD 2 b3_l_eq_s$ = -
LOCAL THREAD 2 b3_l_eq_s = 0
LOCAL THREAD 2 b4_0_eq_l$ = -
LOCAL THREAD 2 b4_0_eq_l = 0
LOCAL THREAD 2 b5_1_eq_l$ = -
LOCAL THREAD 2 b5_1_eq_l = 1
LOCAL THREAD 2 b3_l_eq_s$ = -
LOCAL THREAD 2 b3_l_eq_s = 0
LOCAL THREAD 2 b4_0_eq_l$ = -
LOCAL THREAD 2 b4_0_eq_l = 0
LOCAL THREAD 2 b5_1_eq_l$ = -
LOCAL THREAD 2 b5_1_eq_l = 1
------0-1-1-------------1-0-0---0-0-1-0-0--
------1-1-1---------------0-0---0-0-1-0-0--


ecurr vars:

------0-1-1-------------1-0-0---0-0-1-0-0--  1
------1-1-1---------------0-0---0-0-1-0-0--  1
wp:

------0-1-1-------------1-0-0-1-1-0-0-0-0--  1
executing_thread of next state: 1
executed stmt:
38: [ASSIGN] (, next=40, #constraints=7)
Assertion failed: (ecurr->_vars != getVarManager().getManager().bddZero()), function reduce_left_by_right, file /Users/geri/Dropbox/boom-svn/src/Bdd/Concurrent/CounterSplitGlobalsState.cpp, line 1593.
