Parsing </Users/geri/Documents/bp-reduce/2014-03-02-22-08-47/reduced.107.bp> done.
Semantic check...  ok.
Note: Merging disabled (trace requested).
Transforming program for model-checker... done.
Configuration:
Eliminate dead variables: no (will be computed anyway)
Note: Automatic algorithm selection chose splitglobalscmc.
Renumbering statements...
Local types of: main
Strong locals: 
Weak locals: b3_l_eq_s, b4_0_eq_l, b5_1_eq_l
Life variable analysis...
Phase 1... done.
Phase 2... done.
Computing mod-ref-sets... done.
Computing read-write-sets... done.
Building BDD-program...
FIXME: in order to allow transformation into state-object we allocate more BDD variables...
Ordering BDD variables for concatenated layout...
Creating hybrid transition relations...Note: end_thread is treated as goto end
 done.
Starting counter abstraction symbolic simulation using BDDs...
(Abstract transitions are constructed on-the-fly).
Using static thread creation with 1 threads.
Variable Configuration:
Globals:
b0_s_le_2
------------------------------------11-----  1
b1
----------------------------------------11-  1
b2
--------------------------------------11---  1
------------------------------------111111-  1
Thread 0
Locals:
b3_l_eq_s$
------------------------11-----------------  1
b3_l_eq_s
------------------------------11-----------  1
b4_0_eq_l$
11-----------------------------------------  1
b4_0_eq_l
------11-----------------------------------  1
b5_1_eq_l$
------------------11-----------------------  1
b5_1_eq_l
------------11-----------------------------  1
11----11----11----11----11----11-----------  1
Thread 1
Locals:
b3_l_eq_s$
--------------------------11---------------  1
b3_l_eq_s
--------------------------------11---------  1
b4_0_eq_l$
--11---------------------------------------  1
b4_0_eq_l
--------11---------------------------------  1
b5_1_eq_l$
--------------------11---------------------  1
b5_1_eq_l
--------------11---------------------------  1
--11----11----11----11----11----11---------  1
Thread 2
Locals:
b3_l_eq_s$
----------------------------11-------------  1
b3_l_eq_s
----------------------------------11-------  1
b4_0_eq_l$
----11-------------------------------------  1
b4_0_eq_l
----------11-------------------------------  1
b5_1_eq_l$
----------------------11-------------------  1
b5_1_eq_l
----------------11-------------------------  1
----11----11----11----11----11----11-------  1
Step 0: reached states = 0, new states = 0, reached thread states = 0, new thread states = 0, peakNodeCount = 2044, reached size = 1, frontier size = 1, elapsed time: 00:00:00.000990
Step 1: reached states = 0, new states = 0, reached thread states = 0, new thread states = 0, peakNodeCount = 2044, reached size = 4, frontier size = 3, elapsed time: 00:00:00.002359
Step 2: reached states = 0, new states = 0, reached thread states = 0, new thread states = 0, peakNodeCount = 2044, reached size = 7, frontier size = 3, elapsed time: 00:00:00.003492
Step 3: reached states = 0, new states = 0, reached thread states = 0, new thread states = 0, peakNodeCount = 2044, reached size = 10, frontier size = 3, elapsed time: 00:00:00.004450
Step 4: reached states = 0, new states = 0, reached thread states = 0, new thread states = 0, peakNodeCount = 2044, reached size = 13, frontier size = 3, elapsed time: 00:00:00.005397
Step 5: reached states = 0, new states = 0, reached thread states = 0, new thread states = 0, peakNodeCount = 2044, reached size = 16, frontier size = 3, elapsed time: 00:00:00.006419
Step 6: reached states = 0, new states = 0, reached thread states = 0, new thread states = 0, peakNodeCount = 2044, reached size = 19, frontier size = 3, elapsed time: 00:00:00.007336
Step 7: reached states = 0, new states = 0, reached thread states = 0, new thread states = 0, peakNodeCount = 2044, reached size = 22, frontier size = 3, elapsed time: 00:00:00.008318
Step 8: reached states = 0, new states = 0, reached thread states = 0, new thread states = 0, peakNodeCount = 2044, reached size = 25, frontier size = 3, elapsed time: 00:00:00.009330
Step 9: reached states = 0, new states = 0, reached thread states = 0, new thread states = 0, peakNodeCount = 2044, reached size = 28, frontier size = 3, elapsed time: 00:00:00.010300
Note: Dynamic thread creation ignored due to static threads limit (ignored from now on)
Step 10: reached states = 0, new states = 0, reached thread states = 0, new thread states = 0, peakNodeCount = 2044, reached size = 31, frontier size = 3, elapsed time: 00:00:00.011268
Step 11: reached states = 0, new states = 0, reached thread states = 0, new thread states = 0, peakNodeCount = 3066, reached size = 34, frontier size = 3, elapsed time: 00:00:00.012968
Step 12: reached states = 0, new states = 0, reached thread states = 0, new thread states = 0, peakNodeCount = 3066, reached size = 41, frontier size = 7, elapsed time: 00:00:00.015527
Step 13: reached states = 0, new states = 0, reached thread states = 0, new thread states = 0, peakNodeCount = 4088, reached size = 51, frontier size = 10, elapsed time: 00:00:00.019125
Step 14: reached states = 0, new states = 0, reached thread states = 0, new thread states = 0, peakNodeCount = 4088, reached size = 62, frontier size = 11, elapsed time: 00:00:00.022112
Step 15: reached states = 0, new states = 0, reached thread states = 0, new thread states = 0, peakNodeCount = 4088, reached size = 73, frontier size = 11, elapsed time: 00:00:00.024929
Step 16: reached states = 0, new states = 0, reached thread states = 0, new thread states = 0, peakNodeCount = 4088, reached size = 87, frontier size = 14, elapsed time: 00:00:00.029630
Step 17: reached states = 0, new states = 0, reached thread states = 0, new thread states = 0, peakNodeCount = 4088, reached size = 108, frontier size = 21, elapsed time: 00:00:00.036156
Step 18: reached states = 0, new states = 0, reached thread states = 0, new thread states = 0, peakNodeCount = 4088, reached size = 134, frontier size = 26, elapsed time: 00:00:00.043703
Step 19: reached states = 0, new states = 0, reached thread states = 0, new thread states = 0, peakNodeCount = 6132, reached size = 163, frontier size = 29, elapsed time: 00:00:00.057003
Step 20: reached states = 0, new states = 0, reached thread states = 0, new thread states = 0, peakNodeCount = 14308, reached size = 209, frontier size = 46, elapsed time: 00:00:00.099310
Step 21: reached states = 0, new states = 0, reached thread states = 0, new thread states = 0, peakNodeCount = 23506, reached size = 321, frontier size = 112, elapsed time: 00:00:00.173920
Step 22: reached states = 0, new states = 0, reached thread states = 0, new thread states = 0, peakNodeCount = 39858, reached size = 506, frontier size = 185, elapsed time: 00:00:00.344411
Step 23: reached states = 0, new states = 0, reached thread states = 0, new thread states = 0, peakNodeCount = 41902, reached size = 685, frontier size = 179, elapsed time: 00:00:00.471489
Step 24: reached states = 0, new states = 0, reached thread states = 0, new thread states = 0, peakNodeCount = 42924, reached size = 864, frontier size = 179, elapsed time: 00:00:00.666301
Step 25: reached states = 0, new states = 0, reached thread states = 0, new thread states = 0, peakNodeCount = 47012, reached size = 1088, frontier size = 224, elapsed time: 00:00:00.842874
Step 26: reached states = 0, new states = 0, reached thread states = 0, new thread states = 0, peakNodeCount = 48034, reached size = 1391, frontier size = 303, elapsed time: 00:00:01.075348
Step 27: reached states = 0, new states = 0, reached thread states = 0, new thread states = 0, peakNodeCount = 48034, reached size = 1656, frontier size = 265, elapsed time: 00:00:01.319651
Step 28: reached states = 0, new states = 0, reached thread states = 0, new thread states = 0, peakNodeCount = 48034, reached size = 2051, frontier size = 395, elapsed time: 00:00:01.633969
Step 29: reached states = 0, new states = 0, reached thread states = 0, new thread states = 0, peakNodeCount = 48034, reached size = 2514, frontier size = 467, elapsed time: 00:00:02.055566
Step 30: reached states = 0, new states = 0, reached thread states = 0, new thread states = 0, peakNodeCount = 48034, reached size = 2953, frontier size = 448, elapsed time: 00:00:02.550287
Step 31: reached states = 0, new states = 0, reached thread states = 0, new thread states = 0, peakNodeCount = 48034, reached size = 3360, frontier size = 421, elapsed time: 00:00:02.977571
Step 32: reached states = 0, new states = 0, reached thread states = 0, new thread states = 0, peakNodeCount = 48034, reached size = 3782, frontier size = 436, elapsed time: 00:00:03.403932
Step 33: reached states = 0, new states = 0, reached thread states = 0, new thread states = 0, peakNodeCount = 48034, reached size = 4213, frontier size = 439, elapsed time: 00:00:03.816710
Step 34: reached states = 0, new states = 0, reached thread states = 0, new thread states = 0, peakNodeCount = 48034, reached size = 4533, frontier size = 338, elapsed time: 00:00:04.242640
Step 35: reached states = 0, new states = 0, reached thread states = 0, new thread states = 0, peakNodeCount = 48034, reached size = 4864, frontier size = 350, elapsed time: 00:00:04.678361
Step 36: reached states = 0, new states = 0, reached thread states = 0, new thread states = 0, peakNodeCount = 51100, reached size = 5330, frontier size = 480, elapsed time: 00:00:05.201192
Step 37: reached states = 0, new states = 0, reached thread states = 0, new thread states = 0, peakNodeCount = 51100, reached size = 5710, frontier size = 396, elapsed time: 00:00:05.665718
Step 38: reached states = 0, new states = 0, reached thread states = 0, new thread states = 0, peakNodeCount = 51100, reached size = 5960, frontier size = 280, elapsed time: 00:00:06.124112
Step 39: reached states = 0, new states = 0, reached thread states = 0, new thread states = 0, peakNodeCount = 51100, reached size = 6173, frontier size = 260, elapsed time: 00:00:06.453644
Step 40: reached states = 0, new states = 0, reached thread states = 0, new thread states = 0, peakNodeCount = 51100, reached size = 6361, frontier size = 220, elapsed time: 00:00:06.755478
Step 41: reached states = 0, new states = 0, reached thread states = 0, new thread states = 0, peakNodeCount = 51100, reached size = 6484, frontier size = 155, elapsed time: 00:00:06.934446
Step 42: reached states = 0, new states = 0, reached thread states = 0, new thread states = 0, peakNodeCount = 51100, reached size = 6601, frontier size = 148, elapsed time: 00:00:07.055369
Step 43: reached states = 0, new states = 0, reached thread states = 0, new thread states = 0, peakNodeCount = 51100, reached size = 6601, frontier size = 0, elapsed time: 00:00:07.055670
Elapsed time: 00:00:07.055708
Note: Violation found (in the last reachable state).
.
Verifying trace...
.
Trace feasible.
.
Verifying trace...
..
Trace feasible.
.
Verifying trace...
...
Trace feasible.
.
Verifying trace...
....
Trace feasible.
.
Verifying trace...
.....
Trace feasible.
.
Verifying trace...
......
Trace feasible.
.
Verifying trace...
.......
Trace feasible.
.
Verifying trace...
........
Trace feasible.
.
Verifying trace...
.........
Trace feasible.
.
Verifying trace...
..........
Trace feasible.
.
Verifying trace...
...........
Trace feasible.
.
Verifying trace...
............
Trace feasible.
.
Verifying trace...
.............
Trace feasible.
.
Verifying trace...
..............
Trace feasible.
.
Verifying trace...
...............
Trace feasible.
.
Verifying trace...
................
Trace feasible.
.
Verifying trace...
.................
Trace feasible.
.
Verifying trace...
..................
Trace feasible.
.
Verifying trace...
...................
Trace feasible.
.
Verifying trace...
....................
Trace feasible.
.
Verifying trace...
.....................
Trace feasible.
.
Verifying trace...
......................
Trace feasible.
.
Verifying trace...
.......................
Trace feasible.
.
Verifying trace...
........................
Trace feasible.
.
Verifying trace...
.........................
Trace feasible.
.
Verifying trace...
..........................
Trace feasible.
.
Verifying trace...
...........................
Trace feasible.
.
Verifying trace...
............................
Trace feasible.
.
Verifying trace...
.............................
Trace feasible.
.
Verifying trace...
..............................
Trace feasible.
.
Verifying trace...
...............................
Trace feasible.
.
Verifying trace...
................................
Trace feasible.
.
Verifying trace...
.................................
Trace feasible.
.
Verifying trace...
..................................
Trace feasible.
.
Verifying trace...
...................................
Trace feasible.
.
Verifying trace...
....................................
Trace feasible.
.
Verifying trace...
.....................................
Trace feasible.
.
Verifying trace...
......................................
Trace feasible.
.
Verifying trace...
.......................................
Trace feasible.
.
Verifying trace...
........................................
Trace feasible.
.
Verifying trace...
.........................................
Trace feasible.
.
Verifying trace...
..........................................
Trace feasible.
**********************************************************
Trace
**********************************************************
TRACE t=0 PC1 b0_s_le_2=1 b1=0 b2=0 main::b3_l_eq_s=1 main::b4_0_eq_l=1 main::b5_1_eq_l=0 
TRACE t=0 PC2 b0_s_le_2=1 b1=0 b2=0 main::b3_l_eq_s=1 main::b4_0_eq_l=1 main::b5_1_eq_l=0 
TRACE t=0 l1 PC10 b0_s_le_2=1 b1=0 b2=0 main::b3_l_eq_s=1 main::b4_0_eq_l=1 main::b5_1_eq_l=0 
TRACE t=0 PC11 b0_s_le_2=1 b1=0 b2=0 main::b3_l_eq_s=1 main::b4_0_eq_l=1 main::b5_1_eq_l=0 
TRACE t=0 l5 PC39 b0_s_le_2=1 b1=0 b2=0 main::b3_l_eq_s=1 main::b4_0_eq_l=1 main::b5_1_eq_l=0 main::b3_l_eq_s=1 main::b4_0_eq_l=1 main::b5_1_eq_l=0 TAKEN=1
TRACE t=0 l1 PC10 b0_s_le_2=1 b1=0 b2=0 main::b3_l_eq_s=1 main::b4_0_eq_l=1 main::b5_1_eq_l=0 main::b3_l_eq_s=1 main::b4_0_eq_l=1 main::b5_1_eq_l=0 
TRACE t=0 PC11 b0_s_le_2=1 b1=0 b2=0 main::b3_l_eq_s=1 main::b4_0_eq_l=1 main::b5_1_eq_l=0 main::b3_l_eq_s=1 main::b4_0_eq_l=1 main::b5_1_eq_l=0 
TRACE t=0 l5 PC39 b0_s_le_2=1 b1=0 b2=0 main::b3_l_eq_s=1 main::b4_0_eq_l=1 main::b5_1_eq_l=0 main::b3_l_eq_s=1 main::b4_0_eq_l=1 main::b5_1_eq_l=0 main::b3_l_eq_s=1 main::b4_0_eq_l=1 main::b5_1_eq_l=0 TAKEN=1
TRACE t=0 l1 PC10 b0_s_le_2=1 b1=0 b2=0 main::b3_l_eq_s=1 main::b4_0_eq_l=1 main::b5_1_eq_l=0 main::b3_l_eq_s=1 main::b4_0_eq_l=1 main::b5_1_eq_l=0 main::b3_l_eq_s=1 main::b4_0_eq_l=1 main::b5_1_eq_l=0 
TRACE t=0 PC11 b0_s_le_2=1 b1=0 b2=0 main::b3_l_eq_s=1 main::b4_0_eq_l=1 main::b5_1_eq_l=0 main::b3_l_eq_s=1 main::b4_0_eq_l=1 main::b5_1_eq_l=0 main::b3_l_eq_s=1 main::b4_0_eq_l=1 main::b5_1_eq_l=0 
TRACE t=0 PC13 b0_s_le_2=1 b1=0 b2=0 main::b3_l_eq_s=1 main::b4_0_eq_l=1 main::b5_1_eq_l=0 main::b3_l_eq_s=1 main::b4_0_eq_l=1 main::b5_1_eq_l=0 main::b3_l_eq_s=1 main::b4_0_eq_l=1 main::b5_1_eq_l=0 
TRACE t=1 PC13 b0_s_le_2=1 b1=0 b2=0 main::b3_l_eq_s=0 main::b4_0_eq_l=0 main::b5_1_eq_l=0 main::b3_l_eq_s=1 main::b4_0_eq_l=1 main::b5_1_eq_l=0 main::b3_l_eq_s=1 main::b4_0_eq_l=1 main::b5_1_eq_l=0 
TRACE t=0 PC18 b0_s_le_2=1 b1=0 b2=0 main::b3_l_eq_s=0 main::b4_0_eq_l=0 main::b5_1_eq_l=0 main::b3_l_eq_s=1 main::b4_0_eq_l=0 main::b5_1_eq_l=1 main::b3_l_eq_s=1 main::b4_0_eq_l=1 main::b5_1_eq_l=0 TAKEN=1
TRACE t=0 b0_s_le_2=1 b1=0 b2=0 main::b3_l_eq_s=0 main::b4_0_eq_l=0 main::b5_1_eq_l=0 main::b3_l_eq_s=1 main::b4_0_eq_l=0 main::b5_1_eq_l=1 main::b3_l_eq_s=1 main::b4_0_eq_l=1 main::b5_1_eq_l=0 
TRACE t=0 b0_s_le_2=1 b1=0 b2=0 main::b3_l_eq_s=0 main::b4_0_eq_l=0 main::b5_1_eq_l=0 main::b3_l_eq_s=1 main::b4_0_eq_l=0 main::b5_1_eq_l=1 main::b3_l_eq_s=1 main::b4_0_eq_l=1 main::b5_1_eq_l=0 TAKEN=1
TRACE t=0 l2 PC23 b0_s_le_2=1 b1=0 b2=0 main::b3_l_eq_s=0 main::b4_0_eq_l=0 main::b5_1_eq_l=0 main::b3_l_eq_s=1 main::b4_0_eq_l=0 main::b5_1_eq_l=1 main::b3_l_eq_s=1 main::b4_0_eq_l=1 main::b5_1_eq_l=0 
TRACE t=0 PC29 b0_s_le_2=1 b1=0 b2=0 main::b3_l_eq_s=0 main::b4_0_eq_l=0 main::b5_1_eq_l=0 main::b3_l_eq_s=1 main::b4_0_eq_l=0 main::b5_1_eq_l=1 main::b3_l_eq_s=1 main::b4_0_eq_l=1 main::b5_1_eq_l=0 TAKEN=0
TRACE t=0 b0_s_le_2=1 b1=0 b2=0 main::b3_l_eq_s=0 main::b4_0_eq_l=0 main::b5_1_eq_l=0 main::b3_l_eq_s=1 main::b4_0_eq_l=0 main::b5_1_eq_l=1 main::b3_l_eq_s=1 main::b4_0_eq_l=1 main::b5_1_eq_l=0 
TRACE t=0 b0_s_le_2=1 b1=0 b2=0 main::b3_l_eq_s=0 main::b4_0_eq_l=0 main::b5_1_eq_l=0 main::b3_l_eq_s=1 main::b4_0_eq_l=0 main::b5_1_eq_l=1 main::b3_l_eq_s=1 main::b4_0_eq_l=1 main::b5_1_eq_l=0 
TRACE t=0 l3 PC31 b0_s_le_2=1 b1=0 b2=0 main::b3_l_eq_s=0 main::b4_0_eq_l=0 main::b5_1_eq_l=0 main::b3_l_eq_s=1 main::b4_0_eq_l=0 main::b5_1_eq_l=1 main::b3_l_eq_s=1 main::b4_0_eq_l=1 main::b5_1_eq_l=0 
TRACE t=0 PC36 b0_s_le_2=1 b1=0 b2=0 main::b3_l_eq_s=0 main::b4_0_eq_l=0 main::b5_1_eq_l=0 main::b3_l_eq_s=0 main::b4_0_eq_l=0 main::b5_1_eq_l=1 main::b3_l_eq_s=0 main::b4_0_eq_l=1 main::b5_1_eq_l=0 
TRACE t=0 PC38 b0_s_le_2=1 b1=0 b2=1 main::b3_l_eq_s=0 main::b4_0_eq_l=0 main::b5_1_eq_l=0 main::b3_l_eq_s=0 main::b4_0_eq_l=0 main::b5_1_eq_l=1 main::b3_l_eq_s=0 main::b4_0_eq_l=1 main::b5_1_eq_l=0 
TRACE t=1 PC18 b0_s_le_2=1 b1=0 b2=1 main::b3_l_eq_s=0 main::b4_0_eq_l=0 main::b5_1_eq_l=0 main::b3_l_eq_s=0 main::b4_0_eq_l=0 main::b5_1_eq_l=1 main::b3_l_eq_s=0 main::b4_0_eq_l=1 main::b5_1_eq_l=0 TAKEN=1
TRACE t=1 b0_s_le_2=1 b1=0 b2=1 main::b3_l_eq_s=0 main::b4_0_eq_l=0 main::b5_1_eq_l=0 main::b3_l_eq_s=0 main::b4_0_eq_l=0 main::b5_1_eq_l=1 main::b3_l_eq_s=0 main::b4_0_eq_l=1 main::b5_1_eq_l=0 
TRACE t=1 b0_s_le_2=1 b1=0 b2=1 main::b3_l_eq_s=0 main::b4_0_eq_l=0 main::b5_1_eq_l=0 main::b3_l_eq_s=0 main::b4_0_eq_l=0 main::b5_1_eq_l=1 main::b3_l_eq_s=0 main::b4_0_eq_l=1 main::b5_1_eq_l=0 TAKEN=1
TRACE t=1 l2 PC23 b0_s_le_2=1 b1=0 b2=1 main::b3_l_eq_s=0 main::b4_0_eq_l=0 main::b5_1_eq_l=0 main::b3_l_eq_s=0 main::b4_0_eq_l=0 main::b5_1_eq_l=1 main::b3_l_eq_s=0 main::b4_0_eq_l=1 main::b5_1_eq_l=0 
TRACE t=1 PC29 b0_s_le_2=1 b1=0 b2=1 main::b3_l_eq_s=0 main::b4_0_eq_l=0 main::b5_1_eq_l=0 main::b3_l_eq_s=0 main::b4_0_eq_l=0 main::b5_1_eq_l=1 main::b3_l_eq_s=0 main::b4_0_eq_l=1 main::b5_1_eq_l=0 TAKEN=1
TRACE t=1 b0_s_le_2=1 b1=0 b2=1 main::b3_l_eq_s=0 main::b4_0_eq_l=0 main::b5_1_eq_l=0 main::b3_l_eq_s=0 main::b4_0_eq_l=0 main::b5_1_eq_l=1 main::b3_l_eq_s=0 main::b4_0_eq_l=1 main::b5_1_eq_l=0 
TRACE t=1 b0_s_le_2=1 b1=0 b2=1 main::b3_l_eq_s=0 main::b4_0_eq_l=0 main::b5_1_eq_l=0 main::b3_l_eq_s=0 main::b4_0_eq_l=0 main::b5_1_eq_l=1 main::b3_l_eq_s=0 main::b4_0_eq_l=1 main::b5_1_eq_l=0 TAKEN=1
TRACE t=1 l3 PC31 b0_s_le_2=1 b1=0 b2=1 main::b3_l_eq_s=0 main::b4_0_eq_l=0 main::b5_1_eq_l=0 main::b3_l_eq_s=0 main::b4_0_eq_l=0 main::b5_1_eq_l=1 main::b3_l_eq_s=0 main::b4_0_eq_l=1 main::b5_1_eq_l=0 
TRACE t=1 PC36 b0_s_le_2=1 b1=0 b2=1 main::b3_l_eq_s=0 main::b4_0_eq_l=0 main::b5_1_eq_l=0 main::b3_l_eq_s=1 main::b4_0_eq_l=0 main::b5_1_eq_l=1 main::b3_l_eq_s=0 main::b4_0_eq_l=1 main::b5_1_eq_l=0 
TRACE t=1 PC38 b0_s_le_2=1 b1=1 b2=1 main::b3_l_eq_s=0 main::b4_0_eq_l=0 main::b5_1_eq_l=0 main::b3_l_eq_s=1 main::b4_0_eq_l=0 main::b5_1_eq_l=1 main::b3_l_eq_s=0 main::b4_0_eq_l=1 main::b5_1_eq_l=0 
TRACE t=2 PC13 b0_s_le_2=1 b1=1 b2=1 main::b3_l_eq_s=0 main::b4_0_eq_l=0 main::b5_1_eq_l=0 main::b3_l_eq_s=1 main::b4_0_eq_l=0 main::b5_1_eq_l=1 main::b3_l_eq_s=0 main::b4_0_eq_l=1 main::b5_1_eq_l=0 
TRACE t=2 PC18 b0_s_le_2=1 b1=1 b2=1 main::b3_l_eq_s=0 main::b4_0_eq_l=0 main::b5_1_eq_l=0 main::b3_l_eq_s=1 main::b4_0_eq_l=0 main::b5_1_eq_l=1 main::b3_l_eq_s=1 main::b4_0_eq_l=0 main::b5_1_eq_l=1 TAKEN=0
TRACE t=2 b0_s_le_2=1 b1=1 b2=1 main::b3_l_eq_s=0 main::b4_0_eq_l=0 main::b5_1_eq_l=0 main::b3_l_eq_s=1 main::b4_0_eq_l=0 main::b5_1_eq_l=1 main::b3_l_eq_s=1 main::b4_0_eq_l=0 main::b5_1_eq_l=1 
TRACE t=2 b0_s_le_2=1 b1=1 b2=1 main::b3_l_eq_s=0 main::b4_0_eq_l=0 main::b5_1_eq_l=0 main::b3_l_eq_s=1 main::b4_0_eq_l=0 main::b5_1_eq_l=1 main::b3_l_eq_s=1 main::b4_0_eq_l=0 main::b5_1_eq_l=1 
TRACE t=2 PC19 b0_s_le_2=1 b1=1 b2=1 main::b3_l_eq_s=0 main::b4_0_eq_l=0 main::b5_1_eq_l=0 main::b3_l_eq_s=1 main::b4_0_eq_l=0 main::b5_1_eq_l=1 main::b3_l_eq_s=1 main::b4_0_eq_l=0 main::b5_1_eq_l=1 TAKEN=0
TRACE t=2 b0_s_le_2=1 b1=1 b2=1 main::b3_l_eq_s=0 main::b4_0_eq_l=0 main::b5_1_eq_l=0 main::b3_l_eq_s=1 main::b4_0_eq_l=0 main::b5_1_eq_l=1 main::b3_l_eq_s=1 main::b4_0_eq_l=0 main::b5_1_eq_l=1 
TRACE t=2 b0_s_le_2=1 b1=1 b2=1 main::b3_l_eq_s=0 main::b4_0_eq_l=0 main::b5_1_eq_l=0 main::b3_l_eq_s=1 main::b4_0_eq_l=0 main::b5_1_eq_l=1 main::b3_l_eq_s=1 main::b4_0_eq_l=0 main::b5_1_eq_l=1 
TRACE t=2 PC21 b0_s_le_2=1 b1=1 b2=1 main::b3_l_eq_s=0 main::b4_0_eq_l=0 main::b5_1_eq_l=0 main::b3_l_eq_s=1 main::b4_0_eq_l=0 main::b5_1_eq_l=1 main::b3_l_eq_s=1 main::b4_0_eq_l=0 main::b5_1_eq_l=1 TAKEN=0
TRACE t=2 b0_s_le_2=1 b1=1 b2=1 main::b3_l_eq_s=0 main::b4_0_eq_l=0 main::b5_1_eq_l=0 main::b3_l_eq_s=1 main::b4_0_eq_l=0 main::b5_1_eq_l=1 main::b3_l_eq_s=1 main::b4_0_eq_l=0 main::b5_1_eq_l=1 
TRACE t=2 b0_s_le_2=1 b1=1 b2=1 main::b3_l_eq_s=0 main::b4_0_eq_l=0 main::b5_1_eq_l=0 main::b3_l_eq_s=1 main::b4_0_eq_l=0 main::b5_1_eq_l=1 main::b3_l_eq_s=1 main::b4_0_eq_l=0 main::b5_1_eq_l=1 
TRACE t=2 PC22 b0_s_le_2=1 b1=1 b2=1 main::b3_l_eq_s=0 main::b4_0_eq_l=0 main::b5_1_eq_l=0 main::b3_l_eq_s=1 main::b4_0_eq_l=0 main::b5_1_eq_l=1 main::b3_l_eq_s=1 main::b4_0_eq_l=0 main::b5_1_eq_l=1 

Verifying trace...
..........................................
Trace feasible.
Elapsed time: 00:00:08.529077

VERIFICATION FAILED
