Parsing </Users/geri/Documents/bp-reduce/2014-03-26-23-49-04/reduced.229.bp> done.
Semantic check...  ok.
Note: Merging disabled (trace requested).
Transforming program for model-checker... done.
Configuration:
Eliminate dead variables: no (will be computed anyway)
Note: Automatic algorithm selection chose splitglobalscmc.
Renumbering statements...
Local types of: main
Strong locals: b5_1_eq_l
Weak locals: b3_l_eq_s, b4_0_eq_l
Life variable analysis...
Phase 1... done.
Phase 2... done.
Computing mod-ref-sets... done.
Computing read-write-sets... done.
Building BDD-program...
FIXME: in order to allow transformation into state-object we allocate more BDD variables...
Ordering BDD variables for concatenated layout...
Creating hybrid transition relations...Note: end_thread is treated as goto end
 done.
Starting counter abstraction symbolic simulation using BDDs...
(Abstract transitions are constructed on-the-fly).
Using static thread creation with 1 threads.
Variable Configuration:
Globals:
b0_s_le_2
11----------------------------------------  1
b1
----------------------------------11------  1
b2
--------------------------------11--------  1
11------------------------------1111------  1
Thread 0
Locals:
b3_l_eq_s$
--------------------11--------------------  1
b3_l_eq_s
--------------11--------------------------  1
b4_0_eq_l$
--------------------------11--------------  1
b4_0_eq_l
--11--------------------------------------  1
b5_1_eq_l$
------------------------------------11----  1
b5_1_eq_l
--------11--------------------------------  1
--11----11----11----11----11--------11----  1
Thread 1
Locals:
b3_l_eq_s$
----------------------11------------------  1
b3_l_eq_s
----------------11------------------------  1
b4_0_eq_l$
----------------------------11------------  1
b4_0_eq_l
----11------------------------------------  1
b5_1_eq_l$
--------------------------------------11--  1
b5_1_eq_l
----------11------------------------------  1
----11----11----11----11----11--------11--  1
Thread 2
Locals:
b3_l_eq_s$
------------------------11----------------  1
b3_l_eq_s
------------------11----------------------  1
b4_0_eq_l$
------------------------------11----------  1
b4_0_eq_l
------11----------------------------------  1
b5_1_eq_l$
----------------------------------------11  1
b5_1_eq_l
------------11----------------------------  1
------11----11----11----11----11--------11  1
Step 0: reached states = 0, new states = 0, reached thread states = 0, new thread states = 0, peakNodeCount = 2044, reached size = 1, frontier size = 1, elapsed time: 00:00:00.001460
Step 1: reached states = 0, new states = 0, reached thread states = 0, new thread states = 0, peakNodeCount = 2044, reached size = 4, frontier size = 3, elapsed time: 00:00:00.002882
Step 2: reached states = 0, new states = 0, reached thread states = 0, new thread states = 0, peakNodeCount = 2044, reached size = 7, frontier size = 3, elapsed time: 00:00:00.003976
Step 3: reached states = 0, new states = 0, reached thread states = 0, new thread states = 0, peakNodeCount = 2044, reached size = 10, frontier size = 3, elapsed time: 00:00:00.004885
Step 4: reached states = 0, new states = 0, reached thread states = 0, new thread states = 0, peakNodeCount = 2044, reached size = 13, frontier size = 3, elapsed time: 00:00:00.005802
Step 5: reached states = 0, new states = 0, reached thread states = 0, new thread states = 0, peakNodeCount = 2044, reached size = 16, frontier size = 3, elapsed time: 00:00:00.006771
Step 6: reached states = 0, new states = 0, reached thread states = 0, new thread states = 0, peakNodeCount = 2044, reached size = 19, frontier size = 3, elapsed time: 00:00:00.007654
Step 7: reached states = 0, new states = 0, reached thread states = 0, new thread states = 0, peakNodeCount = 2044, reached size = 22, frontier size = 3, elapsed time: 00:00:00.008611
Step 8: reached states = 0, new states = 0, reached thread states = 0, new thread states = 0, peakNodeCount = 2044, reached size = 25, frontier size = 3, elapsed time: 00:00:00.009600
Step 9: reached states = 0, new states = 0, reached thread states = 0, new thread states = 0, peakNodeCount = 2044, reached size = 28, frontier size = 3, elapsed time: 00:00:00.010650
Note: Dynamic thread creation ignored due to static threads limit (ignored from now on)
Step 10: reached states = 0, new states = 0, reached thread states = 0, new thread states = 0, peakNodeCount = 2044, reached size = 31, frontier size = 3, elapsed time: 00:00:00.011677
Step 11: reached states = 0, new states = 0, reached thread states = 0, new thread states = 0, peakNodeCount = 2044, reached size = 40, frontier size = 9, elapsed time: 00:00:00.014735
Step 12: reached states = 0, new states = 0, reached thread states = 0, new thread states = 0, peakNodeCount = 2044, reached size = 49, frontier size = 9, elapsed time: 00:00:00.018143
Step 13: reached states = 0, new states = 0, reached thread states = 0, new thread states = 0, peakNodeCount = 2044, reached size = 58, frontier size = 9, elapsed time: 00:00:00.021168
Step 14: reached states = 0, new states = 0, reached thread states = 0, new thread states = 0, peakNodeCount = 2044, reached size = 67, frontier size = 9, elapsed time: 00:00:00.023892
Step 15: reached states = 0, new states = 0, reached thread states = 0, new thread states = 0, peakNodeCount = 2044, reached size = 88, frontier size = 21, elapsed time: 00:00:00.032734
Step 16: reached states = 0, new states = 0, reached thread states = 0, new thread states = 0, peakNodeCount = 2044, reached size = 109, frontier size = 21, elapsed time: 00:00:00.040657
Step 17: reached states = 0, new states = 0, reached thread states = 0, new thread states = 0, peakNodeCount = 2044, reached size = 130, frontier size = 21, elapsed time: 00:00:00.049123
Step 18: reached states = 0, new states = 0, reached thread states = 0, new thread states = 0, peakNodeCount = 2044, reached size = 151, frontier size = 21, elapsed time: 00:00:00.055443
Step 19: reached states = 0, new states = 0, reached thread states = 0, new thread states = 0, peakNodeCount = 2044, reached size = 197, frontier size = 46, elapsed time: 00:00:00.074163
Step 20: reached states = 0, new states = 0, reached thread states = 0, new thread states = 0, peakNodeCount = 2044, reached size = 243, frontier size = 46, elapsed time: 00:00:00.089905
Step 21: reached states = 0, new states = 0, reached thread states = 0, new thread states = 0, peakNodeCount = 2044, reached size = 289, frontier size = 46, elapsed time: 00:00:00.107376
Step 22: reached states = 0, new states = 0, reached thread states = 0, new thread states = 0, peakNodeCount = 4088, reached size = 333, frontier size = 44, elapsed time: 00:00:00.134820
Step 23: reached states = 0, new states = 0, reached thread states = 0, new thread states = 0, peakNodeCount = 4088, reached size = 402, frontier size = 69, elapsed time: 00:00:00.166343
Step 24: reached states = 0, new states = 0, reached thread states = 0, new thread states = 0, peakNodeCount = 4088, reached size = 471, frontier size = 69, elapsed time: 00:00:00.193957
Step 25: reached states = 0, new states = 0, reached thread states = 0, new thread states = 0, peakNodeCount = 4088, reached size = 522, frontier size = 51, elapsed time: 00:00:00.219525
Step 26: reached states = 0, new states = 0, reached thread states = 0, new thread states = 0, peakNodeCount = 6132, reached size = 578, frontier size = 56, elapsed time: 00:00:00.255675
Step 27: reached states = 0, new states = 0, reached thread states = 0, new thread states = 0, peakNodeCount = 7154, reached size = 663, frontier size = 85, elapsed time: 00:00:00.293740
Step 28: reached states = 0, new states = 0, reached thread states = 0, new thread states = 0, peakNodeCount = 7154, reached size = 748, frontier size = 85, elapsed time: 00:00:00.326007
Step 29: reached states = 0, new states = 0, reached thread states = 0, new thread states = 0, peakNodeCount = 7154, reached size = 805, frontier size = 57, elapsed time: 00:00:00.355800
Step 30: reached states = 0, new states = 0, reached thread states = 0, new thread states = 0, peakNodeCount = 8176, reached size = 880, frontier size = 75, elapsed time: 00:00:00.404190
Step 31: reached states = 0, new states = 0, reached thread states = 0, new thread states = 0, peakNodeCount = 8176, reached size = 976, frontier size = 96, elapsed time: 00:00:00.452240
Step 32: reached states = 0, new states = 0, reached thread states = 0, new thread states = 0, peakNodeCount = 8176, reached size = 1066, frontier size = 90, elapsed time: 00:00:00.490883
Step 33: reached states = 0, new states = 0, reached thread states = 0, new thread states = 0, peakNodeCount = 12264, reached size = 1125, frontier size = 59, elapsed time: 00:00:00.564094
Step 34: reached states = 0, new states = 0, reached thread states = 0, new thread states = 0, peakNodeCount = 14308, reached size = 1195, frontier size = 70, elapsed time: 00:00:00.612120
Step 35: reached states = 0, new states = 0, reached thread states = 0, new thread states = 0, peakNodeCount = 15330, reached size = 1278, frontier size = 83, elapsed time: 00:00:00.651220
Step 36: reached states = 0, new states = 0, reached thread states = 0, new thread states = 0, peakNodeCount = 15330, reached size = 1349, frontier size = 71, elapsed time: 00:00:00.682124
Step 37: reached states = 0, new states = 0, reached thread states = 0, new thread states = 0, peakNodeCount = 16352, reached size = 1404, frontier size = 55, elapsed time: 00:00:00.730586
Step 38: reached states = 0, new states = 0, reached thread states = 0, new thread states = 0, peakNodeCount = 17374, reached size = 1463, frontier size = 59, elapsed time: 00:00:00.768404
Step 39: reached states = 0, new states = 0, reached thread states = 0, new thread states = 0, peakNodeCount = 18396, reached size = 1528, frontier size = 65, elapsed time: 00:00:00.798966
Step 40: reached states = 0, new states = 0, reached thread states = 0, new thread states = 0, peakNodeCount = 18396, reached size = 1579, frontier size = 51, elapsed time: 00:00:00.823388
Step 41: reached states = 0, new states = 0, reached thread states = 0, new thread states = 0, peakNodeCount = 18396, reached size = 1624, frontier size = 45, elapsed time: 00:00:00.854780
Step 42: reached states = 0, new states = 0, reached thread states = 0, new thread states = 0, peakNodeCount = 18396, reached size = 1678, frontier size = 54, elapsed time: 00:00:00.882617
Step 43: reached states = 0, new states = 0, reached thread states = 0, new thread states = 0, peakNodeCount = 18396, reached size = 1732, frontier size = 54, elapsed time: 00:00:00.909324
Step 44: reached states = 0, new states = 0, reached thread states = 0, new thread states = 0, peakNodeCount = 19418, reached size = 1769, frontier size = 37, elapsed time: 00:00:00.936593
Step 45: reached states = 0, new states = 0, reached thread states = 0, new thread states = 0, peakNodeCount = 21462, reached size = 1787, frontier size = 18, elapsed time: 00:00:00.967226
Step 46: reached states = 0, new states = 0, reached thread states = 0, new thread states = 0, peakNodeCount = 22484, reached size = 1801, frontier size = 14, elapsed time: 00:00:00.982015
Step 47: reached states = 0, new states = 0, reached thread states = 0, new thread states = 0, peakNodeCount = 22484, reached size = 1801, frontier size = 0, elapsed time: 00:00:00.987077
Elapsed time: 00:00:00.987116
Elapsed time: 00:00:00.987157

VERIFICATION SUCCESSFUL
