Parsing </Users/geri/Documents/bp-reduce/2014-03-26-23-49-04/reduced.240.bp> done.
Semantic check...  ok.
Note: Merging disabled (trace requested).
Transforming program for model-checker... done.
Configuration:
Eliminate dead variables: no (will be computed anyway)
Note: Automatic algorithm selection chose splitglobalscmc.
Renumbering statements...
Local types of: main
Strong locals: b4_0_eq_l, b5_1_eq_l
Weak locals: b3_l_eq_s
Life variable analysis...
Phase 1... done.
Phase 2... done.
Computing mod-ref-sets... done.
Computing read-write-sets... done.
Building BDD-program...
FIXME: in order to allow transformation into state-object we allocate more BDD variables...
Ordering BDD variables for concatenated layout...
Creating hybrid transition relations...Note: end_thread is treated as goto end
 done.
Starting counter abstraction symbolic simulation using BDDs...
(Abstract transitions are constructed on-the-fly).
Using static thread creation with 1 threads.
Variable Configuration:
Globals:
b0_s_le_2
------------------------11----------------  1
b1
--------------------------11--------------  1
b2
----------------------------11------------  1
------------------------111111------------  1
Thread 0
Locals:
b3_l_eq_s$
------------------11----------------------  1
b3_l_eq_s
------------11----------------------------  1
b4_0_eq_l$
------------------------------11----------  1
b4_0_eq_l
11----------------------------------------  1
b5_1_eq_l$
------------------------------------11----  1
b5_1_eq_l
------11----------------------------------  1
11----11----11----11----------11----11----  1
Thread 1
Locals:
b3_l_eq_s$
--------------------11--------------------  1
b3_l_eq_s
--------------11--------------------------  1
b4_0_eq_l$
--------------------------------11--------  1
b4_0_eq_l
--11--------------------------------------  1
b5_1_eq_l$
--------------------------------------11--  1
b5_1_eq_l
--------11--------------------------------  1
--11----11----11----11----------11----11--  1
Thread 2
Locals:
b3_l_eq_s$
----------------------11------------------  1
b3_l_eq_s
----------------11------------------------  1
b4_0_eq_l$
----------------------------------11------  1
b4_0_eq_l
----11------------------------------------  1
b5_1_eq_l$
----------------------------------------11  1
b5_1_eq_l
----------11------------------------------  1
----11----11----11----11----------11----11  1
Step 0: reached states = 0, new states = 0, reached thread states = 0, new thread states = 0, peakNodeCount = 1022, reached size = 1, frontier size = 1, elapsed time: 00:00:00.000844
Step 1: reached states = 0, new states = 0, reached thread states = 0, new thread states = 0, peakNodeCount = 2044, reached size = 4, frontier size = 3, elapsed time: 00:00:00.001694
Step 2: reached states = 0, new states = 0, reached thread states = 0, new thread states = 0, peakNodeCount = 2044, reached size = 7, frontier size = 3, elapsed time: 00:00:00.002369
Step 3: reached states = 0, new states = 0, reached thread states = 0, new thread states = 0, peakNodeCount = 2044, reached size = 10, frontier size = 3, elapsed time: 00:00:00.002987
Step 4: reached states = 0, new states = 0, reached thread states = 0, new thread states = 0, peakNodeCount = 2044, reached size = 13, frontier size = 3, elapsed time: 00:00:00.003679
Step 5: reached states = 0, new states = 0, reached thread states = 0, new thread states = 0, peakNodeCount = 2044, reached size = 19, frontier size = 6, elapsed time: 00:00:00.006084
Step 6: reached states = 0, new states = 0, reached thread states = 0, new thread states = 0, peakNodeCount = 2044, reached size = 28, frontier size = 9, elapsed time: 00:00:00.009864
Step 7: reached states = 0, new states = 0, reached thread states = 0, new thread states = 0, peakNodeCount = 2044, reached size = 40, frontier size = 12, elapsed time: 00:00:00.013327
Step 8: reached states = 0, new states = 0, reached thread states = 0, new thread states = 0, peakNodeCount = 2044, reached size = 52, frontier size = 12, elapsed time: 00:00:00.017280
Step 9: reached states = 0, new states = 0, reached thread states = 0, new thread states = 0, peakNodeCount = 2044, reached size = 67, frontier size = 15, elapsed time: 00:00:00.022149
Note: Dynamic thread creation ignored due to static threads limit (ignored from now on)
Step 10: reached states = 0, new states = 0, reached thread states = 0, new thread states = 0, peakNodeCount = 2044, reached size = 85, frontier size = 18, elapsed time: 00:00:00.028722
Step 11: reached states = 0, new states = 0, reached thread states = 0, new thread states = 0, peakNodeCount = 2044, reached size = 106, frontier size = 21, elapsed time: 00:00:00.036900
Step 12: reached states = 0, new states = 0, reached thread states = 0, new thread states = 0, peakNodeCount = 2044, reached size = 127, frontier size = 21, elapsed time: 00:00:00.045958
Step 13: reached states = 0, new states = 0, reached thread states = 0, new thread states = 0, peakNodeCount = 2044, reached size = 148, frontier size = 21, elapsed time: 00:00:00.054455
Step 14: reached states = 0, new states = 0, reached thread states = 0, new thread states = 0, peakNodeCount = 2044, reached size = 163, frontier size = 15, elapsed time: 00:00:00.061074
Step 15: reached states = 0, new states = 0, reached thread states = 0, new thread states = 0, peakNodeCount = 2044, reached size = 175, frontier size = 12, elapsed time: 00:00:00.066061
Step 16: reached states = 0, new states = 0, reached thread states = 0, new thread states = 0, peakNodeCount = 2044, reached size = 184, frontier size = 9, elapsed time: 00:00:00.069485
Step 17: reached states = 0, new states = 0, reached thread states = 0, new thread states = 0, peakNodeCount = 2044, reached size = 190, frontier size = 6, elapsed time: 00:00:00.071734
Step 18: reached states = 0, new states = 0, reached thread states = 0, new thread states = 0, peakNodeCount = 2044, reached size = 193, frontier size = 3, elapsed time: 00:00:00.072895
Step 19: reached states = 0, new states = 0, reached thread states = 0, new thread states = 0, peakNodeCount = 2044, reached size = 196, frontier size = 3, elapsed time: 00:00:00.073566
Step 20: reached states = 0, new states = 0, reached thread states = 0, new thread states = 0, peakNodeCount = 2044, reached size = 199, frontier size = 3, elapsed time: 00:00:00.074294
Step 21: reached states = 0, new states = 0, reached thread states = 0, new thread states = 0, peakNodeCount = 2044, reached size = 202, frontier size = 3, elapsed time: 00:00:00.075011
Step 22: reached states = 0, new states = 0, reached thread states = 0, new thread states = 0, peakNodeCount = 2044, reached size = 205, frontier size = 3, elapsed time: 00:00:00.075768
Step 23: reached states = 0, new states = 0, reached thread states = 0, new thread states = 0, peakNodeCount = 2044, reached size = 208, frontier size = 3, elapsed time: 00:00:00.076514
Step 24: reached states = 0, new states = 0, reached thread states = 0, new thread states = 0, peakNodeCount = 2044, reached size = 211, frontier size = 3, elapsed time: 00:00:00.077142
Step 25: reached states = 0, new states = 0, reached thread states = 0, new thread states = 0, peakNodeCount = 2044, reached size = 214, frontier size = 3, elapsed time: 00:00:00.077722
Step 26: reached states = 0, new states = 0, reached thread states = 0, new thread states = 0, peakNodeCount = 2044, reached size = 217, frontier size = 3, elapsed time: 00:00:00.078476
Step 27: reached states = 0, new states = 0, reached thread states = 0, new thread states = 0, peakNodeCount = 3066, reached size = 223, frontier size = 6, elapsed time: 00:00:00.080923
Step 28: reached states = 0, new states = 0, reached thread states = 0, new thread states = 0, peakNodeCount = 3066, reached size = 232, frontier size = 9, elapsed time: 00:00:00.083303
Step 29: reached states = 0, new states = 0, reached thread states = 0, new thread states = 0, peakNodeCount = 3066, reached size = 241, frontier size = 9, elapsed time: 00:00:00.085533
Step 30: reached states = 0, new states = 0, reached thread states = 0, new thread states = 0, peakNodeCount = 3066, reached size = 250, frontier size = 9, elapsed time: 00:00:00.087885
Step 31: reached states = 0, new states = 0, reached thread states = 0, new thread states = 0, peakNodeCount = 3066, reached size = 259, frontier size = 9, elapsed time: 00:00:00.090057
Step 32: reached states = 0, new states = 0, reached thread states = 0, new thread states = 0, peakNodeCount = 3066, reached size = 268, frontier size = 9, elapsed time: 00:00:00.092058
Step 33: reached states = 0, new states = 0, reached thread states = 0, new thread states = 0, peakNodeCount = 3066, reached size = 277, frontier size = 9, elapsed time: 00:00:00.094192
Step 34: reached states = 0, new states = 0, reached thread states = 0, new thread states = 0, peakNodeCount = 3066, reached size = 286, frontier size = 9, elapsed time: 00:00:00.097525
Step 35: reached states = 0, new states = 0, reached thread states = 0, new thread states = 0, peakNodeCount = 4088, reached size = 301, frontier size = 15, elapsed time: 00:00:00.101940
Step 36: reached states = 0, new states = 0, reached thread states = 0, new thread states = 0, peakNodeCount = 4088, reached size = 301, frontier size = 0, elapsed time: 00:00:00.102129
Elapsed time: 00:00:00.102167
Note: Violation found (in the last reachable state).
.
Verifying trace...
.
Trace feasible.
.
Verifying trace...
..
Trace feasible.
.
Verifying trace...
...
Trace feasible.
.
Verifying trace...
....
Trace feasible.
.
Verifying trace...
.....
Trace feasible.
.
Verifying trace...
......
Trace feasible.
.
Verifying trace...
.......
Trace feasible.
.
Verifying trace...
........
Trace feasible.
.
Verifying trace...
.........
Trace feasible.
.
Verifying trace...
..........
Trace feasible.
.
Verifying trace...
...........
Trace feasible.
.
Verifying trace...
............
Trace feasible.
.
Verifying trace...
.............
Trace feasible.
.
Verifying trace...
..............
Trace feasible.
.
Verifying trace...
...............
Trace feasible.
.
Verifying trace...
................
Trace feasible.
.
Verifying trace...
.................
Trace feasible.
.
Verifying trace...
..................
Trace feasible.
.
Verifying trace...
...................
Trace feasible.
.
Verifying trace...
....................
Trace feasible.
.
Verifying trace...
.....................
Trace feasible.
.
Verifying trace...
......................
Trace feasible.
.
Verifying trace...
.......................
Trace feasible.
.
Verifying trace...
........................
Trace feasible.
.
Verifying trace...
.........................
Trace feasible.
.
Verifying trace...
..........................
Trace feasible.
.
Verifying trace...
...........................
Trace feasible.
.
Verifying trace...
............................
Trace feasible.
.
Verifying trace...
.............................
Trace feasible.
.
Verifying trace...
..............................
Trace feasible.
.
Verifying trace...
...............................
Trace feasible.
.
Verifying trace...
................................
Trace feasible.
.
Verifying trace...
.................................
Trace feasible.
.
Verifying trace...
..................................
Trace feasible.
.
Verifying trace...
...................................
Trace feasible.
**********************************************************
Trace
**********************************************************
TRACE t=0 PC1 b0_s_le_2=0 b1=1 b2=0 main::b3_l_eq_s=1 main::b4_0_eq_l=0 main::b5_1_eq_l=1 
TRACE t=0 PC2 b0_s_le_2=0 b1=1 b2=0 main::b3_l_eq_s=0 main::b4_0_eq_l=0 main::b5_1_eq_l=1 
TRACE t=0 l1 PC10 b0_s_le_2=0 b1=0 b2=0 main::b3_l_eq_s=0 main::b4_0_eq_l=0 main::b5_1_eq_l=1 
TRACE t=0 PC11 b0_s_le_2=0 b1=0 b2=0 main::b3_l_eq_s=0 main::b4_0_eq_l=0 main::b5_1_eq_l=1 
TRACE t=0 l5 PC39 b0_s_le_2=0 b1=0 b2=0 main::b3_l_eq_s=0 main::b4_0_eq_l=0 main::b5_1_eq_l=1 main::b3_l_eq_s=0 main::b4_0_eq_l=0 main::b5_1_eq_l=1 TAKEN=1
TRACE t=0 l1 PC10 b0_s_le_2=0 b1=0 b2=0 main::b3_l_eq_s=0 main::b4_0_eq_l=0 main::b5_1_eq_l=1 main::b3_l_eq_s=0 main::b4_0_eq_l=0 main::b5_1_eq_l=1 
TRACE t=0 PC11 b0_s_le_2=0 b1=0 b2=0 main::b3_l_eq_s=0 main::b4_0_eq_l=0 main::b5_1_eq_l=1 main::b3_l_eq_s=0 main::b4_0_eq_l=0 main::b5_1_eq_l=1 
TRACE t=0 l5 PC39 b0_s_le_2=0 b1=0 b2=0 main::b3_l_eq_s=0 main::b4_0_eq_l=0 main::b5_1_eq_l=1 main::b3_l_eq_s=0 main::b4_0_eq_l=0 main::b5_1_eq_l=1 main::b3_l_eq_s=0 main::b4_0_eq_l=0 main::b5_1_eq_l=1 TAKEN=1
TRACE t=1 PC18 b0_s_le_2=0 b1=0 b2=0 main::b3_l_eq_s=0 main::b4_0_eq_l=0 main::b5_1_eq_l=1 main::b3_l_eq_s=0 main::b4_0_eq_l=0 main::b5_1_eq_l=1 main::b3_l_eq_s=0 main::b4_0_eq_l=0 main::b5_1_eq_l=1 TAKEN=0
TRACE t=1 b0_s_le_2=0 b1=0 b2=0 main::b3_l_eq_s=0 main::b4_0_eq_l=0 main::b5_1_eq_l=1 main::b3_l_eq_s=0 main::b4_0_eq_l=0 main::b5_1_eq_l=1 main::b3_l_eq_s=0 main::b4_0_eq_l=0 main::b5_1_eq_l=1 
TRACE t=1 b0_s_le_2=0 b1=0 b2=0 main::b3_l_eq_s=0 main::b4_0_eq_l=0 main::b5_1_eq_l=1 main::b3_l_eq_s=0 main::b4_0_eq_l=0 main::b5_1_eq_l=1 main::b3_l_eq_s=0 main::b4_0_eq_l=0 main::b5_1_eq_l=1 
TRACE t=2 PC18 b0_s_le_2=0 b1=0 b2=0 main::b3_l_eq_s=0 main::b4_0_eq_l=0 main::b5_1_eq_l=1 main::b3_l_eq_s=0 main::b4_0_eq_l=0 main::b5_1_eq_l=1 main::b3_l_eq_s=0 main::b4_0_eq_l=0 main::b5_1_eq_l=1 TAKEN=0
TRACE t=2 b0_s_le_2=0 b1=0 b2=0 main::b3_l_eq_s=0 main::b4_0_eq_l=0 main::b5_1_eq_l=1 main::b3_l_eq_s=0 main::b4_0_eq_l=0 main::b5_1_eq_l=1 main::b3_l_eq_s=0 main::b4_0_eq_l=0 main::b5_1_eq_l=1 
TRACE t=2 b0_s_le_2=0 b1=0 b2=0 main::b3_l_eq_s=0 main::b4_0_eq_l=0 main::b5_1_eq_l=1 main::b3_l_eq_s=0 main::b4_0_eq_l=0 main::b5_1_eq_l=1 main::b3_l_eq_s=0 main::b4_0_eq_l=0 main::b5_1_eq_l=1 
TRACE t=0 l1 PC10 b0_s_le_2=0 b1=0 b2=0 main::b3_l_eq_s=0 main::b4_0_eq_l=0 main::b5_1_eq_l=1 main::b3_l_eq_s=0 main::b4_0_eq_l=0 main::b5_1_eq_l=1 main::b3_l_eq_s=0 main::b4_0_eq_l=0 main::b5_1_eq_l=1 
TRACE t=0 PC11 b0_s_le_2=0 b1=0 b2=0 main::b3_l_eq_s=0 main::b4_0_eq_l=0 main::b5_1_eq_l=1 main::b3_l_eq_s=0 main::b4_0_eq_l=0 main::b5_1_eq_l=1 main::b3_l_eq_s=0 main::b4_0_eq_l=0 main::b5_1_eq_l=1 
TRACE t=0 PC18 b0_s_le_2=0 b1=0 b2=0 main::b3_l_eq_s=0 main::b4_0_eq_l=0 main::b5_1_eq_l=1 main::b3_l_eq_s=0 main::b4_0_eq_l=0 main::b5_1_eq_l=1 main::b3_l_eq_s=0 main::b4_0_eq_l=0 main::b5_1_eq_l=1 TAKEN=0
TRACE t=0 b0_s_le_2=0 b1=0 b2=0 main::b3_l_eq_s=0 main::b4_0_eq_l=0 main::b5_1_eq_l=1 main::b3_l_eq_s=0 main::b4_0_eq_l=0 main::b5_1_eq_l=1 main::b3_l_eq_s=0 main::b4_0_eq_l=0 main::b5_1_eq_l=1 
TRACE t=0 b0_s_le_2=0 b1=0 b2=0 main::b3_l_eq_s=0 main::b4_0_eq_l=0 main::b5_1_eq_l=1 main::b3_l_eq_s=0 main::b4_0_eq_l=0 main::b5_1_eq_l=1 main::b3_l_eq_s=0 main::b4_0_eq_l=0 main::b5_1_eq_l=1 
TRACE t=0 PC19 b0_s_le_2=0 b1=0 b2=0 main::b3_l_eq_s=0 main::b4_0_eq_l=0 main::b5_1_eq_l=1 main::b3_l_eq_s=0 main::b4_0_eq_l=0 main::b5_1_eq_l=1 main::b3_l_eq_s=0 main::b4_0_eq_l=0 main::b5_1_eq_l=1 TAKEN=1
TRACE t=0 b0_s_le_2=0 b1=0 b2=0 main::b3_l_eq_s=0 main::b4_0_eq_l=0 main::b5_1_eq_l=1 main::b3_l_eq_s=0 main::b4_0_eq_l=0 main::b5_1_eq_l=1 main::b3_l_eq_s=0 main::b4_0_eq_l=0 main::b5_1_eq_l=1 
TRACE t=0 b0_s_le_2=0 b1=0 b2=0 main::b3_l_eq_s=0 main::b4_0_eq_l=0 main::b5_1_eq_l=1 main::b3_l_eq_s=0 main::b4_0_eq_l=0 main::b5_1_eq_l=1 main::b3_l_eq_s=0 main::b4_0_eq_l=0 main::b5_1_eq_l=1 TAKEN=1
TRACE t=0 l2 PC23 b0_s_le_2=0 b1=0 b2=0 main::b3_l_eq_s=0 main::b4_0_eq_l=0 main::b5_1_eq_l=1 main::b3_l_eq_s=0 main::b4_0_eq_l=0 main::b5_1_eq_l=1 main::b3_l_eq_s=0 main::b4_0_eq_l=0 main::b5_1_eq_l=1 
TRACE t=0 PC29 b0_s_le_2=0 b1=0 b2=0 main::b3_l_eq_s=0 main::b4_0_eq_l=0 main::b5_1_eq_l=1 main::b3_l_eq_s=0 main::b4_0_eq_l=0 main::b5_1_eq_l=1 main::b3_l_eq_s=0 main::b4_0_eq_l=0 main::b5_1_eq_l=1 TAKEN=1
TRACE t=0 b0_s_le_2=0 b1=0 b2=0 main::b3_l_eq_s=0 main::b4_0_eq_l=0 main::b5_1_eq_l=1 main::b3_l_eq_s=0 main::b4_0_eq_l=0 main::b5_1_eq_l=1 main::b3_l_eq_s=0 main::b4_0_eq_l=0 main::b5_1_eq_l=1 
TRACE t=0 b0_s_le_2=0 b1=0 b2=0 main::b3_l_eq_s=0 main::b4_0_eq_l=0 main::b5_1_eq_l=1 main::b3_l_eq_s=0 main::b4_0_eq_l=0 main::b5_1_eq_l=1 main::b3_l_eq_s=0 main::b4_0_eq_l=0 main::b5_1_eq_l=1 TAKEN=1
TRACE t=0 l3 PC31 b0_s_le_2=0 b1=0 b2=0 main::b3_l_eq_s=0 main::b4_0_eq_l=0 main::b5_1_eq_l=1 main::b3_l_eq_s=0 main::b4_0_eq_l=0 main::b5_1_eq_l=1 main::b3_l_eq_s=0 main::b4_0_eq_l=0 main::b5_1_eq_l=1 
TRACE t=0 PC36 b0_s_le_2=1 b1=0 b2=0 main::b3_l_eq_s=0 main::b4_0_eq_l=0 main::b5_1_eq_l=1 main::b3_l_eq_s=0 main::b4_0_eq_l=0 main::b5_1_eq_l=1 main::b3_l_eq_s=0 main::b4_0_eq_l=0 main::b5_1_eq_l=1 
TRACE t=0 PC38 b0_s_le_2=1 b1=1 b2=1 main::b3_l_eq_s=0 main::b4_0_eq_l=0 main::b5_1_eq_l=1 main::b3_l_eq_s=0 main::b4_0_eq_l=0 main::b5_1_eq_l=1 main::b3_l_eq_s=0 main::b4_0_eq_l=0 main::b5_1_eq_l=1 
TRACE t=1 PC19 b0_s_le_2=1 b1=1 b2=1 main::b3_l_eq_s=0 main::b4_0_eq_l=0 main::b5_1_eq_l=1 main::b3_l_eq_s=0 main::b4_0_eq_l=0 main::b5_1_eq_l=1 main::b3_l_eq_s=0 main::b4_0_eq_l=0 main::b5_1_eq_l=1 TAKEN=0
TRACE t=1 b0_s_le_2=1 b1=1 b2=1 main::b3_l_eq_s=0 main::b4_0_eq_l=0 main::b5_1_eq_l=1 main::b3_l_eq_s=0 main::b4_0_eq_l=0 main::b5_1_eq_l=1 main::b3_l_eq_s=0 main::b4_0_eq_l=0 main::b5_1_eq_l=1 
TRACE t=1 b0_s_le_2=1 b1=1 b2=1 main::b3_l_eq_s=0 main::b4_0_eq_l=0 main::b5_1_eq_l=1 main::b3_l_eq_s=0 main::b4_0_eq_l=0 main::b5_1_eq_l=1 main::b3_l_eq_s=0 main::b4_0_eq_l=0 main::b5_1_eq_l=1 
TRACE t=1 PC21 b0_s_le_2=1 b1=1 b2=1 main::b3_l_eq_s=0 main::b4_0_eq_l=0 main::b5_1_eq_l=1 main::b3_l_eq_s=0 main::b4_0_eq_l=0 main::b5_1_eq_l=1 main::b3_l_eq_s=0 main::b4_0_eq_l=0 main::b5_1_eq_l=1 TAKEN=0
TRACE t=1 b0_s_le_2=1 b1=1 b2=1 main::b3_l_eq_s=0 main::b4_0_eq_l=0 main::b5_1_eq_l=1 main::b3_l_eq_s=0 main::b4_0_eq_l=0 main::b5_1_eq_l=1 main::b3_l_eq_s=0 main::b4_0_eq_l=0 main::b5_1_eq_l=1 
TRACE t=1 b0_s_le_2=1 b1=1 b2=1 main::b3_l_eq_s=0 main::b4_0_eq_l=0 main::b5_1_eq_l=1 main::b3_l_eq_s=0 main::b4_0_eq_l=0 main::b5_1_eq_l=1 main::b3_l_eq_s=0 main::b4_0_eq_l=0 main::b5_1_eq_l=1 
TRACE t=1 PC22 b0_s_le_2=1 b1=1 b2=1 main::b3_l_eq_s=0 main::b4_0_eq_l=0 main::b5_1_eq_l=1 main::b3_l_eq_s=0 main::b4_0_eq_l=0 main::b5_1_eq_l=1 main::b3_l_eq_s=0 main::b4_0_eq_l=0 main::b5_1_eq_l=1 

Verifying trace...
...................................
Trace feasible.
Elapsed time: 00:00:00.184864

VERIFICATION FAILED
