Parsing </Users/geri/Documents/bp-reduce/2014-03-26-23-49-04/reduced.20.bp> done.
Semantic check...  ok.
Note: Merging disabled (trace requested).
Transforming program for model-checker... done.
Configuration:
Eliminate dead variables: no (will be computed anyway)
Note: Automatic algorithm selection chose splitglobalscmc.
Renumbering statements...
Local types of: main
Strong locals: 
Weak locals: b3_l_eq_s, b4_0_eq_l, b5_1_eq_l
Life variable analysis...
Phase 1... done.
Phase 2... done.
Computing mod-ref-sets... done.
Computing read-write-sets... done.
Building BDD-program...
FIXME: in order to allow transformation into state-object we allocate more BDD variables...
Ordering BDD variables for concatenated layout...
Creating hybrid transition relations... done.
Starting counter abstraction symbolic simulation using BDDs...
(Abstract transitions are constructed on-the-fly).
Using static thread creation with 1 threads.
Variable Configuration:
Globals:
b0_s_le_2
------------------------------------11-----  1
b1
----------------------------------------11-  1
b2
--------------------------------------11---  1
------------------------------------111111-  1
Thread 0
Locals:
b3_l_eq_s$
------------------11-----------------------  1
b3_l_eq_s
------------------------------11-----------  1
b4_0_eq_l$
11-----------------------------------------  1
b4_0_eq_l
------------------------11-----------------  1
b5_1_eq_l$
------------11-----------------------------  1
b5_1_eq_l
------11-----------------------------------  1
11----11----11----11----11----11-----------  1
Thread 1
Locals:
b3_l_eq_s$
--------------------11---------------------  1
b3_l_eq_s
--------------------------------11---------  1
b4_0_eq_l$
--11---------------------------------------  1
b4_0_eq_l
--------------------------11---------------  1
b5_1_eq_l$
--------------11---------------------------  1
b5_1_eq_l
--------11---------------------------------  1
--11----11----11----11----11----11---------  1
Thread 2
Locals:
b3_l_eq_s$
----------------------11-------------------  1
b3_l_eq_s
----------------------------------11-------  1
b4_0_eq_l$
----11-------------------------------------  1
b4_0_eq_l
----------------------------11-------------  1
b5_1_eq_l$
----------------11-------------------------  1
b5_1_eq_l
----------11-------------------------------  1
----11----11----11----11----11----11-------  1
Step 0: reached states = 0, new states = 0, reached thread states = 0, new thread states = 0, peakNodeCount = 2044, reached size = 1, frontier size = 1, elapsed time: 00:00:00.001426
Step 1: reached states = 0, new states = 0, reached thread states = 0, new thread states = 0, peakNodeCount = 2044, reached size = 4, frontier size = 3, elapsed time: 00:00:00.002888
Step 2: reached states = 0, new states = 0, reached thread states = 0, new thread states = 0, peakNodeCount = 2044, reached size = 7, frontier size = 3, elapsed time: 00:00:00.003942
Step 3: reached states = 0, new states = 0, reached thread states = 0, new thread states = 0, peakNodeCount = 2044, reached size = 10, frontier size = 3, elapsed time: 00:00:00.004661
Step 4: reached states = 0, new states = 0, reached thread states = 0, new thread states = 0, peakNodeCount = 2044, reached size = 13, frontier size = 3, elapsed time: 00:00:00.005533
Step 5: reached states = 0, new states = 0, reached thread states = 0, new thread states = 0, peakNodeCount = 3066, reached size = 20, frontier size = 7, elapsed time: 00:00:00.008407
Step 6: reached states = 0, new states = 0, reached thread states = 0, new thread states = 0, peakNodeCount = 3066, reached size = 31, frontier size = 11, elapsed time: 00:00:00.011378
Step 7: reached states = 0, new states = 0, reached thread states = 0, new thread states = 0, peakNodeCount = 3066, reached size = 42, frontier size = 11, elapsed time: 00:00:00.014762
Step 8: reached states = 0, new states = 0, reached thread states = 0, new thread states = 0, peakNodeCount = 3066, reached size = 57, frontier size = 15, elapsed time: 00:00:00.023061
Step 9: reached states = 0, new states = 0, reached thread states = 0, new thread states = 0, peakNodeCount = 4088, reached size = 85, frontier size = 28, elapsed time: 00:00:00.036171
Note: Dynamic thread creation ignored due to static threads limit (ignored from now on)
Step 10: reached states = 0, new states = 0, reached thread states = 0, new thread states = 0, peakNodeCount = 4088, reached size = 125, frontier size = 40, elapsed time: 00:00:00.060100
Step 11: reached states = 0, new states = 0, reached thread states = 0, new thread states = 0, peakNodeCount = 5110, reached size = 166, frontier size = 41, elapsed time: 00:00:00.087324
Step 12: reached states = 0, new states = 0, reached thread states = 0, new thread states = 0, peakNodeCount = 5110, reached size = 225, frontier size = 59, elapsed time: 00:00:00.128787
Step 13: reached states = 0, new states = 0, reached thread states = 0, new thread states = 0, peakNodeCount = 8176, reached size = 302, frontier size = 77, elapsed time: 00:00:00.192811
Step 14: reached states = 0, new states = 0, reached thread states = 0, new thread states = 0, peakNodeCount = 10220, reached size = 416, frontier size = 114, elapsed time: 00:00:00.259537
Step 15: reached states = 0, new states = 0, reached thread states = 0, new thread states = 0, peakNodeCount = 10220, reached size = 521, frontier size = 105, elapsed time: 00:00:00.341440
Step 16: reached states = 0, new states = 0, reached thread states = 0, new thread states = 0, peakNodeCount = 13286, reached size = 661, frontier size = 140, elapsed time: 00:00:00.452282
Step 17: reached states = 0, new states = 0, reached thread states = 0, new thread states = 0, peakNodeCount = 23506, reached size = 844, frontier size = 183, elapsed time: 00:00:00.599474
Step 18: reached states = 0, new states = 0, reached thread states = 0, new thread states = 0, peakNodeCount = 33726, reached size = 1111, frontier size = 267, elapsed time: 00:00:00.808034
Step 19: reached states = 0, new states = 0, reached thread states = 0, new thread states = 0, peakNodeCount = 35770, reached size = 1453, frontier size = 342, elapsed time: 00:00:01.103884
Step 20: reached states = 0, new states = 0, reached thread states = 0, new thread states = 0, peakNodeCount = 35770, reached size = 1842, frontier size = 391, elapsed time: 00:00:01.526521
Step 21: reached states = 0, new states = 0, reached thread states = 0, new thread states = 0, peakNodeCount = 36792, reached size = 2319, frontier size = 481, elapsed time: 00:00:02.140562
Step 22: reached states = 0, new states = 0, reached thread states = 0, new thread states = 0, peakNodeCount = 38836, reached size = 2971, frontier size = 662, elapsed time: 00:00:02.896279
Step 23: reached states = 0, new states = 0, reached thread states = 0, new thread states = 0, peakNodeCount = 39858, reached size = 3681, frontier size = 723, elapsed time: 00:00:03.645473
Step 24: reached states = 0, new states = 0, reached thread states = 0, new thread states = 0, peakNodeCount = 40880, reached size = 4459, frontier size = 793, elapsed time: 00:00:04.576646
Step 25: reached states = 0, new states = 0, reached thread states = 0, new thread states = 0, peakNodeCount = 44968, reached size = 5432, frontier size = 989, elapsed time: 00:00:05.743758
Step 26: reached states = 0, new states = 0, reached thread states = 0, new thread states = 0, peakNodeCount = 44968, reached size = 6558, frontier size = 1153, elapsed time: 00:00:07.189510
Step 27: reached states = 0, new states = 0, reached thread states = 0, new thread states = 0, peakNodeCount = 48034, reached size = 7736, frontier size = 1216, elapsed time: 00:00:08.737961
Step 28: reached states = 0, new states = 0, reached thread states = 0, new thread states = 0, peakNodeCount = 48034, reached size = 8964, frontier size = 1266, elapsed time: 00:00:10.299732
Step 29: reached states = 0, new states = 0, reached thread states = 0, new thread states = 0, peakNodeCount = 50078, reached size = 10416, frontier size = 1519, elapsed time: 00:00:12.138336
Step 30: reached states = 0, new states = 0, reached thread states = 0, new thread states = 0, peakNodeCount = 50078, reached size = 12034, frontier size = 1738, elapsed time: 00:00:14.494932
Step 31: reached states = 0, new states = 0, reached thread states = 0, new thread states = 0, peakNodeCount = 50078, reached size = 13761, frontier size = 1905, elapsed time: 00:00:16.872828
Step 32: reached states = 0, new states = 0, reached thread states = 0, new thread states = 0, peakNodeCount = 51100, reached size = 15624, frontier size = 2110, elapsed time: 00:00:19.964715
Step 33: reached states = 0, new states = 0, reached thread states = 0, new thread states = 0, peakNodeCount = 51100, reached size = 17588, frontier size = 2276, elapsed time: 00:00:23.266736
Step 34: reached states = 0, new states = 0, reached thread states = 0, new thread states = 0, peakNodeCount = 51100, reached size = 19693, frontier size = 2495, elapsed time: 00:00:27.344084
Step 35: reached states = 0, new states = 0, reached thread states = 0, new thread states = 0, peakNodeCount = 51100, reached size = 21855, frontier size = 2734, elapsed time: 00:00:31.670948
Step 36: reached states = 0, new states = 0, reached thread states = 0, new thread states = 0, peakNodeCount = 52122, reached size = 23967, frontier size = 2790, elapsed time: 00:00:36.373293
Step 37: reached states = 0, new states = 0, reached thread states = 0, new thread states = 0, peakNodeCount = 52122, reached size = 26099, frontier size = 2912, elapsed time: 00:00:41.319870
Step 38: reached states = 0, new states = 0, reached thread states = 0, new thread states = 0, peakNodeCount = 52122, reached size = 28355, frontier size = 3271, elapsed time: 00:00:47.227116
Step 39: reached states = 0, new states = 0, reached thread states = 0, new thread states = 0, peakNodeCount = 52122, reached size = 30588, frontier size = 3451, elapsed time: 00:00:53.079407
Step 40: reached states = 0, new states = 0, reached thread states = 0, new thread states = 0, peakNodeCount = 53144, reached size = 32748, frontier size = 3473, elapsed time: 00:00:59.547374
Step 41: reached states = 0, new states = 0, reached thread states = 0, new thread states = 0, peakNodeCount = 53144, reached size = 35109, frontier size = 3643, elapsed time: 00:01:06.734456
Elapsed time: 00:01:06.734545
Note: Violation found; Image computation aborted.
.
Verifying trace...
.
Trace feasible.
.
Verifying trace...
..
Trace feasible.
.
Verifying trace...
...
Trace feasible.
.
Verifying trace...
....
Trace feasible.
.
Verifying trace...
.....
Trace feasible.
.
Verifying trace...
......
Trace feasible.
.
Verifying trace...
.......
Trace feasible.
.
Verifying trace...
........
Trace feasible.
.
Verifying trace...
.........
Trace feasible.
.
Verifying trace...
..........
Trace feasible.
.
Verifying trace...
...........
Trace feasible.
.
Verifying trace...
............
Trace feasible.
.
Verifying trace...
.............
Trace feasible.
.
Verifying trace...
..............
Trace feasible.
.
Verifying trace...
...............
Trace feasible.
.
Verifying trace...
................
Trace feasible.
.
Verifying trace...
.................
Trace feasible.
.
Verifying trace...
..................
Trace feasible.
.
Verifying trace...
...................
Trace feasible.
.
Verifying trace...
....................
Trace feasible.
.
Verifying trace...
.....................
Trace feasible.
.
Verifying trace...
......................
Trace feasible.
.
Verifying trace...
.......................
Trace feasible.
.
Verifying trace...
........................
Trace feasible.
.
Verifying trace...
.........................
Trace feasible.
.
Verifying trace...
..........................
Trace feasible.
.
Verifying trace...
...........................
Trace feasible.
.
Verifying trace...
............................
Trace feasible.
.
Verifying trace...
.............................
Trace feasible.
.
Verifying trace...
..............................
Trace feasible.
.
Verifying trace...
...............................
Trace feasible.
.
Verifying trace...
................................
Trace feasible.
.
Verifying trace...
.................................
Trace feasible.
.
Verifying trace...
..................................
Trace feasible.
.
Verifying trace...
...................................
Trace feasible.
.
Verifying trace...
....................................
Trace feasible.
.
Verifying trace...
.....................................
Trace feasible.
.
Verifying trace...
......................................
Trace feasible.
.
Verifying trace...
.......................................
Trace feasible.
.
Verifying trace...
........................................
Trace feasible.
**********************************************************
Trace
**********************************************************
TRACE t=0 PC1 b0_s_le_2=0 b1=0 b2=1 main::b3_l_eq_s=0 main::b4_0_eq_l=0 main::b5_1_eq_l=1 
TRACE t=0 PC2 b0_s_le_2=1 b1=0 b2=1 main::b3_l_eq_s=0 main::b4_0_eq_l=0 main::b5_1_eq_l=1 
TRACE t=0 l1 PC10 b0_s_le_2=1 b1=0 b2=0 main::b3_l_eq_s=0 main::b4_0_eq_l=0 main::b5_1_eq_l=1 
TRACE t=0 PC11 b0_s_le_2=1 b1=0 b2=0 main::b3_l_eq_s=0 main::b4_0_eq_l=0 main::b5_1_eq_l=1 
TRACE t=1 PC13 b0_s_le_2=1 b1=0 b2=0 main::b3_l_eq_s=0 main::b4_0_eq_l=0 main::b5_1_eq_l=1 main::b3_l_eq_s=0 main::b4_0_eq_l=0 main::b5_1_eq_l=1 
TRACE t=1 PC18 b0_s_le_2=1 b1=0 b2=0 main::b3_l_eq_s=0 main::b4_0_eq_l=0 main::b5_1_eq_l=1 main::b3_l_eq_s=1 main::b4_0_eq_l=0 main::b5_1_eq_l=1 TAKEN=1
TRACE t=1 b0_s_le_2=1 b1=0 b2=0 main::b3_l_eq_s=0 main::b4_0_eq_l=0 main::b5_1_eq_l=1 main::b3_l_eq_s=1 main::b4_0_eq_l=0 main::b5_1_eq_l=1 
TRACE t=1 b0_s_le_2=1 b1=0 b2=0 main::b3_l_eq_s=0 main::b4_0_eq_l=0 main::b5_1_eq_l=1 main::b3_l_eq_s=1 main::b4_0_eq_l=0 main::b5_1_eq_l=1 TAKEN=1
TRACE t=1 l2 PC23 b0_s_le_2=1 b1=0 b2=0 main::b3_l_eq_s=0 main::b4_0_eq_l=0 main::b5_1_eq_l=1 main::b3_l_eq_s=1 main::b4_0_eq_l=0 main::b5_1_eq_l=1 
TRACE t=0 l5 PC39 b0_s_le_2=1 b1=0 b2=0 main::b3_l_eq_s=0 main::b4_0_eq_l=0 main::b5_1_eq_l=1 main::b3_l_eq_s=1 main::b4_0_eq_l=0 main::b5_1_eq_l=1 TAKEN=1
TRACE t=0 l1 PC10 b0_s_le_2=1 b1=0 b2=0 main::b3_l_eq_s=0 main::b4_0_eq_l=0 main::b5_1_eq_l=1 main::b3_l_eq_s=1 main::b4_0_eq_l=0 main::b5_1_eq_l=1 
TRACE t=0 PC11 b0_s_le_2=1 b1=0 b2=0 main::b3_l_eq_s=0 main::b4_0_eq_l=0 main::b5_1_eq_l=1 main::b3_l_eq_s=1 main::b4_0_eq_l=0 main::b5_1_eq_l=1 
TRACE t=2 PC13 b0_s_le_2=1 b1=0 b2=0 main::b3_l_eq_s=0 main::b4_0_eq_l=0 main::b5_1_eq_l=1 main::b3_l_eq_s=1 main::b4_0_eq_l=0 main::b5_1_eq_l=1 main::b3_l_eq_s=0 main::b4_0_eq_l=0 main::b5_1_eq_l=1 
TRACE t=2 PC18 b0_s_le_2=1 b1=0 b2=0 main::b3_l_eq_s=0 main::b4_0_eq_l=0 main::b5_1_eq_l=1 main::b3_l_eq_s=1 main::b4_0_eq_l=0 main::b5_1_eq_l=1 main::b3_l_eq_s=0 main::b4_0_eq_l=1 main::b5_1_eq_l=0 TAKEN=1
TRACE t=2 b0_s_le_2=1 b1=0 b2=0 main::b3_l_eq_s=0 main::b4_0_eq_l=0 main::b5_1_eq_l=1 main::b3_l_eq_s=1 main::b4_0_eq_l=0 main::b5_1_eq_l=1 main::b3_l_eq_s=0 main::b4_0_eq_l=1 main::b5_1_eq_l=0 
TRACE t=2 b0_s_le_2=1 b1=0 b2=0 main::b3_l_eq_s=0 main::b4_0_eq_l=0 main::b5_1_eq_l=1 main::b3_l_eq_s=1 main::b4_0_eq_l=0 main::b5_1_eq_l=1 main::b3_l_eq_s=0 main::b4_0_eq_l=1 main::b5_1_eq_l=0 TAKEN=1
TRACE t=2 l2 PC23 b0_s_le_2=1 b1=0 b2=0 main::b3_l_eq_s=0 main::b4_0_eq_l=0 main::b5_1_eq_l=1 main::b3_l_eq_s=1 main::b4_0_eq_l=0 main::b5_1_eq_l=1 main::b3_l_eq_s=0 main::b4_0_eq_l=1 main::b5_1_eq_l=0 
TRACE t=2 PC29 b0_s_le_2=1 b1=0 b2=0 main::b3_l_eq_s=0 main::b4_0_eq_l=0 main::b5_1_eq_l=1 main::b3_l_eq_s=1 main::b4_0_eq_l=0 main::b5_1_eq_l=1 main::b3_l_eq_s=0 main::b4_0_eq_l=1 main::b5_1_eq_l=0 TAKEN=1
TRACE t=2 b0_s_le_2=1 b1=0 b2=0 main::b3_l_eq_s=0 main::b4_0_eq_l=0 main::b5_1_eq_l=1 main::b3_l_eq_s=1 main::b4_0_eq_l=0 main::b5_1_eq_l=1 main::b3_l_eq_s=0 main::b4_0_eq_l=1 main::b5_1_eq_l=0 
TRACE t=2 b0_s_le_2=1 b1=0 b2=0 main::b3_l_eq_s=0 main::b4_0_eq_l=0 main::b5_1_eq_l=1 main::b3_l_eq_s=1 main::b4_0_eq_l=0 main::b5_1_eq_l=1 main::b3_l_eq_s=0 main::b4_0_eq_l=1 main::b5_1_eq_l=0 TAKEN=1
TRACE t=2 l3 PC31 b0_s_le_2=1 b1=0 b2=0 main::b3_l_eq_s=0 main::b4_0_eq_l=0 main::b5_1_eq_l=1 main::b3_l_eq_s=1 main::b4_0_eq_l=0 main::b5_1_eq_l=1 main::b3_l_eq_s=0 main::b4_0_eq_l=1 main::b5_1_eq_l=0 
TRACE t=2 PC36 b0_s_le_2=0 b1=0 b2=0 main::b3_l_eq_s=0 main::b4_0_eq_l=0 main::b5_1_eq_l=1 main::b3_l_eq_s=0 main::b4_0_eq_l=0 main::b5_1_eq_l=1 main::b3_l_eq_s=0 main::b4_0_eq_l=1 main::b5_1_eq_l=0 
TRACE t=1 PC29 b0_s_le_2=0 b1=0 b2=1 main::b3_l_eq_s=0 main::b4_0_eq_l=0 main::b5_1_eq_l=1 main::b3_l_eq_s=0 main::b4_0_eq_l=0 main::b5_1_eq_l=1 main::b3_l_eq_s=0 main::b4_0_eq_l=1 main::b5_1_eq_l=0 TAKEN=1
TRACE t=1 b0_s_le_2=0 b1=0 b2=1 main::b3_l_eq_s=0 main::b4_0_eq_l=0 main::b5_1_eq_l=1 main::b3_l_eq_s=0 main::b4_0_eq_l=0 main::b5_1_eq_l=1 main::b3_l_eq_s=0 main::b4_0_eq_l=1 main::b5_1_eq_l=0 
TRACE t=1 b0_s_le_2=0 b1=0 b2=1 main::b3_l_eq_s=0 main::b4_0_eq_l=0 main::b5_1_eq_l=1 main::b3_l_eq_s=0 main::b4_0_eq_l=0 main::b5_1_eq_l=1 main::b3_l_eq_s=0 main::b4_0_eq_l=1 main::b5_1_eq_l=0 TAKEN=1
TRACE t=1 l3 PC31 b0_s_le_2=0 b1=0 b2=1 main::b3_l_eq_s=0 main::b4_0_eq_l=0 main::b5_1_eq_l=1 main::b3_l_eq_s=0 main::b4_0_eq_l=0 main::b5_1_eq_l=1 main::b3_l_eq_s=0 main::b4_0_eq_l=1 main::b5_1_eq_l=0 
TRACE t=1 PC36 b0_s_le_2=0 b1=0 b2=1 main::b3_l_eq_s=0 main::b4_0_eq_l=0 main::b5_1_eq_l=1 main::b3_l_eq_s=0 main::b4_0_eq_l=0 main::b5_1_eq_l=1 main::b3_l_eq_s=1 main::b4_0_eq_l=1 main::b5_1_eq_l=0 
TRACE t=1 l5 PC39 b0_s_le_2=0 b1=1 b2=1 main::b3_l_eq_s=0 main::b4_0_eq_l=0 main::b5_1_eq_l=1 main::b3_l_eq_s=0 main::b4_0_eq_l=0 main::b5_1_eq_l=1 main::b3_l_eq_s=1 main::b4_0_eq_l=1 main::b5_1_eq_l=0 TAKEN=1
TRACE t=1 l1 PC10 b0_s_le_2=0 b1=1 b2=1 main::b3_l_eq_s=0 main::b4_0_eq_l=0 main::b5_1_eq_l=1 main::b3_l_eq_s=0 main::b4_0_eq_l=0 main::b5_1_eq_l=1 main::b3_l_eq_s=1 main::b4_0_eq_l=1 main::b5_1_eq_l=0 
TRACE t=1 PC11 b0_s_le_2=0 b1=1 b2=1 main::b3_l_eq_s=0 main::b4_0_eq_l=0 main::b5_1_eq_l=1 main::b3_l_eq_s=0 main::b4_0_eq_l=0 main::b5_1_eq_l=1 main::b3_l_eq_s=1 main::b4_0_eq_l=1 main::b5_1_eq_l=0 
TRACE t=1 PC13 b0_s_le_2=0 b1=1 b2=1 main::b3_l_eq_s=0 main::b4_0_eq_l=0 main::b5_1_eq_l=1 main::b3_l_eq_s=0 main::b4_0_eq_l=0 main::b5_1_eq_l=1 main::b3_l_eq_s=1 main::b4_0_eq_l=1 main::b5_1_eq_l=0 
TRACE t=1 PC18 b0_s_le_2=0 b1=1 b2=1 main::b3_l_eq_s=0 main::b4_0_eq_l=0 main::b5_1_eq_l=1 main::b3_l_eq_s=0 main::b4_0_eq_l=1 main::b5_1_eq_l=1 main::b3_l_eq_s=1 main::b4_0_eq_l=1 main::b5_1_eq_l=0 TAKEN=0
TRACE t=1 b0_s_le_2=0 b1=1 b2=1 main::b3_l_eq_s=0 main::b4_0_eq_l=0 main::b5_1_eq_l=1 main::b3_l_eq_s=0 main::b4_0_eq_l=1 main::b5_1_eq_l=1 main::b3_l_eq_s=1 main::b4_0_eq_l=1 main::b5_1_eq_l=0 
TRACE t=1 b0_s_le_2=0 b1=1 b2=1 main::b3_l_eq_s=0 main::b4_0_eq_l=0 main::b5_1_eq_l=1 main::b3_l_eq_s=0 main::b4_0_eq_l=1 main::b5_1_eq_l=1 main::b3_l_eq_s=1 main::b4_0_eq_l=1 main::b5_1_eq_l=0 
TRACE t=1 PC19 b0_s_le_2=0 b1=1 b2=1 main::b3_l_eq_s=0 main::b4_0_eq_l=0 main::b5_1_eq_l=1 main::b3_l_eq_s=0 main::b4_0_eq_l=1 main::b5_1_eq_l=1 main::b3_l_eq_s=1 main::b4_0_eq_l=1 main::b5_1_eq_l=0 TAKEN=0
TRACE t=1 b0_s_le_2=0 b1=1 b2=1 main::b3_l_eq_s=0 main::b4_0_eq_l=0 main::b5_1_eq_l=1 main::b3_l_eq_s=0 main::b4_0_eq_l=1 main::b5_1_eq_l=1 main::b3_l_eq_s=1 main::b4_0_eq_l=1 main::b5_1_eq_l=0 
TRACE t=1 b0_s_le_2=0 b1=1 b2=1 main::b3_l_eq_s=0 main::b4_0_eq_l=0 main::b5_1_eq_l=1 main::b3_l_eq_s=0 main::b4_0_eq_l=1 main::b5_1_eq_l=1 main::b3_l_eq_s=1 main::b4_0_eq_l=1 main::b5_1_eq_l=0 
TRACE t=1 PC21 b0_s_le_2=0 b1=1 b2=1 main::b3_l_eq_s=0 main::b4_0_eq_l=0 main::b5_1_eq_l=1 main::b3_l_eq_s=0 main::b4_0_eq_l=1 main::b5_1_eq_l=1 main::b3_l_eq_s=1 main::b4_0_eq_l=1 main::b5_1_eq_l=0 TAKEN=0
TRACE t=1 b0_s_le_2=0 b1=1 b2=1 main::b3_l_eq_s=0 main::b4_0_eq_l=0 main::b5_1_eq_l=1 main::b3_l_eq_s=0 main::b4_0_eq_l=1 main::b5_1_eq_l=1 main::b3_l_eq_s=1 main::b4_0_eq_l=1 main::b5_1_eq_l=0 
TRACE t=1 b0_s_le_2=0 b1=1 b2=1 main::b3_l_eq_s=0 main::b4_0_eq_l=0 main::b5_1_eq_l=1 main::b3_l_eq_s=0 main::b4_0_eq_l=1 main::b5_1_eq_l=1 main::b3_l_eq_s=1 main::b4_0_eq_l=1 main::b5_1_eq_l=0 
TRACE t=1 PC22 b0_s_le_2=0 b1=1 b2=1 main::b3_l_eq_s=0 main::b4_0_eq_l=0 main::b5_1_eq_l=1 main::b3_l_eq_s=0 main::b4_0_eq_l=1 main::b5_1_eq_l=1 main::b3_l_eq_s=1 main::b4_0_eq_l=1 main::b5_1_eq_l=0 

Verifying trace...
........................................
Trace feasible.
Elapsed time: 00:01:08.099520

VERIFICATION FAILED
