Parsing </Users/geri/Documents/bp-reduce/2014-03-26-23-49-04/reduced.256.bp> done.
Semantic check...  ok.
Note: Merging disabled (trace requested).
Transforming program for model-checker... done.
Configuration:
Eliminate dead variables: no (will be computed anyway)
Note: Automatic algorithm selection chose splitglobalscmc.
Renumbering statements...
Local types of: main
Strong locals: b4_0_eq_l, b5_1_eq_l
Weak locals: b3_l_eq_s
Life variable analysis...
Phase 1... done.
Phase 2... done.
Computing mod-ref-sets... done.
Computing read-write-sets... done.
Building BDD-program...
FIXME: in order to allow transformation into state-object we allocate more BDD variables...
Ordering BDD variables for concatenated layout...
Creating hybrid transition relations...Note: end_thread is treated as goto end
 done.
Starting counter abstraction symbolic simulation using BDDs...
(Abstract transitions are constructed on-the-fly).
Using static thread creation with 1 threads.
Variable Configuration:
Globals:
b0_s_le_2
11----------------------------------------  1
b1
--------------------------11--------------  1
b2
----------------------------11------------  1
11------------------------1111------------  1
Thread 0
Locals:
b3_l_eq_s$
--------------------11--------------------  1
b3_l_eq_s
--------------11--------------------------  1
b4_0_eq_l$
------------------------------11----------  1
b4_0_eq_l
--11--------------------------------------  1
b5_1_eq_l$
------------------------------------11----  1
b5_1_eq_l
--------11--------------------------------  1
--11----11----11----11--------11----11----  1
Thread 1
Locals:
b3_l_eq_s$
----------------------11------------------  1
b3_l_eq_s
----------------11------------------------  1
b4_0_eq_l$
--------------------------------11--------  1
b4_0_eq_l
----11------------------------------------  1
b5_1_eq_l$
--------------------------------------11--  1
b5_1_eq_l
----------11------------------------------  1
----11----11----11----11--------11----11--  1
Thread 2
Locals:
b3_l_eq_s$
------------------------11----------------  1
b3_l_eq_s
------------------11----------------------  1
b4_0_eq_l$
----------------------------------11------  1
b4_0_eq_l
------11----------------------------------  1
b5_1_eq_l$
----------------------------------------11  1
b5_1_eq_l
------------11----------------------------  1
------11----11----11----11--------11----11  1
Step 0: reached states = 0, new states = 0, reached thread states = 0, new thread states = 0, peakNodeCount = 1022, reached size = 1, frontier size = 1, elapsed time: 00:00:00.000896
Step 1: reached states = 0, new states = 0, reached thread states = 0, new thread states = 0, peakNodeCount = 2044, reached size = 4, frontier size = 3, elapsed time: 00:00:00.002027
Step 2: reached states = 0, new states = 0, reached thread states = 0, new thread states = 0, peakNodeCount = 2044, reached size = 7, frontier size = 3, elapsed time: 00:00:00.002825
Step 3: reached states = 0, new states = 0, reached thread states = 0, new thread states = 0, peakNodeCount = 2044, reached size = 10, frontier size = 3, elapsed time: 00:00:00.003461
Step 4: reached states = 0, new states = 0, reached thread states = 0, new thread states = 0, peakNodeCount = 2044, reached size = 13, frontier size = 3, elapsed time: 00:00:00.004164
Step 5: reached states = 0, new states = 0, reached thread states = 0, new thread states = 0, peakNodeCount = 2044, reached size = 16, frontier size = 3, elapsed time: 00:00:00.004941
Step 6: reached states = 0, new states = 0, reached thread states = 0, new thread states = 0, peakNodeCount = 2044, reached size = 19, frontier size = 3, elapsed time: 00:00:00.005619
Step 7: reached states = 0, new states = 0, reached thread states = 0, new thread states = 0, peakNodeCount = 2044, reached size = 22, frontier size = 3, elapsed time: 00:00:00.006330
Step 8: reached states = 0, new states = 0, reached thread states = 0, new thread states = 0, peakNodeCount = 2044, reached size = 25, frontier size = 3, elapsed time: 00:00:00.007060
Step 9: reached states = 0, new states = 0, reached thread states = 0, new thread states = 0, peakNodeCount = 2044, reached size = 28, frontier size = 3, elapsed time: 00:00:00.007748
Note: Dynamic thread creation ignored due to static threads limit (ignored from now on)
Step 10: reached states = 0, new states = 0, reached thread states = 0, new thread states = 0, peakNodeCount = 2044, reached size = 31, frontier size = 3, elapsed time: 00:00:00.008406
Step 11: reached states = 0, new states = 0, reached thread states = 0, new thread states = 0, peakNodeCount = 2044, reached size = 40, frontier size = 9, elapsed time: 00:00:00.010955
Step 12: reached states = 0, new states = 0, reached thread states = 0, new thread states = 0, peakNodeCount = 2044, reached size = 49, frontier size = 9, elapsed time: 00:00:00.013831
Step 13: reached states = 0, new states = 0, reached thread states = 0, new thread states = 0, peakNodeCount = 2044, reached size = 58, frontier size = 9, elapsed time: 00:00:00.016601
Step 14: reached states = 0, new states = 0, reached thread states = 0, new thread states = 0, peakNodeCount = 2044, reached size = 67, frontier size = 9, elapsed time: 00:00:00.019264
Step 15: reached states = 0, new states = 0, reached thread states = 0, new thread states = 0, peakNodeCount = 2044, reached size = 88, frontier size = 21, elapsed time: 00:00:00.027756
Step 16: reached states = 0, new states = 0, reached thread states = 0, new thread states = 0, peakNodeCount = 2044, reached size = 109, frontier size = 21, elapsed time: 00:00:00.035524
Step 17: reached states = 0, new states = 0, reached thread states = 0, new thread states = 0, peakNodeCount = 2044, reached size = 130, frontier size = 21, elapsed time: 00:00:00.043165
Step 18: reached states = 0, new states = 0, reached thread states = 0, new thread states = 0, peakNodeCount = 2044, reached size = 151, frontier size = 21, elapsed time: 00:00:00.049324
Step 19: reached states = 0, new states = 0, reached thread states = 0, new thread states = 0, peakNodeCount = 3066, reached size = 188, frontier size = 37, elapsed time: 00:00:00.068603
Step 20: reached states = 0, new states = 0, reached thread states = 0, new thread states = 0, peakNodeCount = 3066, reached size = 225, frontier size = 37, elapsed time: 00:00:00.082748
Step 21: reached states = 0, new states = 0, reached thread states = 0, new thread states = 0, peakNodeCount = 3066, reached size = 262, frontier size = 37, elapsed time: 00:00:00.102056
Step 22: reached states = 0, new states = 0, reached thread states = 0, new thread states = 0, peakNodeCount = 3066, reached size = 285, frontier size = 23, elapsed time: 00:00:00.116019
Step 23: reached states = 0, new states = 0, reached thread states = 0, new thread states = 0, peakNodeCount = 5110, reached size = 318, frontier size = 33, elapsed time: 00:00:00.135497
Step 24: reached states = 0, new states = 0, reached thread states = 0, new thread states = 0, peakNodeCount = 5110, reached size = 363, frontier size = 45, elapsed time: 00:00:00.153457
Step 25: reached states = 0, new states = 0, reached thread states = 0, new thread states = 0, peakNodeCount = 5110, reached size = 408, frontier size = 45, elapsed time: 00:00:00.170079
Step 26: reached states = 0, new states = 0, reached thread states = 0, new thread states = 0, peakNodeCount = 5110, reached size = 451, frontier size = 43, elapsed time: 00:00:00.186760
Step 27: reached states = 0, new states = 0, reached thread states = 0, new thread states = 0, peakNodeCount = 7154, reached size = 493, frontier size = 42, elapsed time: 00:00:00.213750
Step 28: reached states = 0, new states = 0, reached thread states = 0, new thread states = 0, peakNodeCount = 8176, reached size = 557, frontier size = 64, elapsed time: 00:00:00.244770
Step 29: reached states = 0, new states = 0, reached thread states = 0, new thread states = 0, peakNodeCount = 8176, reached size = 601, frontier size = 44, elapsed time: 00:00:00.264045
Step 30: reached states = 0, new states = 0, reached thread states = 0, new thread states = 0, peakNodeCount = 10220, reached size = 644, frontier size = 43, elapsed time: 00:00:00.285612
Step 31: reached states = 0, new states = 0, reached thread states = 0, new thread states = 0, peakNodeCount = 10220, reached size = 675, frontier size = 31, elapsed time: 00:00:00.304399
Step 32: reached states = 0, new states = 0, reached thread states = 0, new thread states = 0, peakNodeCount = 11242, reached size = 713, frontier size = 38, elapsed time: 00:00:00.318830
Step 33: reached states = 0, new states = 0, reached thread states = 0, new thread states = 0, peakNodeCount = 11242, reached size = 746, frontier size = 33, elapsed time: 00:00:00.331831
Step 34: reached states = 0, new states = 0, reached thread states = 0, new thread states = 0, peakNodeCount = 12264, reached size = 773, frontier size = 27, elapsed time: 00:00:00.343662
Step 35: reached states = 0, new states = 0, reached thread states = 0, new thread states = 0, peakNodeCount = 12264, reached size = 800, frontier size = 27, elapsed time: 00:00:00.354181
Step 36: reached states = 0, new states = 0, reached thread states = 0, new thread states = 0, peakNodeCount = 13286, reached size = 824, frontier size = 24, elapsed time: 00:00:00.365179
Step 37: reached states = 0, new states = 0, reached thread states = 0, new thread states = 0, peakNodeCount = 13286, reached size = 845, frontier size = 21, elapsed time: 00:00:00.372834
Step 38: reached states = 0, new states = 0, reached thread states = 0, new thread states = 0, peakNodeCount = 13286, reached size = 864, frontier size = 19, elapsed time: 00:00:00.382604
Step 39: reached states = 0, new states = 0, reached thread states = 0, new thread states = 0, peakNodeCount = 14308, reached size = 877, frontier size = 13, elapsed time: 00:00:00.388946
Step 40: reached states = 0, new states = 0, reached thread states = 0, new thread states = 0, peakNodeCount = 14308, reached size = 887, frontier size = 10, elapsed time: 00:00:00.394145
Step 41: reached states = 0, new states = 0, reached thread states = 0, new thread states = 0, peakNodeCount = 14308, reached size = 892, frontier size = 5, elapsed time: 00:00:00.397126
Step 42: reached states = 0, new states = 0, reached thread states = 0, new thread states = 0, peakNodeCount = 14308, reached size = 897, frontier size = 5, elapsed time: 00:00:00.398304
Step 43: reached states = 0, new states = 0, reached thread states = 0, new thread states = 0, peakNodeCount = 14308, reached size = 902, frontier size = 5, elapsed time: 00:00:00.399403
Step 44: reached states = 0, new states = 0, reached thread states = 0, new thread states = 0, peakNodeCount = 14308, reached size = 902, frontier size = 0, elapsed time: 00:00:00.399484
Elapsed time: 00:00:00.399518
Elapsed time: 00:00:00.399548

VERIFICATION SUCCESSFUL
