Parsing </Users/geri/Documents/bp-reduce/2014-03-26-23-49-04/reduced.157.bp> done.
Semantic check...  ok.
Note: Merging disabled (trace requested).
Transforming program for model-checker... done.
Configuration:
Eliminate dead variables: no (will be computed anyway)
Note: Automatic algorithm selection chose splitglobalscmc.
Renumbering statements...
Local types of: main
Strong locals: 
Weak locals: b3_l_eq_s, b4_0_eq_l, b5_1_eq_l
Life variable analysis...
Phase 1... done.
Phase 2... done.
Computing mod-ref-sets... done.
Computing read-write-sets... done.
Building BDD-program...
FIXME: in order to allow transformation into state-object we allocate more BDD variables...
Ordering BDD variables for concatenated layout...
Creating hybrid transition relations...Note: end_thread is treated as goto end
 done.
Starting counter abstraction symbolic simulation using BDDs...
(Abstract transitions are constructed on-the-fly).
Using static thread creation with 1 threads.
Variable Configuration:
Globals:
b0_s_le_2
------------------------------------11-----  1
b1
----------------------------------------11-  1
b2
--------------------------------------11---  1
------------------------------------111111-  1
Thread 0
Locals:
b3_l_eq_s$
------------------------11-----------------  1
b3_l_eq_s
------------------------------11-----------  1
b4_0_eq_l$
------------------11-----------------------  1
b4_0_eq_l
11-----------------------------------------  1
b5_1_eq_l$
------------11-----------------------------  1
b5_1_eq_l
------11-----------------------------------  1
11----11----11----11----11----11-----------  1
Thread 1
Locals:
b3_l_eq_s$
--------------------------11---------------  1
b3_l_eq_s
--------------------------------11---------  1
b4_0_eq_l$
--------------------11---------------------  1
b4_0_eq_l
--11---------------------------------------  1
b5_1_eq_l$
--------------11---------------------------  1
b5_1_eq_l
--------11---------------------------------  1
--11----11----11----11----11----11---------  1
Thread 2
Locals:
b3_l_eq_s$
----------------------------11-------------  1
b3_l_eq_s
----------------------------------11-------  1
b4_0_eq_l$
----------------------11-------------------  1
b4_0_eq_l
----11-------------------------------------  1
b5_1_eq_l$
----------------11-------------------------  1
b5_1_eq_l
----------11-------------------------------  1
----11----11----11----11----11----11-------  1
Step 0: reached states = 0, new states = 0, reached thread states = 0, new thread states = 0, peakNodeCount = 2044, reached size = 1, frontier size = 1, elapsed time: 00:00:00.000848
Step 1: reached states = 0, new states = 0, reached thread states = 0, new thread states = 0, peakNodeCount = 2044, reached size = 4, frontier size = 3, elapsed time: 00:00:00.001707
Step 2: reached states = 0, new states = 0, reached thread states = 0, new thread states = 0, peakNodeCount = 2044, reached size = 7, frontier size = 3, elapsed time: 00:00:00.002388
Step 3: reached states = 0, new states = 0, reached thread states = 0, new thread states = 0, peakNodeCount = 2044, reached size = 10, frontier size = 3, elapsed time: 00:00:00.002965
Step 4: reached states = 0, new states = 0, reached thread states = 0, new thread states = 0, peakNodeCount = 2044, reached size = 13, frontier size = 3, elapsed time: 00:00:00.003627
Step 5: reached states = 0, new states = 0, reached thread states = 0, new thread states = 0, peakNodeCount = 2044, reached size = 16, frontier size = 3, elapsed time: 00:00:00.004372
Step 6: reached states = 0, new states = 0, reached thread states = 0, new thread states = 0, peakNodeCount = 2044, reached size = 19, frontier size = 3, elapsed time: 00:00:00.005057
Step 7: reached states = 0, new states = 0, reached thread states = 0, new thread states = 0, peakNodeCount = 2044, reached size = 22, frontier size = 3, elapsed time: 00:00:00.005806
Step 8: reached states = 0, new states = 0, reached thread states = 0, new thread states = 0, peakNodeCount = 2044, reached size = 25, frontier size = 3, elapsed time: 00:00:00.006552
Step 9: reached states = 0, new states = 0, reached thread states = 0, new thread states = 0, peakNodeCount = 2044, reached size = 28, frontier size = 3, elapsed time: 00:00:00.007265
Note: Dynamic thread creation ignored due to static threads limit (ignored from now on)
Step 10: reached states = 0, new states = 0, reached thread states = 0, new thread states = 0, peakNodeCount = 2044, reached size = 31, frontier size = 3, elapsed time: 00:00:00.007937
Step 11: reached states = 0, new states = 0, reached thread states = 0, new thread states = 0, peakNodeCount = 2044, reached size = 40, frontier size = 9, elapsed time: 00:00:00.010530
Step 12: reached states = 0, new states = 0, reached thread states = 0, new thread states = 0, peakNodeCount = 2044, reached size = 61, frontier size = 21, elapsed time: 00:00:00.017305
Step 13: reached states = 0, new states = 0, reached thread states = 0, new thread states = 0, peakNodeCount = 2044, reached size = 87, frontier size = 26, elapsed time: 00:00:00.030436
Step 14: reached states = 0, new states = 0, reached thread states = 0, new thread states = 0, peakNodeCount = 2044, reached size = 115, frontier size = 28, elapsed time: 00:00:00.040285
Step 15: reached states = 0, new states = 0, reached thread states = 0, new thread states = 0, peakNodeCount = 2044, reached size = 143, frontier size = 28, elapsed time: 00:00:00.049990
Step 16: reached states = 0, new states = 0, reached thread states = 0, new thread states = 0, peakNodeCount = 2044, reached size = 177, frontier size = 34, elapsed time: 00:00:00.063934
Step 17: reached states = 0, new states = 0, reached thread states = 0, new thread states = 0, peakNodeCount = 2044, reached size = 229, frontier size = 52, elapsed time: 00:00:00.083888
Step 18: reached states = 0, new states = 0, reached thread states = 0, new thread states = 0, peakNodeCount = 2044, reached size = 290, frontier size = 61, elapsed time: 00:00:00.105763
Step 19: reached states = 0, new states = 0, reached thread states = 0, new thread states = 0, peakNodeCount = 7154, reached size = 350, frontier size = 60, elapsed time: 00:00:00.140907
Step 20: reached states = 0, new states = 0, reached thread states = 0, new thread states = 0, peakNodeCount = 19418, reached size = 457, frontier size = 107, elapsed time: 00:00:00.256022
Step 21: reached states = 0, new states = 0, reached thread states = 0, new thread states = 0, peakNodeCount = 32704, reached size = 678, frontier size = 221, elapsed time: 00:00:00.441762
Step 22: reached states = 0, new states = 0, reached thread states = 0, new thread states = 0, peakNodeCount = 45990, reached size = 963, frontier size = 285, elapsed time: 00:00:00.683329
Step 23: reached states = 0, new states = 0, reached thread states = 0, new thread states = 0, peakNodeCount = 45990, reached size = 1254, frontier size = 291, elapsed time: 00:00:00.924258
Step 24: reached states = 0, new states = 0, reached thread states = 0, new thread states = 0, peakNodeCount = 45990, reached size = 1548, frontier size = 294, elapsed time: 00:00:01.275091
Step 25: reached states = 0, new states = 0, reached thread states = 0, new thread states = 0, peakNodeCount = 45990, reached size = 1931, frontier size = 383, elapsed time: 00:00:01.633822
Step 26: reached states = 0, new states = 0, reached thread states = 0, new thread states = 0, peakNodeCount = 45990, reached size = 2358, frontier size = 427, elapsed time: 00:00:02.014214
Step 27: reached states = 0, new states = 0, reached thread states = 0, new thread states = 0, peakNodeCount = 51100, reached size = 2741, frontier size = 383, elapsed time: 00:00:02.407039
Step 28: reached states = 0, new states = 0, reached thread states = 0, new thread states = 0, peakNodeCount = 53144, reached size = 3288, frontier size = 547, elapsed time: 00:00:02.903954
Step 29: reached states = 0, new states = 0, reached thread states = 0, new thread states = 0, peakNodeCount = 53144, reached size = 3878, frontier size = 590, elapsed time: 00:00:03.518224
Step 30: reached states = 0, new states = 0, reached thread states = 0, new thread states = 0, peakNodeCount = 53144, reached size = 4456, frontier size = 578, elapsed time: 00:00:04.254410
Step 31: reached states = 0, new states = 0, reached thread states = 0, new thread states = 0, peakNodeCount = 53144, reached size = 4985, frontier size = 529, elapsed time: 00:00:04.849389
Step 32: reached states = 0, new states = 0, reached thread states = 0, new thread states = 0, peakNodeCount = 53144, reached size = 5575, frontier size = 590, elapsed time: 00:00:05.478064
Step 33: reached states = 0, new states = 0, reached thread states = 0, new thread states = 0, peakNodeCount = 53144, reached size = 6168, frontier size = 593, elapsed time: 00:00:06.004286
Step 34: reached states = 0, new states = 0, reached thread states = 0, new thread states = 0, peakNodeCount = 53144, reached size = 6697, frontier size = 529, elapsed time: 00:00:06.649326
Step 35: reached states = 0, new states = 0, reached thread states = 0, new thread states = 0, peakNodeCount = 53144, reached size = 7240, frontier size = 543, elapsed time: 00:00:07.288009
Step 36: reached states = 0, new states = 0, reached thread states = 0, new thread states = 0, peakNodeCount = 53144, reached size = 7870, frontier size = 630, elapsed time: 00:00:07.930233
Step 37: reached states = 0, new states = 0, reached thread states = 0, new thread states = 0, peakNodeCount = 54166, reached size = 8391, frontier size = 521, elapsed time: 00:00:08.549833
Step 38: reached states = 0, new states = 0, reached thread states = 0, new thread states = 0, peakNodeCount = 55188, reached size = 8706, frontier size = 317, elapsed time: 00:00:09.070669
Step 39: reached states = 0, new states = 0, reached thread states = 0, new thread states = 0, peakNodeCount = 55188, reached size = 8965, frontier size = 265, elapsed time: 00:00:09.395129
Step 40: reached states = 0, new states = 0, reached thread states = 0, new thread states = 0, peakNodeCount = 55188, reached size = 9166, frontier size = 203, elapsed time: 00:00:09.722800
Step 41: reached states = 0, new states = 0, reached thread states = 0, new thread states = 0, peakNodeCount = 58254, reached size = 9320, frontier size = 156, elapsed time: 00:00:09.895270
Step 42: reached states = 0, new states = 0, reached thread states = 0, new thread states = 0, peakNodeCount = 60298, reached size = 9471, frontier size = 153, elapsed time: 00:00:10.040040
Step 43: reached states = 0, new states = 0, reached thread states = 0, new thread states = 0, peakNodeCount = 60298, reached size = 9471, frontier size = 0, elapsed time: 00:00:10.040403
Elapsed time: 00:00:10.040440
Note: Violation found (in the last reachable state).
.
Verifying trace...
.
Trace feasible.
.
Verifying trace...
..
Trace feasible.
.
Verifying trace...
...
Trace feasible.
.
Verifying trace...
....
Trace feasible.
.
Verifying trace...
.....
Trace feasible.
.
Verifying trace...
......
Trace feasible.
.
Verifying trace...
.......
Trace feasible.
.
Verifying trace...
........
Trace feasible.
.
Verifying trace...
.........
Trace feasible.
.
Verifying trace...
..........
Trace feasible.
.
Verifying trace...
...........
Trace feasible.
.
Verifying trace...
............
Trace feasible.
.
Verifying trace...
.............
Trace feasible.
.
Verifying trace...
..............
Trace feasible.
.
Verifying trace...
...............
Trace feasible.
.
Verifying trace...
................
Trace feasible.
.
Verifying trace...
.................
Trace feasible.
.
Verifying trace...
..................
Trace feasible.
.
Verifying trace...
...................
Trace feasible.
.
Verifying trace...
....................
Trace feasible.
.
Verifying trace...
.....................
Trace feasible.
.
Verifying trace...
......................
Trace feasible.
.
Verifying trace...
.......................
Trace feasible.
.current state:
GLOBAL b0_s_le_2 = 0
GLOBAL b1 = 0
GLOBAL b2 = 0

THREAD 1 (inactive)
THREAD 2 (inactive)
LOCAL pc = 4
LOCAL b3_l_eq_s$ = -
LOCAL b3_l_eq_s = 0
LOCAL b4_0_eq_l$ = -
LOCAL b4_0_eq_l = 0
LOCAL b5_1_eq_l$ = -
LOCAL b5_1_eq_l = 1

THREAD 0 (active)
LOCAL pc = 31
LOCAL b3_l_eq_s$ = -
LOCAL b3_l_eq_s = -
LOCAL b4_0_eq_l$ = -
LOCAL b4_0_eq_l = 1
LOCAL b5_1_eq_l$ = -
LOCAL b5_1_eq_l = -


next state:
GLOBAL b0_s_le_2 = 1
GLOBAL b1 = 0
GLOBAL b2 = 0

THREAD 2 (inactive)
LOCAL pc = 4
LOCAL b3_l_eq_s$ = -
LOCAL b3_l_eq_s = 1
LOCAL b4_0_eq_l$ = -
LOCAL b4_0_eq_l = 0
LOCAL b5_1_eq_l$ = -
LOCAL b5_1_eq_l = 1

THREAD 1 (inactive)
LOCAL pc = 4
LOCAL b3_l_eq_s$ = -
LOCAL b3_l_eq_s = 0
LOCAL b4_0_eq_l$ = -
LOCAL b4_0_eq_l = 0
LOCAL b5_1_eq_l$ = -
LOCAL b5_1_eq_l = 1

THREAD 0 (active)
LOCAL pc = 32
LOCAL b3_l_eq_s$ = -
LOCAL b3_l_eq_s = 0
LOCAL b4_0_eq_l$ = -
LOCAL b4_0_eq_l = 1
LOCAL b5_1_eq_l$ = -
LOCAL b5_1_eq_l = 0


ecurr state:
[STATE] (31:4:4)

globals:
GLOBAL b0_s_le_2 = 0
GLOBAL b1 = 0
GLOBAL b2 = 0
LOCAL THREAD 0 pc = 31
LOCAL THREAD 0 b3_l_eq_s$ = -
LOCAL THREAD 0 b3_l_eq_s = -
LOCAL THREAD 0 b4_0_eq_l$ = -
LOCAL THREAD 0 b4_0_eq_l = 1
LOCAL THREAD 0 b5_1_eq_l$ = -
LOCAL THREAD 0 b5_1_eq_l = -
LOCAL THREAD 1 pc = 4
LOCAL THREAD 1 b3_l_eq_s$ = -
LOCAL THREAD 1 b3_l_eq_s = 0
LOCAL THREAD 1 b4_0_eq_l$ = -
LOCAL THREAD 1 b4_0_eq_l = 0
LOCAL THREAD 1 b5_1_eq_l$ = -
LOCAL THREAD 1 b5_1_eq_l = 1
LOCAL THREAD 2 pc = 4
LOCAL THREAD 2 b3_l_eq_s$ = -
LOCAL THREAD 2 b3_l_eq_s = 0
LOCAL THREAD 2 b4_0_eq_l$ = -
LOCAL THREAD 2 b4_0_eq_l = 0
LOCAL THREAD 2 b5_1_eq_l$ = -
LOCAL THREAD 2 b5_1_eq_l = 1
1-0-0---1-1---------------------0-0-0-0-0--


ecurr vars:

1-0-0---1-1---------------------0-0-0-0-0--  1
wp:

1-0-0-0-1-1-------------------1-1-0-0-0-0--  1
executing_thread of next state: 1
executed stmt:
31: [ASSIGN] (, next=32, #constraints=7)
Assertion failed: (ecurr->_vars != getVarManager().getManager().bddZero()), function reduce_left_by_right, file /Users/geri/Dropbox/boom-svn/src/Bdd/Concurrent/CounterSplitGlobalsState.cpp, line 1593.
